Using pre-set license
Built from '2022.3/staging' branch; Version is '2022.3.4f1 (35713cd46cd7) revision 3502396'; Using compiler version '192829333'; Build Type 'Release'
OS: 'Windows 10  (10.0.19045) 64bit Professional' Language: 'es' Physical Memory: 16197 MB
BatchMode: 1, IsHumanControllingUs: 0, StartBugReporterOnCrash: 0, Is64bit: 1, IsPro: 1

COMMAND LINE ARGUMENTS:
C:\Program Files\Unity 2022.3.4f1\Editor\Unity.exe
-adb2
-batchMode
-noUpm
-name
AssetImportWorker4
-projectPath
E:/WORKSPACE/git/Tfg_Doom2punto5/Unity/TFG
-logFile
Logs/AssetImportWorker4.log
-srvPort
60191
Successfully changed project path to: E:/WORKSPACE/git/Tfg_Doom2punto5/Unity/TFG
E:/WORKSPACE/git/Tfg_Doom2punto5/Unity/TFG
[UnityMemory] Configuration Parameters - Can be set up in boot.config
    "memorysetup-bucket-allocator-granularity=16"
    "memorysetup-bucket-allocator-bucket-count=8"
    "memorysetup-bucket-allocator-block-size=33554432"
    "memorysetup-bucket-allocator-block-count=8"
    "memorysetup-main-allocator-block-size=16777216"
    "memorysetup-thread-allocator-block-size=16777216"
    "memorysetup-gfx-main-allocator-block-size=16777216"
    "memorysetup-gfx-thread-allocator-block-size=16777216"
    "memorysetup-cache-allocator-block-size=4194304"
    "memorysetup-typetree-allocator-block-size=2097152"
    "memorysetup-profiler-bucket-allocator-granularity=16"
    "memorysetup-profiler-bucket-allocator-bucket-count=8"
    "memorysetup-profiler-bucket-allocator-block-size=33554432"
    "memorysetup-profiler-bucket-allocator-block-count=8"
    "memorysetup-profiler-allocator-block-size=16777216"
    "memorysetup-profiler-editor-allocator-block-size=1048576"
    "memorysetup-temp-allocator-size-main=16777216"
    "memorysetup-job-temp-allocator-block-size=2097152"
    "memorysetup-job-temp-allocator-block-size-background=1048576"
    "memorysetup-job-temp-allocator-reduction-small-platforms=262144"
    "memorysetup-allocator-temp-initial-block-size-main=262144"
    "memorysetup-allocator-temp-initial-block-size-worker=262144"
    "memorysetup-temp-allocator-size-background-worker=32768"
    "memorysetup-temp-allocator-size-job-worker=262144"
    "memorysetup-temp-allocator-size-preload-manager=33554432"
    "memorysetup-temp-allocator-size-nav-mesh-worker=65536"
    "memorysetup-temp-allocator-size-audio-worker=65536"
    "memorysetup-temp-allocator-size-cloud-worker=32768"
    "memorysetup-temp-allocator-size-gi-baking-worker=262144"
    "memorysetup-temp-allocator-size-gfx=262144"
Player connection [20832] Host "[IP] 192.168.1.137 [Port] 0 [Flags] 2 [Guid] 1519925076 [EditorId] 1519925076 [Version] 1048832 [Id] WindowsEditor(7,DESKTOP-8M6VI5E) [Debug] 1 [PackageName] WindowsEditor [ProjectName] Editor" joined multi-casting on [225.0.0.222:54997]...

Player connection [20832] Host "[IP] 192.168.1.137 [Port] 0 [Flags] 2 [Guid] 1519925076 [EditorId] 1519925076 [Version] 1048832 [Id] WindowsEditor(7,DESKTOP-8M6VI5E) [Debug] 1 [PackageName] WindowsEditor [ProjectName] Editor" joined alternative multi-casting on [225.0.0.222:34997]...

Refreshing native plugins compatible for Editor in 8.99 ms, found 4 plugins.
Preloading 0 native plugins for Editor in 0.00 ms.
Initialize engine version: 2022.3.4f1 (35713cd46cd7)
[Subsystems] Discovering subsystems at path C:/Program Files/Unity 2022.3.4f1/Editor/Data/Resources/UnitySubsystems
[Subsystems] Discovering subsystems at path E:/WORKSPACE/git/Tfg_Doom2punto5/Unity/TFG/Assets
GfxDevice: creating device client; threaded=0; jobified=0
Direct3D:
    Version:  Direct3D 11.0 [level 11.1]
    Renderer: NVIDIA GeForce RTX 3070 (ID=0x2488)
    Vendor:   NVIDIA
    VRAM:     8031 MB
    Driver:   31.0.15.3742
Initialize mono
Mono path[0] = 'C:/Program Files/Unity 2022.3.4f1/Editor/Data/Managed'
Mono path[1] = 'C:/Program Files/Unity 2022.3.4f1/Editor/Data/MonoBleedingEdge/lib/mono/unityjit-win32'
Mono config path = 'C:/Program Files/Unity 2022.3.4f1/Editor/Data/MonoBleedingEdge/etc'
Using monoOptions --debugger-agent=transport=dt_socket,embedding=1,server=y,suspend=n,address=127.0.0.1:56608
Begin MonoManager ReloadAssembly
Registering precompiled unity dll's ...
Register platform support module: C:/Program Files/Unity 2022.3.4f1/Editor/Data/PlaybackEngines/WindowsStandaloneSupport/UnityEditor.WindowsStandalone.Extensions.dll
Registered in 0.006285 seconds.
- Loaded All Assemblies, in  0.385 seconds
Native extension for WindowsStandalone target not found
Mono: successfully reloaded assembly
- Finished resetting the current domain, in  0.318 seconds
Domain Reload Profiling: 701ms
	BeginReloadAssembly (102ms)
		ExecutionOrderSort (0ms)
		DisableScriptedObjects (0ms)
		BackupInstance (0ms)
		ReleaseScriptingObjects (0ms)
		CreateAndSetChildDomain (1ms)
	RebuildCommonClasses (39ms)
	RebuildNativeTypeToScriptingClass (14ms)
	initialDomainReloadingComplete (66ms)
	LoadAllAssembliesAndSetupDomain (161ms)
		LoadAssemblies (100ms)
		RebuildTransferFunctionScriptingTraits (0ms)
		AnalyzeDomain (153ms)
			TypeCache.Refresh (152ms)
				TypeCache.ScanAssembly (138ms)
			ScanForSourceGeneratedMonoScriptInfo (1ms)
			ResolveRequiredComponents (1ms)
	FinalizeReload (318ms)
		ReleaseScriptCaches (0ms)
		RebuildScriptCaches (0ms)
		SetupLoadedEditorAssemblies (249ms)
			LogAssemblyErrors (0ms)
			InitializePlatformSupportModulesInManaged (11ms)
			SetLoadedEditorAssemblies (9ms)
			RefreshPlugins (0ms)
			BeforeProcessingInitializeOnLoad (2ms)
			ProcessInitializeOnLoadAttributes (168ms)
			ProcessInitializeOnLoadMethodAttributes (59ms)
			AfterProcessingInitializeOnLoad (0ms)
			EditorAssembliesLoaded (0ms)
		ExecutionOrderSort2 (0ms)
		AwakeInstancesAfterBackupRestoration (0ms)
========================================================================
Worker process is ready to serve import requests
Begin MonoManager ReloadAssembly
Symbol file LoadedFromMemory doesn't match image E:\WORKSPACE\git\Tfg_Doom2punto5\Unity\TFG\Library\PackageCache\com.unity.visualscripting@1.8.0\Editor\VisualScripting.Core\Dependencies\YamlDotNet\Unity.VisualScripting.YamlDotNet.dll
Symbol file LoadedFromMemory doesn't match image E:\WORKSPACE\git\Tfg_Doom2punto5\Unity\TFG\Library\PackageCache\com.unity.visualscripting@1.8.0\Editor\VisualScripting.Core\Dependencies\DotNetZip\Unity.VisualScripting.IonicZip.dll
- Loaded All Assemblies, in  0.970 seconds
Refreshing native plugins compatible for Editor in 3.07 ms, found 4 plugins.
Native extension for WindowsStandalone target not found
Package Manager log level set to [2]
[Package Manager] Server::EnsureServerProcessIsRunning -- launch failed, reason: Unity was launched with the -noUpm command-line argument
[Package Manager] UpmClient::Send -- Unable to send message (not connected to UPM process).
[Package Manager] Cannot connect to Unity Package Manager local server
Mono: successfully reloaded assembly
- Finished resetting the current domain, in  0.860 seconds
Domain Reload Profiling: 1825ms
	BeginReloadAssembly (126ms)
		ExecutionOrderSort (0ms)
		DisableScriptedObjects (6ms)
		BackupInstance (0ms)
		ReleaseScriptingObjects (0ms)
		CreateAndSetChildDomain (21ms)
	RebuildCommonClasses (38ms)
	RebuildNativeTypeToScriptingClass (13ms)
	initialDomainReloadingComplete (51ms)
	LoadAllAssembliesAndSetupDomain (737ms)
		LoadAssemblies (331ms)
		RebuildTransferFunctionScriptingTraits (0ms)
		AnalyzeDomain (454ms)
			TypeCache.Refresh (401ms)
				TypeCache.ScanAssembly (388ms)
			ScanForSourceGeneratedMonoScriptInfo (38ms)
			ResolveRequiredComponents (15ms)
	FinalizeReload (860ms)
		ReleaseScriptCaches (0ms)
		RebuildScriptCaches (0ms)
		SetupLoadedEditorAssemblies (640ms)
			LogAssemblyErrors (0ms)
			InitializePlatformSupportModulesInManaged (8ms)
			SetLoadedEditorAssemblies (5ms)
			RefreshPlugins (0ms)
			BeforeProcessingInitializeOnLoad (95ms)
			ProcessInitializeOnLoadAttributes (430ms)
			ProcessInitializeOnLoadMethodAttributes (93ms)
			AfterProcessingInitializeOnLoad (7ms)
			EditorAssembliesLoaded (0ms)
		ExecutionOrderSort2 (0ms)
		AwakeInstancesAfterBackupRestoration (7ms)
Launched and connected shader compiler UnityShaderCompiler.exe after 0.03 seconds
Refreshing native plugins compatible for Editor in 2.70 ms, found 4 plugins.
Preloading 0 native plugins for Editor in 0.00 ms.
Unloading 6175 Unused Serialized files (Serialized files now loaded: 0)
Unloading 87 unused Assets / (0.7 MB). Loaded Objects now: 6665.
Memory consumption went from 280.6 MB to 279.9 MB.
Total: 2.898100 ms (FindLiveObjects: 0.296300 ms CreateObjectMapping: 0.184000 ms MarkObjects: 2.124900 ms  DeleteObjects: 0.292200 ms)

AssetImportParameters requested are different than current active one (requested -> active):
  custom:container-demuxer-ogg: 62fdf1f143b41e24485cea50d1cbac27 -> 
  custom:video-decoder-ogg-theora: a1e56fd34408186e4bbccfd4996cb3dc -> 
  custom:framework-win-MediaFoundation: 216162199b28c13a410421893ffa2e32 -> 
  custom:CustomObjectIndexerAttribute: a3ef5dd2817f97addfee359851a9dba5 -> 
  custom:container-demuxer-webm: 4f35f7cbe854078d1ac9338744f61a02 -> 
  custom:container-muxer-webm: aa71ff27fc2769a1b78a27578f13a17b -> 
  custom:video-decoder-webm-vp8: 9c59270c3fd7afecdb556c50c9e8de78 -> 
  custom:AudioImporter_EditorPlatform: d09bf68614088b80899f8185d706f6e7 -> 
  custom:video-encoder-webm-vp8: eb34c28f22e8b96e1ab97ce403110664 -> 
  custom:audio-decoder-ogg-vorbis: bf7c407c2cedff20999df2af8eb42d56 -> 
  custom:audio-encoder-webm-vorbis: bf7c407c2cedff20999df2af8eb42d56 -> 
========================================================================
Received Import Request.
  Time since last request: 1016075.232578 seconds.
  path: Assets/Prefabs/NPCs/doom-eternal-mecha-zombie-toy-1/MechaZombie_Toy/Animations/zombie scratch idle.fbx
  artifactKey: Guid(99f81ff41e5939541a732098b6aaa2aa) Importer(815301076,1909f56bfc062723c751e8b465ee728b)
Start importing Assets/Prefabs/NPCs/doom-eternal-mecha-zombie-toy-1/MechaZombie_Toy/Animations/zombie scratch idle.fbx using Guid(99f81ff41e5939541a732098b6aaa2aa) Importer(815301076,1909f56bfc062723c751e8b465ee728b)  -> (artifact id: '0a6f89cefa0acae87bba5ae10aac8b23') in 0.014673 seconds
Number of updated asset objects reloaded before import = 0
Number of asset objects unloaded after import = 54
========================================================================
Received Import Request.
  Time since last request: 51.040389 seconds.
  path: Assets/Prefabs/NPCs/doom-eternal-mecha-zombie-toy-1/MechaZombie_Toy/Animations/MechaZombieAnimator.controller
  artifactKey: Guid(f810dcccb1ab13f4b9e1a0b39970c88c) Importer(815301076,1909f56bfc062723c751e8b465ee728b)
Start importing Assets/Prefabs/NPCs/doom-eternal-mecha-zombie-toy-1/MechaZombie_Toy/Animations/MechaZombieAnimator.controller using Guid(f810dcccb1ab13f4b9e1a0b39970c88c) Importer(815301076,1909f56bfc062723c751e8b465ee728b)  -> (artifact id: 'eedfbe8e6350eed5b1af6b6a9902770e') in 0.002051 seconds
Number of updated asset objects reloaded before import = 0
Number of asset objects unloaded after import = 1
========================================================================
Received Import Request.
  Time since last request: 208.334180 seconds.
  path: Assets/Prefabs/NPCs/doom-eternal-mecha-zombie-toy-1/MechaZombie_Toy/Animations/walking.fbx
  artifactKey: Guid(904975ad84fe02844ad989afbb93cbcc) Importer(815301076,1909f56bfc062723c751e8b465ee728b)
Start importing Assets/Prefabs/NPCs/doom-eternal-mecha-zombie-toy-1/MechaZombie_Toy/Animations/walking.fbx using Guid(904975ad84fe02844ad989afbb93cbcc) Importer(815301076,1909f56bfc062723c751e8b465ee728b)  -> (artifact id: 'cb077ea40ffb199ec03ed9f2a2238378') in 0.002210 seconds
Number of updated asset objects reloaded before import = 0
Number of asset objects unloaded after import = 54
========================================================================
Received Import Request.
  Time since last request: 9.555830 seconds.
  path: Assets/Prefabs/NPCs/doom-eternal-mecha-zombie-toy-1/MechaZombie_Toy/Animations/walking (2).fbx
  artifactKey: Guid(e1667f4bee468b941954d964a70194a8) Importer(815301076,1909f56bfc062723c751e8b465ee728b)
Start importing Assets/Prefabs/NPCs/doom-eternal-mecha-zombie-toy-1/MechaZombie_Toy/Animations/walking (2).fbx using Guid(e1667f4bee468b941954d964a70194a8) Importer(815301076,1909f56bfc062723c751e8b465ee728b)  -> (artifact id: '87f0b9b6443d718d63a1e4037ff600f5') in 0.001967 seconds
Number of updated asset objects reloaded before import = 0
Number of asset objects unloaded after import = 54
========================================================================
Received Import Request.
  Time since last request: 19.355103 seconds.
  path: Assets/Prefabs/NPCs/doom-eternal-mecha-zombie-toy-1/MechaZombie_Toy/Animations/walking (2).fbx
  artifactKey: Guid(e1667f4bee468b941954d964a70194a8) Importer(815301076,1909f56bfc062723c751e8b465ee728b)
Start importing Assets/Prefabs/NPCs/doom-eternal-mecha-zombie-toy-1/MechaZombie_Toy/Animations/walking (2).fbx using Guid(e1667f4bee468b941954d964a70194a8) Importer(815301076,1909f56bfc062723c751e8b465ee728b)  -> (artifact id: 'dcfb846318dd45993824d8960a134ad4') in 0.002299 seconds
Number of updated asset objects reloaded before import = 0
Number of asset objects unloaded after import = 54
========================================================================
Received Import Request.
  Time since last request: 30.327360 seconds.
  path: Assets/Prefabs/NPCs/doom-eternal-mecha-zombie-toy-1/MechaZombie_Toy/Animations/walking (2).fbx
  artifactKey: Guid(e1667f4bee468b941954d964a70194a8) Importer(815301076,1909f56bfc062723c751e8b465ee728b)
Start importing Assets/Prefabs/NPCs/doom-eternal-mecha-zombie-toy-1/MechaZombie_Toy/Animations/walking (2).fbx using Guid(e1667f4bee468b941954d964a70194a8) Importer(815301076,1909f56bfc062723c751e8b465ee728b)  -> (artifact id: '002dc385fdbad22e608b57d721104c1e') in 0.001819 seconds
Number of updated asset objects reloaded before import = 0
Number of asset objects unloaded after import = 54
========================================================================
Received Import Request.
  Time since last request: 1.635077 seconds.
  path: Assets/Prefabs/NPCs/doom-eternal-mecha-zombie-toy-1/MechaZombie_Toy/Animations/zombie agonizing.fbx
  artifactKey: Guid(1be51c49f90821548bbfd5b398c859d0) Importer(815301076,1909f56bfc062723c751e8b465ee728b)
Start importing Assets/Prefabs/NPCs/doom-eternal-mecha-zombie-toy-1/MechaZombie_Toy/Animations/zombie agonizing.fbx using Guid(1be51c49f90821548bbfd5b398c859d0) Importer(815301076,1909f56bfc062723c751e8b465ee728b)  -> (artifact id: '9073f72c19e8284cbdf406c404fdfeeb') in 0.002656 seconds
Number of updated asset objects reloaded before import = 0
Number of asset objects unloaded after import = 54
========================================================================
Received Import Request.
  Time since last request: 1.083392 seconds.
  path: Assets/Prefabs/NPCs/doom-eternal-mecha-zombie-toy-1/MechaZombie_Toy/Animations/zombie attack.fbx
  artifactKey: Guid(4845f3e0f5e2954419ec9e3cef4e36a6) Importer(815301076,1909f56bfc062723c751e8b465ee728b)
Start importing Assets/Prefabs/NPCs/doom-eternal-mecha-zombie-toy-1/MechaZombie_Toy/Animations/zombie attack.fbx using Guid(4845f3e0f5e2954419ec9e3cef4e36a6) Importer(815301076,1909f56bfc062723c751e8b465ee728b)  -> (artifact id: 'f0dc4246670dc59cc96bddc09640bf28') in 0.004304 seconds
Number of updated asset objects reloaded before import = 0
Number of asset objects unloaded after import = 54
========================================================================
Received Import Request.
  Time since last request: 0.479673 seconds.
  path: Assets/Prefabs/NPCs/doom-eternal-mecha-zombie-toy-1/MechaZombie_Toy/Animations/zombie headbutt.fbx
  artifactKey: Guid(2da1dcd0d76289d4a830bcf0bdc0403e) Importer(815301076,1909f56bfc062723c751e8b465ee728b)
Start importing Assets/Prefabs/NPCs/doom-eternal-mecha-zombie-toy-1/MechaZombie_Toy/Animations/zombie headbutt.fbx using Guid(2da1dcd0d76289d4a830bcf0bdc0403e) Importer(815301076,1909f56bfc062723c751e8b465ee728b)  -> (artifact id: 'df880129573dcf247042696e0e12ff55') in 0.001778 seconds
Number of updated asset objects reloaded before import = 0
Number of asset objects unloaded after import = 54
========================================================================
Received Import Request.
  Time since last request: 0.467263 seconds.
  path: Assets/Prefabs/NPCs/doom-eternal-mecha-zombie-toy-1/MechaZombie_Toy/Animations/zombie idle.fbx
  artifactKey: Guid(44985839fa19c3a438e3d16b3990f399) Importer(815301076,1909f56bfc062723c751e8b465ee728b)
Start importing Assets/Prefabs/NPCs/doom-eternal-mecha-zombie-toy-1/MechaZombie_Toy/Animations/zombie idle.fbx using Guid(44985839fa19c3a438e3d16b3990f399) Importer(815301076,1909f56bfc062723c751e8b465ee728b)  -> (artifact id: 'b433ef461bd07df8111112dc5bbb15cf') in 0.002557 seconds
Number of updated asset objects reloaded before import = 0
Number of asset objects unloaded after import = 54
========================================================================
Received Import Request.
  Time since last request: 7.609484 seconds.
  path: Assets/Prefabs/NPCs/doom-eternal-mecha-zombie-toy-1/MechaZombie_Toy/Animations/zombie idle (2).fbx
  artifactKey: Guid(03af9489203c3a94e961825220cdf65f) Importer(815301076,1909f56bfc062723c751e8b465ee728b)
Start importing Assets/Prefabs/NPCs/doom-eternal-mecha-zombie-toy-1/MechaZombie_Toy/Animations/zombie idle (2).fbx using Guid(03af9489203c3a94e961825220cdf65f) Importer(815301076,1909f56bfc062723c751e8b465ee728b)  -> (artifact id: '168403c32c9fc60b6f2f1f494b196a33') in 0.001905 seconds
Number of updated asset objects reloaded before import = 0
Number of asset objects unloaded after import = 54
========================================================================
Received Import Request.
  Time since last request: 6.050794 seconds.
  path: Assets/Prefabs/NPCs/doom-eternal-mecha-zombie-toy-1/MechaZombie_Toy/Animations/zombie idle (3).fbx
  artifactKey: Guid(71d106a9cec7f45498a8e1637016345f) Importer(815301076,1909f56bfc062723c751e8b465ee728b)
Start importing Assets/Prefabs/NPCs/doom-eternal-mecha-zombie-toy-1/MechaZombie_Toy/Animations/zombie idle (3).fbx using Guid(71d106a9cec7f45498a8e1637016345f) Importer(815301076,1909f56bfc062723c751e8b465ee728b)  -> (artifact id: '5d80a344f7e4b72b4c1fe0ecfbbd1abd') in 0.002253 seconds
Number of updated asset objects reloaded before import = 0
Number of asset objects unloaded after import = 54
========================================================================
Received Import Request.
  Time since last request: 12.491223 seconds.
  path: Assets/Prefabs/NPCs/doom-eternal-mecha-zombie-toy-1/MechaZombie_Toy/Animations/zombie idle (4).fbx
  artifactKey: Guid(b7262ad0f848002499b3e9c05c63d15f) Importer(815301076,1909f56bfc062723c751e8b465ee728b)
Start importing Assets/Prefabs/NPCs/doom-eternal-mecha-zombie-toy-1/MechaZombie_Toy/Animations/zombie idle (4).fbx using Guid(b7262ad0f848002499b3e9c05c63d15f) Importer(815301076,1909f56bfc062723c751e8b465ee728b)  -> (artifact id: 'f923a75e645dd728ee7aafb9be6f71e5') in 0.001696 seconds
Number of updated asset objects reloaded before import = 0
Number of asset objects unloaded after import = 54
========================================================================
Received Import Request.
  Time since last request: 6.301624 seconds.
  path: Assets/Prefabs/NPCs/doom-eternal-mecha-zombie-toy-1/MechaZombie_Toy/Animations/zombie kicking.fbx
  artifactKey: Guid(1eef4229ab02d7a40878b213fbaf4e74) Importer(815301076,1909f56bfc062723c751e8b465ee728b)
Start importing Assets/Prefabs/NPCs/doom-eternal-mecha-zombie-toy-1/MechaZombie_Toy/Animations/zombie kicking.fbx using Guid(1eef4229ab02d7a40878b213fbaf4e74) Importer(815301076,1909f56bfc062723c751e8b465ee728b)  -> (artifact id: '72bc9a6b808c898e7422935a9fbcfe82') in 0.001976 seconds
Number of updated asset objects reloaded before import = 0
Number of asset objects unloaded after import = 54
========================================================================
Received Import Request.
  Time since last request: 5.337086 seconds.
  path: Assets/Prefabs/NPCs/doom-eternal-mecha-zombie-toy-1/MechaZombie_Toy/Animations/zombie kicking (2).fbx
  artifactKey: Guid(cfa5c73ea512d894ba85bbfc8651317a) Importer(815301076,1909f56bfc062723c751e8b465ee728b)
Start importing Assets/Prefabs/NPCs/doom-eternal-mecha-zombie-toy-1/MechaZombie_Toy/Animations/zombie kicking (2).fbx using Guid(cfa5c73ea512d894ba85bbfc8651317a) Importer(815301076,1909f56bfc062723c751e8b465ee728b)  -> (artifact id: 'c22b2277dbde2193ff9ace03cfcb7716') in 0.002241 seconds
Number of updated asset objects reloaded before import = 0
Number of asset objects unloaded after import = 54
========================================================================
Received Import Request.
  Time since last request: 14.031758 seconds.
  path: Assets/Prefabs/NPCs/doom-eternal-mecha-zombie-toy-1/MechaZombie_Toy/Animations/zombie punching.fbx
  artifactKey: Guid(ca9e0157aa8ac0746907dcd3b9f9ec22) Importer(815301076,1909f56bfc062723c751e8b465ee728b)
Start importing Assets/Prefabs/NPCs/doom-eternal-mecha-zombie-toy-1/MechaZombie_Toy/Animations/zombie punching.fbx using Guid(ca9e0157aa8ac0746907dcd3b9f9ec22) Importer(815301076,1909f56bfc062723c751e8b465ee728b)  -> (artifact id: '724db44abde7c6b6456d31d89c4234b1') in 0.001889 seconds
Number of updated asset objects reloaded before import = 0
Number of asset objects unloaded after import = 54
========================================================================
Received Import Request.
  Time since last request: 3.191279 seconds.
  path: Assets/Prefabs/NPCs/doom-eternal-mecha-zombie-toy-1/MechaZombie_Toy/Animations/zombie punching (2).fbx
  artifactKey: Guid(1c2dbfa37d763ad4497c743bf194ebc3) Importer(815301076,1909f56bfc062723c751e8b465ee728b)
Start importing Assets/Prefabs/NPCs/doom-eternal-mecha-zombie-toy-1/MechaZombie_Toy/Animations/zombie punching (2).fbx using Guid(1c2dbfa37d763ad4497c743bf194ebc3) Importer(815301076,1909f56bfc062723c751e8b465ee728b)  -> (artifact id: 'b1f57a47c71ff69081bc022ced0a5ee0') in 0.001771 seconds
Number of updated asset objects reloaded before import = 0
Number of asset objects unloaded after import = 54
========================================================================
Received Import Request.
  Time since last request: 31.011435 seconds.
  path: Assets/Prefabs/NPCs/doom-eternal-mecha-zombie-toy-1/MechaZombie_Toy/Animations/zombie reaction hit.fbx
  artifactKey: Guid(50fb36d0a36b09043a064c95866077f5) Importer(815301076,1909f56bfc062723c751e8b465ee728b)
Start importing Assets/Prefabs/NPCs/doom-eternal-mecha-zombie-toy-1/MechaZombie_Toy/Animations/zombie reaction hit.fbx using Guid(50fb36d0a36b09043a064c95866077f5) Importer(815301076,1909f56bfc062723c751e8b465ee728b)  -> (artifact id: '4e29b07d6984411ecf0e208de7a39fa3') in 0.003283 seconds
Number of updated asset objects reloaded before import = 0
Number of asset objects unloaded after import = 54
========================================================================
Received Import Request.
  Time since last request: 3.504489 seconds.
  path: Assets/Prefabs/NPCs/doom-eternal-mecha-zombie-toy-1/MechaZombie_Toy/Animations/zombie reaction hit (2).fbx
  artifactKey: Guid(25ea9dc616619124999d607fff5e1a28) Importer(815301076,1909f56bfc062723c751e8b465ee728b)
Start importing Assets/Prefabs/NPCs/doom-eternal-mecha-zombie-toy-1/MechaZombie_Toy/Animations/zombie reaction hit (2).fbx using Guid(25ea9dc616619124999d607fff5e1a28) Importer(815301076,1909f56bfc062723c751e8b465ee728b)  -> (artifact id: '5a77dcdbba69bcad2f2f7ff32242f8ff') in 0.002124 seconds
Number of updated asset objects reloaded before import = 0
Number of asset objects unloaded after import = 54
========================================================================
Received Import Request.
  Time since last request: 0.463570 seconds.
  path: Assets/Prefabs/NPCs/doom-eternal-mecha-zombie-toy-1/MechaZombie_Toy/Animations/zombie running.fbx
  artifactKey: Guid(e65ccf90f2ffdb04c9719593fc3d28d9) Importer(815301076,1909f56bfc062723c751e8b465ee728b)
Start importing Assets/Prefabs/NPCs/doom-eternal-mecha-zombie-toy-1/MechaZombie_Toy/Animations/zombie running.fbx using Guid(e65ccf90f2ffdb04c9719593fc3d28d9) Importer(815301076,1909f56bfc062723c751e8b465ee728b)  -> (artifact id: 'a5320a008e81d1d22141ac918f8672c8') in 0.003170 seconds
Number of updated asset objects reloaded before import = 0
Number of asset objects unloaded after import = 54
========================================================================
Received Import Request.
  Time since last request: 13.407664 seconds.
  path: Assets/Prefabs/NPCs/doom-eternal-mecha-zombie-toy-1/MechaZombie_Toy/Animations/zombie stand up.fbx
  artifactKey: Guid(91380ef16e05ae842aba6d12cf736021) Importer(815301076,1909f56bfc062723c751e8b465ee728b)
Start importing Assets/Prefabs/NPCs/doom-eternal-mecha-zombie-toy-1/MechaZombie_Toy/Animations/zombie stand up.fbx using Guid(91380ef16e05ae842aba6d12cf736021) Importer(815301076,1909f56bfc062723c751e8b465ee728b)  -> (artifact id: '938d012cc99722e0e63b0a9e8bf14735') in 0.001804 seconds
Number of updated asset objects reloaded before import = 0
Number of asset objects unloaded after import = 54
========================================================================
Received Import Request.
  Time since last request: 4.410674 seconds.
  path: Assets/Prefabs/NPCs/doom-eternal-mecha-zombie-toy-1/MechaZombie_Toy/Animations/zombie stand up (2).fbx
  artifactKey: Guid(6dee493957969a6409299999a64c300c) Importer(815301076,1909f56bfc062723c751e8b465ee728b)
Start importing Assets/Prefabs/NPCs/doom-eternal-mecha-zombie-toy-1/MechaZombie_Toy/Animations/zombie stand up (2).fbx using Guid(6dee493957969a6409299999a64c300c) Importer(815301076,1909f56bfc062723c751e8b465ee728b)  -> (artifact id: 'c1a6b82f89908a737bf6d0c407c30eb6') in 0.001808 seconds
Number of updated asset objects reloaded before import = 0
Number of asset objects unloaded after import = 54
========================================================================
Received Import Request.
  Time since last request: 1.667080 seconds.
  path: Assets/Prefabs/NPCs/doom-eternal-mecha-zombie-toy-1/MechaZombie_Toy/Animations/zombie stumbling.fbx
  artifactKey: Guid(d62d1ae4d7d3b2f40882d6bd710d9e76) Importer(815301076,1909f56bfc062723c751e8b465ee728b)
Start importing Assets/Prefabs/NPCs/doom-eternal-mecha-zombie-toy-1/MechaZombie_Toy/Animations/zombie stumbling.fbx using Guid(d62d1ae4d7d3b2f40882d6bd710d9e76) Importer(815301076,1909f56bfc062723c751e8b465ee728b)  -> (artifact id: '941ac167ad8f7a15b5747cd674e6b501') in 0.003018 seconds
Number of updated asset objects reloaded before import = 0
Number of asset objects unloaded after import = 54
========================================================================
Received Import Request.
  Time since last request: 4.244542 seconds.
  path: Assets/Prefabs/NPCs/doom-eternal-mecha-zombie-toy-1/MechaZombie_Toy/Animations/zombie transition.fbx
  artifactKey: Guid(bcdf490f34cbda74d9a0215d3fe1f8af) Importer(815301076,1909f56bfc062723c751e8b465ee728b)
Start importing Assets/Prefabs/NPCs/doom-eternal-mecha-zombie-toy-1/MechaZombie_Toy/Animations/zombie transition.fbx using Guid(bcdf490f34cbda74d9a0215d3fe1f8af) Importer(815301076,1909f56bfc062723c751e8b465ee728b)  -> (artifact id: 'e263e7832b8c9ba2ed95294f077e7afd') in 0.001447 seconds
Number of updated asset objects reloaded before import = 0
Number of asset objects unloaded after import = 54
========================================================================
Received Import Request.
  Time since last request: 3.329396 seconds.
  path: Assets/Prefabs/NPCs/doom-eternal-mecha-zombie-toy-1/MechaZombie_Toy/Animations/zombie transition (2).fbx
  artifactKey: Guid(7554cf57876b9e54aaa722382a3b049a) Importer(815301076,1909f56bfc062723c751e8b465ee728b)
Start importing Assets/Prefabs/NPCs/doom-eternal-mecha-zombie-toy-1/MechaZombie_Toy/Animations/zombie transition (2).fbx using Guid(7554cf57876b9e54aaa722382a3b049a) Importer(815301076,1909f56bfc062723c751e8b465ee728b)  -> (artifact id: '8f56a484a25143f40a79f676d419e86b') in 0.002306 seconds
Number of updated asset objects reloaded before import = 0
Number of asset objects unloaded after import = 54
========================================================================
Received Import Request.
  Time since last request: 12.288548 seconds.
  path: Assets/Prefabs/NPCs/doom-eternal-mecha-zombie-toy-1/MechaZombie_Toy/Animations/zombie turn.fbx
  artifactKey: Guid(f864c0f55880783428e1744f9ec4e5a2) Importer(815301076,1909f56bfc062723c751e8b465ee728b)
Start importing Assets/Prefabs/NPCs/doom-eternal-mecha-zombie-toy-1/MechaZombie_Toy/Animations/zombie turn.fbx using Guid(f864c0f55880783428e1744f9ec4e5a2) Importer(815301076,1909f56bfc062723c751e8b465ee728b)  -> (artifact id: '5243ae22dda90d4e7a0072e075ab9752') in 0.002008 seconds
Number of updated asset objects reloaded before import = 0
Number of asset objects unloaded after import = 54
========================================================================
Received Import Request.
  Time since last request: 4.853125 seconds.
  path: Assets/Prefabs/NPCs/doom-eternal-mecha-zombie-toy-1/MechaZombie_Toy/Animations/zombie_tier3_toy_LOD0@Magic Spell Casting.fbx
  artifactKey: Guid(79bf388d9bee07d4fa60e548421efdd4) Importer(815301076,1909f56bfc062723c751e8b465ee728b)
Start importing Assets/Prefabs/NPCs/doom-eternal-mecha-zombie-toy-1/MechaZombie_Toy/Animations/zombie_tier3_toy_LOD0@Magic Spell Casting.fbx using Guid(79bf388d9bee07d4fa60e548421efdd4) Importer(815301076,1909f56bfc062723c751e8b465ee728b)  -> (artifact id: 'd5b75f27697d4591ce44d2c8f8dd32d8') in 0.005977 seconds
Number of updated asset objects reloaded before import = 0
Number of asset objects unloaded after import = 58
========================================================================
Received Import Request.
  Time since last request: 7.304453 seconds.
  path: Assets/Prefabs/NPCs/doom-eternal-mecha-zombie-toy-1/MechaZombie_Toy/Animations/zombie_tier3_toy_LOD0@Standing Sprint Forward.fbx
  artifactKey: Guid(67885aa6fc9e93341be0bae49e887f0e) Importer(815301076,1909f56bfc062723c751e8b465ee728b)
Start importing Assets/Prefabs/NPCs/doom-eternal-mecha-zombie-toy-1/MechaZombie_Toy/Animations/zombie_tier3_toy_LOD0@Standing Sprint Forward.fbx using Guid(67885aa6fc9e93341be0bae49e887f0e) Importer(815301076,1909f56bfc062723c751e8b465ee728b)  -> (artifact id: '1e9c3618e08acc40ce59e31b32741a2a') in 0.002747 seconds
Number of updated asset objects reloaded before import = 0
Number of asset objects unloaded after import = 58
========================================================================
Received Import Request.
  Time since last request: 93.260257 seconds.
  path: Assets/Prefabs/NPCs/doom-eternal-mecha-zombie-toy-1/MechaZombie_Toy/Animations/zombie_tier3_toy_LOD0@Standing Sprint Forward.fbx
  artifactKey: Guid(67885aa6fc9e93341be0bae49e887f0e) Importer(815301076,1909f56bfc062723c751e8b465ee728b)
Start importing Assets/Prefabs/NPCs/doom-eternal-mecha-zombie-toy-1/MechaZombie_Toy/Animations/zombie_tier3_toy_LOD0@Standing Sprint Forward.fbx using Guid(67885aa6fc9e93341be0bae49e887f0e) Importer(815301076,1909f56bfc062723c751e8b465ee728b)  -> (artifact id: '2ac7734d79167b68922a6246e7a33ccd') in 0.002837 seconds
Number of updated asset objects reloaded before import = 0
Number of asset objects unloaded after import = 58
========================================================================
Received Import Request.
  Time since last request: 85.200518 seconds.
  path: Assets/Prefabs/NPCs/doom-eternal-mecha-zombie-toy-1/MechaZombie_Toy/Animations/zombie_tier3_toy_LOD0@Magic Spell Casting.fbx
  artifactKey: Guid(79bf388d9bee07d4fa60e548421efdd4) Importer(815301076,1909f56bfc062723c751e8b465ee728b)
Start importing Assets/Prefabs/NPCs/doom-eternal-mecha-zombie-toy-1/MechaZombie_Toy/Animations/zombie_tier3_toy_LOD0@Magic Spell Casting.fbx using Guid(79bf388d9bee07d4fa60e548421efdd4) Importer(815301076,1909f56bfc062723c751e8b465ee728b)  -> (artifact id: '4f778a4444a8eed093d17478bd392775') in 0.003775 seconds
Number of updated asset objects reloaded before import = 0
Number of asset objects unloaded after import = 58
========================================================================
Received Import Request.
  Time since last request: 4.900665 seconds.
  path: Assets/Prefabs/NPCs/doom-eternal-mecha-zombie-toy-1/MechaZombie_Toy/Animations/zombie punching (2).fbx
  artifactKey: Guid(1c2dbfa37d763ad4497c743bf194ebc3) Importer(815301076,1909f56bfc062723c751e8b465ee728b)
Start importing Assets/Prefabs/NPCs/doom-eternal-mecha-zombie-toy-1/MechaZombie_Toy/Animations/zombie punching (2).fbx using Guid(1c2dbfa37d763ad4497c743bf194ebc3) Importer(815301076,1909f56bfc062723c751e8b465ee728b)  -> (artifact id: '453cac951434b076f83fabdd59502f4a') in 0.003599 seconds
Number of updated asset objects reloaded before import = 0
Number of asset objects unloaded after import = 54
========================================================================
Received Import Request.
  Time since last request: 31.477854 seconds.
  path: Assets/Prefabs/NPCs/doom-eternal-mecha-zombie-toy-1/MechaZombie_Toy/Animations/zombie punching (2).fbx
  artifactKey: Guid(1c2dbfa37d763ad4497c743bf194ebc3) Importer(815301076,1909f56bfc062723c751e8b465ee728b)
Start importing Assets/Prefabs/NPCs/doom-eternal-mecha-zombie-toy-1/MechaZombie_Toy/Animations/zombie punching (2).fbx using Guid(1c2dbfa37d763ad4497c743bf194ebc3) Importer(815301076,1909f56bfc062723c751e8b465ee728b)  -> (artifact id: 'c2436b94d52d39dc122e00422795762e') in 0.002039 seconds
Number of updated asset objects reloaded before import = 0
Number of asset objects unloaded after import = 54
========================================================================
Received Import Request.
  Time since last request: 16.873091 seconds.
  path: Assets/Prefabs/NPCs/doom-eternal-mecha-zombie-toy-1/MechaZombie_Toy/Animations/zombie_tier3_toy_LOD0@Magic Spell Casting.fbx
  artifactKey: Guid(79bf388d9bee07d4fa60e548421efdd4) Importer(815301076,1909f56bfc062723c751e8b465ee728b)
Start importing Assets/Prefabs/NPCs/doom-eternal-mecha-zombie-toy-1/MechaZombie_Toy/Animations/zombie_tier3_toy_LOD0@Magic Spell Casting.fbx using Guid(79bf388d9bee07d4fa60e548421efdd4) Importer(815301076,1909f56bfc062723c751e8b465ee728b)  -> (artifact id: 'a3f0e6b7e47dc432a3fd1ca7ad511380') in 0.002963 seconds
Number of updated asset objects reloaded before import = 0
Number of asset objects unloaded after import = 58
========================================================================
Received Import Request.
  Time since last request: 47.741618 seconds.
  path: Assets/Prefabs/NPCs/doom-eternal-mecha-zombie-toy-1/MechaZombie_Toy/Animations/zombie idle (4).fbx
  artifactKey: Guid(b7262ad0f848002499b3e9c05c63d15f) Importer(815301076,1909f56bfc062723c751e8b465ee728b)
Start importing Assets/Prefabs/NPCs/doom-eternal-mecha-zombie-toy-1/MechaZombie_Toy/Animations/zombie idle (4).fbx using Guid(b7262ad0f848002499b3e9c05c63d15f) Importer(815301076,1909f56bfc062723c751e8b465ee728b)  -> (artifact id: '9362f0ddb63b903fec990b4cdd49609b') in 0.002540 seconds
Number of updated asset objects reloaded before import = 0
Number of asset objects unloaded after import = 54
========================================================================
Received Prepare
Begin MonoManager ReloadAssembly
Symbol file LoadedFromMemory doesn't match image E:\WORKSPACE\git\Tfg_Doom2punto5\Unity\TFG\Library\PackageCache\com.unity.visualscripting@1.8.0\Editor\VisualScripting.Core\Dependencies\YamlDotNet\Unity.VisualScripting.YamlDotNet.dll
Symbol file LoadedFromMemory doesn't match image E:\WORKSPACE\git\Tfg_Doom2punto5\Unity\TFG\Library\PackageCache\com.unity.visualscripting@1.8.0\Editor\VisualScripting.Core\Dependencies\DotNetZip\Unity.VisualScripting.IonicZip.dll
- Loaded All Assemblies, in  0.950 seconds
Refreshing native plugins compatible for Editor in 3.52 ms, found 4 plugins.
Native extension for WindowsStandalone target not found
[Package Manager] Server::EnsureServerProcessIsRunning -- launch failed, reason: Unity was launched with the -noUpm command-line argument
[Package Manager] UpmClient::Send -- Unable to send message (not connected to UPM process).
[Package Manager] Cannot connect to Unity Package Manager local server
Mono: successfully reloaded assembly
- Finished resetting the current domain, in  1.446 seconds
Domain Reload Profiling: 2390ms
	BeginReloadAssembly (180ms)
		ExecutionOrderSort (0ms)
		DisableScriptedObjects (14ms)
		BackupInstance (0ms)
		ReleaseScriptingObjects (0ms)
		CreateAndSetChildDomain (48ms)
	RebuildCommonClasses (37ms)
	RebuildNativeTypeToScriptingClass (14ms)
	initialDomainReloadingComplete (36ms)
	LoadAllAssembliesAndSetupDomain (678ms)
		LoadAssemblies (356ms)
		RebuildTransferFunctionScriptingTraits (0ms)
		AnalyzeDomain (391ms)
			TypeCache.Refresh (375ms)
				TypeCache.ScanAssembly (359ms)
			ScanForSourceGeneratedMonoScriptInfo (0ms)
			ResolveRequiredComponents (16ms)
	FinalizeReload (1446ms)
		ReleaseScriptCaches (0ms)
		RebuildScriptCaches (0ms)
		SetupLoadedEditorAssemblies (674ms)
			LogAssemblyErrors (0ms)
			InitializePlatformSupportModulesInManaged (8ms)
			SetLoadedEditorAssemblies (6ms)
			RefreshPlugins (0ms)
			BeforeProcessingInitializeOnLoad (120ms)
			ProcessInitializeOnLoadAttributes (430ms)
			ProcessInitializeOnLoadMethodAttributes (100ms)
			AfterProcessingInitializeOnLoad (9ms)
			EditorAssembliesLoaded (0ms)
		ExecutionOrderSort2 (0ms)
		AwakeInstancesAfterBackupRestoration (30ms)
Refreshing native plugins compatible for Editor in 4.81 ms, found 4 plugins.
Preloading 0 native plugins for Editor in 0.00 ms.
Unloading 5921 Unused Serialized files (Serialized files now loaded: 0)
Unloading 51 unused Assets / (0.7 MB). Loaded Objects now: 6672.
Memory consumption went from 228.8 MB to 228.2 MB.
Total: 5.228900 ms (FindLiveObjects: 0.982600 ms CreateObjectMapping: 0.319700 ms MarkObjects: 3.494400 ms  DeleteObjects: 0.430500 ms)

Prepare: number of updated asset objects reloaded= 0
AssetImportParameters requested are different than current active one (requested -> active):
  custom:container-demuxer-ogg: 62fdf1f143b41e24485cea50d1cbac27 -> 
  custom:video-decoder-ogg-theora: a1e56fd34408186e4bbccfd4996cb3dc -> 
  custom:framework-win-MediaFoundation: 216162199b28c13a410421893ffa2e32 -> 
  custom:CustomObjectIndexerAttribute: a3ef5dd2817f97addfee359851a9dba5 -> 
  custom:container-demuxer-webm: 4f35f7cbe854078d1ac9338744f61a02 -> 
  custom:container-muxer-webm: aa71ff27fc2769a1b78a27578f13a17b -> 
  custom:video-decoder-webm-vp8: 9c59270c3fd7afecdb556c50c9e8de78 -> 
  custom:AudioImporter_EditorPlatform: d09bf68614088b80899f8185d706f6e7 -> 
  custom:video-encoder-webm-vp8: eb34c28f22e8b96e1ab97ce403110664 -> 
  custom:audio-decoder-ogg-vorbis: bf7c407c2cedff20999df2af8eb42d56 -> 
  custom:audio-encoder-webm-vorbis: bf7c407c2cedff20999df2af8eb42d56 -> 
========================================================================
Received Import Request.
  Time since last request: 1386.239010 seconds.
  path: Assets/Prefabs/NPCs/ProyectilesEnemigos/ProyectilFuegoEnemigo.prefab
  artifactKey: Guid(429708d16641cb14d8ea0b61416d4b46) Importer(815301076,1909f56bfc062723c751e8b465ee728b)
Start importing Assets/Prefabs/NPCs/ProyectilesEnemigos/ProyectilFuegoEnemigo.prefab using Guid(429708d16641cb14d8ea0b61416d4b46) Importer(815301076,1909f56bfc062723c751e8b465ee728b)  -> (artifact id: '111a99d4afc6719bba297d16c931157a') in 0.041662 seconds
Number of updated asset objects reloaded before import = 0
Number of asset objects unloaded after import = 19
========================================================================
Received Import Request.
  Time since last request: 14.149180 seconds.
  path: Assets/Prefabs/NPCs/ProyectilesEnemigos/ProyectilEnemigo.prefab
  artifactKey: Guid(a9b6bd0f289ca1446a79615f93573b0b) Importer(815301076,1909f56bfc062723c751e8b465ee728b)
Start importing Assets/Prefabs/NPCs/ProyectilesEnemigos/ProyectilEnemigo.prefab using Guid(a9b6bd0f289ca1446a79615f93573b0b) Importer(815301076,1909f56bfc062723c751e8b465ee728b)  -> (artifact id: 'be58b9037c2469945e5c4c80af575088') in 0.006998 seconds
Number of updated asset objects reloaded before import = 0
Number of asset objects unloaded after import = 47
========================================================================
Received Import Request.
  Time since last request: 5.768041 seconds.
  path: Assets/Prefabs/NPCs/ProyectilesEnemigos/ProyectilFuegoEnemigo 1.prefab
  artifactKey: Guid(fd20aade6418dda4ab888ff02cfc106c) Importer(815301076,1909f56bfc062723c751e8b465ee728b)
Start importing Assets/Prefabs/NPCs/ProyectilesEnemigos/ProyectilFuegoEnemigo 1.prefab using Guid(fd20aade6418dda4ab888ff02cfc106c) Importer(815301076,1909f56bfc062723c751e8b465ee728b)  -> (artifact id: '5827e5a38a72e8f06f69466fd5d87aff') in 0.002833 seconds
Number of updated asset objects reloaded before import = 0
Number of asset objects unloaded after import = 19
========================================================================
Received Import Request.
  Time since last request: 18.006230 seconds.
  path: Assets/Prefabs/NPCs/ProyectilesEnemigos/ProyectilEnergiaEnemigo.prefab
  artifactKey: Guid(fd20aade6418dda4ab888ff02cfc106c) Importer(815301076,1909f56bfc062723c751e8b465ee728b)
Start importing Assets/Prefabs/NPCs/ProyectilesEnemigos/ProyectilEnergiaEnemigo.prefab using Guid(fd20aade6418dda4ab888ff02cfc106c) Importer(815301076,1909f56bfc062723c751e8b465ee728b)  -> (artifact id: 'fef991331d6af994205de85694aca68b') in 0.001805 seconds
Number of updated asset objects reloaded before import = 0
Number of asset objects unloaded after import = 19
========================================================================
Received Import Request.
  Time since last request: 13.075363 seconds.
  path: Assets/Prefabs/FX/CartoonEffectsToChulos/Cartoon FX Remaster/CFXR Assets/Graphics/cfxr stretch fire crisp fade hdr ab.mat
  artifactKey: Guid(2e32f93f5ce765e47b0cabd37ce2b73d) Importer(815301076,1909f56bfc062723c751e8b465ee728b)
Start importing Assets/Prefabs/FX/CartoonEffectsToChulos/Cartoon FX Remaster/CFXR Assets/Graphics/cfxr stretch fire crisp fade hdr ab.mat using Guid(2e32f93f5ce765e47b0cabd37ce2b73d) Importer(815301076,1909f56bfc062723c751e8b465ee728b)  -> (artifact id: '84ef512a1aa1ca4e13cf5e56f02d0c68') in 0.020296 seconds
Number of updated asset objects reloaded before import = 0
Number of asset objects unloaded after import = 1
========================================================================
Received Import Request.
  Time since last request: 52.866124 seconds.
  path: Assets/Prefabs/FX/CartoonEffectsToChulos/Cartoon FX (legacy)/Materials/Misc/CFX2_Glow Soft.mat
  artifactKey: Guid(b6a4ebddb006a4a4bb0bea6365c7512a) Importer(815301076,1909f56bfc062723c751e8b465ee728b)
Start importing Assets/Prefabs/FX/CartoonEffectsToChulos/Cartoon FX (legacy)/Materials/Misc/CFX2_Glow Soft.mat using Guid(b6a4ebddb006a4a4bb0bea6365c7512a) Importer(815301076,1909f56bfc062723c751e8b465ee728b)  -> (artifact id: '59c64d289d784c0b14d5cac478463972') in 0.001277 seconds
Number of updated asset objects reloaded before import = 0
Number of asset objects unloaded after import = 1
========================================================================
Received Import Request.
  Time since last request: 25.721498 seconds.
  path: Assets/Prefabs/FX/CartoonEffectsToChulos/Cartoon FX (legacy)/Textures/CFX2_T_GlowSoft.png
  artifactKey: Guid(8a75e78ce03d6bf4aa7ab9b759c2ca32) Importer(815301076,1909f56bfc062723c751e8b465ee728b)
Start importing Assets/Prefabs/FX/CartoonEffectsToChulos/Cartoon FX (legacy)/Textures/CFX2_T_GlowSoft.png using Guid(8a75e78ce03d6bf4aa7ab9b759c2ca32) Importer(815301076,1909f56bfc062723c751e8b465ee728b)  -> (artifact id: '4c8be155e97195e795bd6bf64543c335') in 0.003018 seconds
Number of updated asset objects reloaded before import = 0
Number of asset objects unloaded after import = 1
========================================================================
Received Import Request.
  Time since last request: 16.597986 seconds.
  path: Assets/Prefabs/FX/CartoonEffectsToChulos/Cartoon FX (legacy)/Materials/Animated/CFX_Anim_Electricity_Add.mat
  artifactKey: Guid(fcb97c6faf083ca4f978210036f3832b) Importer(815301076,1909f56bfc062723c751e8b465ee728b)
Start importing Assets/Prefabs/FX/CartoonEffectsToChulos/Cartoon FX (legacy)/Materials/Animated/CFX_Anim_Electricity_Add.mat using Guid(fcb97c6faf083ca4f978210036f3832b) Importer(815301076,1909f56bfc062723c751e8b465ee728b)  -> (artifact id: '00ab1e1306d0ddb2010bcfd45195420b') in 0.017975 seconds
Number of updated asset objects reloaded before import = 0
Number of asset objects unloaded after import = 1
========================================================================
Received Import Request.
  Time since last request: 30.671369 seconds.
  path: Assets/Prefabs/FX/CartoonEffectsToChulos/Cartoon FX (legacy)/Textures/CFX_T_Anim7_Electricity.png
  artifactKey: Guid(67b0a4cd4c72b86469e7ca179598fcaf) Importer(815301076,1909f56bfc062723c751e8b465ee728b)
Start importing Assets/Prefabs/FX/CartoonEffectsToChulos/Cartoon FX (legacy)/Textures/CFX_T_Anim7_Electricity.png using Guid(67b0a4cd4c72b86469e7ca179598fcaf) Importer(815301076,1909f56bfc062723c751e8b465ee728b)  -> (artifact id: 'bc1c104c1884f89944e2797df89b8eca') in 0.003196 seconds
Number of updated asset objects reloaded before import = 0
Number of asset objects unloaded after import = 1
========================================================================
Received Import Request.
  Time since last request: 46.056267 seconds.
  path: Assets/Prefabs/FX/CartoonEffectsToChulos/Cartoon FX (legacy)/Materials/Light/CFX4_AuraBubble ADD.mat
  artifactKey: Guid(b701c416ffd5db94eab6dbfe25b8247e) Importer(815301076,1909f56bfc062723c751e8b465ee728b)
Start importing Assets/Prefabs/FX/CartoonEffectsToChulos/Cartoon FX (legacy)/Materials/Light/CFX4_AuraBubble ADD.mat using Guid(b701c416ffd5db94eab6dbfe25b8247e) Importer(815301076,1909f56bfc062723c751e8b465ee728b)  -> (artifact id: '15e2dfaf3b7a96338618d0039dec4d9a') in 0.001507 seconds
Number of updated asset objects reloaded before import = 0
Number of asset objects unloaded after import = 1
========================================================================
Received Import Request.
  Time since last request: 12.977581 seconds.
  path: Assets/Prefabs/FX/CartoonEffectsToChulos/Cartoon FX (legacy)/Materials/Light/CFX3_AuraRays MULT.mat
  artifactKey: Guid(63729df9e952c1f4b8fe34b9cd435a79) Importer(815301076,1909f56bfc062723c751e8b465ee728b)
Start importing Assets/Prefabs/FX/CartoonEffectsToChulos/Cartoon FX (legacy)/Materials/Light/CFX3_AuraRays MULT.mat using Guid(63729df9e952c1f4b8fe34b9cd435a79) Importer(815301076,1909f56bfc062723c751e8b465ee728b)  -> (artifact id: 'd99112a499502340bb6546c37549561f') in 0.001439 seconds
Number of updated asset objects reloaded before import = 0
Number of asset objects unloaded after import = 1
========================================================================
Received Import Request.
  Time since last request: 31.889440 seconds.
  path: Assets/Prefabs/FX/CartoonEffectsToChulos/Cartoon FX (legacy)/Materials/Misc/CFX2_ShinyStar Add.mat
  artifactKey: Guid(c1b09b1ca8ba05d4682ccf6db6b1102d) Importer(815301076,1909f56bfc062723c751e8b465ee728b)
Start importing Assets/Prefabs/FX/CartoonEffectsToChulos/Cartoon FX (legacy)/Materials/Misc/CFX2_ShinyStar Add.mat using Guid(c1b09b1ca8ba05d4682ccf6db6b1102d) Importer(815301076,1909f56bfc062723c751e8b465ee728b)  -> (artifact id: '06cb93e4c1e29a1c80a6128172e91ae1') in 0.020758 seconds
Number of updated asset objects reloaded before import = 0
Number of asset objects unloaded after import = 1
========================================================================
Received Import Request.
  Time since last request: 161.770460 seconds.
  path: Assets/Prefabs/FX/CartoonEffectsToChulos/Cartoon FX Remaster/CFXR Assets/Graphics/cfxr stretch flamme crisp dissolve.png
  artifactKey: Guid(bad5d0fa763e08742a9f746be9781732) Importer(815301076,1909f56bfc062723c751e8b465ee728b)
Start importing Assets/Prefabs/FX/CartoonEffectsToChulos/Cartoon FX Remaster/CFXR Assets/Graphics/cfxr stretch flamme crisp dissolve.png using Guid(bad5d0fa763e08742a9f746be9781732) Importer(815301076,1909f56bfc062723c751e8b465ee728b)  -> (artifact id: 'ec58540ee318de05264047048cb75e0e') in 0.002173 seconds
Number of updated asset objects reloaded before import = 0
Number of asset objects unloaded after import = 1
========================================================================
Received Import Request.
  Time since last request: 0.000022 seconds.
  path: Assets/Prefabs/FX/CartoonEffectsToChulos/Cartoon FX Remaster/CFXR Assets/Graphics/cfxr stretch flamme crisp.png
  artifactKey: Guid(221462f4c3da8604c9dcc63641989a98) Importer(815301076,1909f56bfc062723c751e8b465ee728b)
Start importing Assets/Prefabs/FX/CartoonEffectsToChulos/Cartoon FX Remaster/CFXR Assets/Graphics/cfxr stretch flamme crisp.png using Guid(221462f4c3da8604c9dcc63641989a98) Importer(815301076,1909f56bfc062723c751e8b465ee728b)  -> (artifact id: '58e4aed0449f6ec4bbc528d0ed1f18a4') in 0.001488 seconds
Number of updated asset objects reloaded before import = 0
Number of asset objects unloaded after import = 1
========================================================================
Received Import Request.
  Time since last request: 13.821549 seconds.
  path: Assets/Prefabs/NPCs/ProyectilesEnemigos/ProyectilEnergiaEnemigo.prefab
  artifactKey: Guid(fd20aade6418dda4ab888ff02cfc106c) Importer(815301076,1909f56bfc062723c751e8b465ee728b)
Start importing Assets/Prefabs/NPCs/ProyectilesEnemigos/ProyectilEnergiaEnemigo.prefab using Guid(fd20aade6418dda4ab888ff02cfc106c) Importer(815301076,1909f56bfc062723c751e8b465ee728b)  -> (artifact id: '33a33dc579c53d0945f2ffb094d0b56c') in 0.003230 seconds
Number of updated asset objects reloaded before import = 0
Number of asset objects unloaded after import = 40
========================================================================
Received Import Request.
  Time since last request: 23.515669 seconds.
  path: Assets/Prefabs/NPCs/ProyectilesEnemigos/ProyectilEnergiaEnemigo.prefab
  artifactKey: Guid(fd20aade6418dda4ab888ff02cfc106c) Importer(815301076,1909f56bfc062723c751e8b465ee728b)
Start importing Assets/Prefabs/NPCs/ProyectilesEnemigos/ProyectilEnergiaEnemigo.prefab using Guid(fd20aade6418dda4ab888ff02cfc106c) Importer(815301076,1909f56bfc062723c751e8b465ee728b)  -> (artifact id: '64c6abb6e2976a59d2531cbc00a2076e') in 0.002159 seconds
Number of updated asset objects reloaded before import = 0
Number of asset objects unloaded after import = 40
========================================================================
Received Prepare
Begin MonoManager ReloadAssembly
Symbol file LoadedFromMemory doesn't match image E:\WORKSPACE\git\Tfg_Doom2punto5\Unity\TFG\Library\PackageCache\com.unity.visualscripting@1.8.0\Editor\VisualScripting.Core\Dependencies\YamlDotNet\Unity.VisualScripting.YamlDotNet.dll
Symbol file LoadedFromMemory doesn't match image E:\WORKSPACE\git\Tfg_Doom2punto5\Unity\TFG\Library\PackageCache\com.unity.visualscripting@1.8.0\Editor\VisualScripting.Core\Dependencies\DotNetZip\Unity.VisualScripting.IonicZip.dll
- Loaded All Assemblies, in  1.018 seconds
Refreshing native plugins compatible for Editor in 4.14 ms, found 4 plugins.
Native extension for WindowsStandalone target not found
[Package Manager] Server::EnsureServerProcessIsRunning -- launch failed, reason: Unity was launched with the -noUpm command-line argument
[Package Manager] UpmClient::Send -- Unable to send message (not connected to UPM process).
[Package Manager] Cannot connect to Unity Package Manager local server
Mono: successfully reloaded assembly
- Finished resetting the current domain, in  1.505 seconds
Domain Reload Profiling: 2517ms
	BeginReloadAssembly (178ms)
		ExecutionOrderSort (0ms)
		DisableScriptedObjects (14ms)
		BackupInstance (0ms)
		ReleaseScriptingObjects (0ms)
		CreateAndSetChildDomain (47ms)
	RebuildCommonClasses (37ms)
	RebuildNativeTypeToScriptingClass (13ms)
	initialDomainReloadingComplete (39ms)
	LoadAllAssembliesAndSetupDomain (744ms)
		LoadAssemblies (432ms)
		RebuildTransferFunctionScriptingTraits (0ms)
		AnalyzeDomain (378ms)
			TypeCache.Refresh (363ms)
				TypeCache.ScanAssembly (348ms)
			ScanForSourceGeneratedMonoScriptInfo (0ms)
			ResolveRequiredComponents (15ms)
	FinalizeReload (1506ms)
		ReleaseScriptCaches (0ms)
		RebuildScriptCaches (0ms)
		SetupLoadedEditorAssemblies (706ms)
			LogAssemblyErrors (0ms)
			InitializePlatformSupportModulesInManaged (9ms)
			SetLoadedEditorAssemblies (7ms)
			RefreshPlugins (0ms)
			BeforeProcessingInitializeOnLoad (136ms)
			ProcessInitializeOnLoadAttributes (441ms)
			ProcessInitializeOnLoadMethodAttributes (101ms)
			AfterProcessingInitializeOnLoad (11ms)
			EditorAssembliesLoaded (0ms)
		ExecutionOrderSort2 (0ms)
		AwakeInstancesAfterBackupRestoration (29ms)
Refreshing native plugins compatible for Editor in 5.92 ms, found 4 plugins.
Preloading 0 native plugins for Editor in 0.00 ms.
Unloading 5921 Unused Serialized files (Serialized files now loaded: 0)
Unloading 51 unused Assets / (0.7 MB). Loaded Objects now: 6677.
Memory consumption went from 228.8 MB to 228.2 MB.
Total: 4.987900 ms (FindLiveObjects: 0.855700 ms CreateObjectMapping: 0.326200 ms MarkObjects: 3.433000 ms  DeleteObjects: 0.371700 ms)

Prepare: number of updated asset objects reloaded= 0
AssetImportParameters requested are different than current active one (requested -> active):
  custom:container-demuxer-ogg: 62fdf1f143b41e24485cea50d1cbac27 -> 
  custom:video-decoder-ogg-theora: a1e56fd34408186e4bbccfd4996cb3dc -> 
  custom:framework-win-MediaFoundation: 216162199b28c13a410421893ffa2e32 -> 
  custom:CustomObjectIndexerAttribute: a3ef5dd2817f97addfee359851a9dba5 -> 
  custom:container-demuxer-webm: 4f35f7cbe854078d1ac9338744f61a02 -> 
  custom:container-muxer-webm: aa71ff27fc2769a1b78a27578f13a17b -> 
  custom:video-decoder-webm-vp8: 9c59270c3fd7afecdb556c50c9e8de78 -> 
  custom:AudioImporter_EditorPlatform: d09bf68614088b80899f8185d706f6e7 -> 
  custom:video-encoder-webm-vp8: eb34c28f22e8b96e1ab97ce403110664 -> 
  custom:audio-decoder-ogg-vorbis: bf7c407c2cedff20999df2af8eb42d56 -> 
  custom:audio-encoder-webm-vorbis: bf7c407c2cedff20999df2af8eb42d56 -> 
========================================================================
Received Import Request.
  Time since last request: 71.693154 seconds.
  path: Assets/Prefabs/Audio/MechaZombieSounds
  artifactKey: Guid(f94a2a5063fb14b4ea4281684ebedbd7) Importer(815301076,1909f56bfc062723c751e8b465ee728b)
Start importing Assets/Prefabs/Audio/MechaZombieSounds using Guid(f94a2a5063fb14b4ea4281684ebedbd7) Importer(815301076,1909f56bfc062723c751e8b465ee728b)  -> (artifact id: '3ef08699ae5b1b59ef50207469e7e429') in 0.020883 seconds
Number of updated asset objects reloaded before import = 0
Number of asset objects unloaded after import = 0
========================================================================
Received Import Request.
  Time since last request: 40.764249 seconds.
  path: Assets/Prefabs/Audio/MechaZombieSounds/Mecha_zombieSounds_Idle.mp3
  artifactKey: Guid(b44e1473fa52c90449afd36e4b47b574) Importer(815301076,1909f56bfc062723c751e8b465ee728b)
Start importing Assets/Prefabs/Audio/MechaZombieSounds/Mecha_zombieSounds_Idle.mp3 using Guid(b44e1473fa52c90449afd36e4b47b574) Importer(815301076,1909f56bfc062723c751e8b465ee728b)  -> (artifact id: '7120a19980b246b31d5e17498cb648e9') in 0.002120 seconds
Number of updated asset objects reloaded before import = 0
Number of asset objects unloaded after import = 1
========================================================================
Received Prepare
Begin MonoManager ReloadAssembly
Symbol file LoadedFromMemory doesn't match image E:\WORKSPACE\git\Tfg_Doom2punto5\Unity\TFG\Library\PackageCache\com.unity.visualscripting@1.8.0\Editor\VisualScripting.Core\Dependencies\YamlDotNet\Unity.VisualScripting.YamlDotNet.dll
Symbol file LoadedFromMemory doesn't match image E:\WORKSPACE\git\Tfg_Doom2punto5\Unity\TFG\Library\PackageCache\com.unity.visualscripting@1.8.0\Editor\VisualScripting.Core\Dependencies\DotNetZip\Unity.VisualScripting.IonicZip.dll
- Loaded All Assemblies, in  0.952 seconds
Refreshing native plugins compatible for Editor in 3.82 ms, found 4 plugins.
Native extension for WindowsStandalone target not found
[Package Manager] Server::EnsureServerProcessIsRunning -- launch failed, reason: Unity was launched with the -noUpm command-line argument
[Package Manager] UpmClient::Send -- Unable to send message (not connected to UPM process).
[Package Manager] Cannot connect to Unity Package Manager local server
Mono: successfully reloaded assembly
- Finished resetting the current domain, in  1.486 seconds
Domain Reload Profiling: 2431ms
	BeginReloadAssembly (179ms)
		ExecutionOrderSort (0ms)
		DisableScriptedObjects (15ms)
		BackupInstance (0ms)
		ReleaseScriptingObjects (0ms)
		CreateAndSetChildDomain (50ms)
	RebuildCommonClasses (36ms)
	RebuildNativeTypeToScriptingClass (14ms)
	initialDomainReloadingComplete (36ms)
	LoadAllAssembliesAndSetupDomain (680ms)
		LoadAssemblies (372ms)
		RebuildTransferFunctionScriptingTraits (0ms)
		AnalyzeDomain (374ms)
			TypeCache.Refresh (359ms)
				TypeCache.ScanAssembly (345ms)
			ScanForSourceGeneratedMonoScriptInfo (0ms)
			ResolveRequiredComponents (15ms)
	FinalizeReload (1486ms)
		ReleaseScriptCaches (0ms)
		RebuildScriptCaches (0ms)
		SetupLoadedEditorAssemblies (659ms)
			LogAssemblyErrors (0ms)
			InitializePlatformSupportModulesInManaged (7ms)
			SetLoadedEditorAssemblies (6ms)
			RefreshPlugins (0ms)
			BeforeProcessingInitializeOnLoad (130ms)
			ProcessInitializeOnLoadAttributes (413ms)
			ProcessInitializeOnLoadMethodAttributes (93ms)
			AfterProcessingInitializeOnLoad (9ms)
			EditorAssembliesLoaded (0ms)
		ExecutionOrderSort2 (0ms)
		AwakeInstancesAfterBackupRestoration (28ms)
Refreshing native plugins compatible for Editor in 9.25 ms, found 4 plugins.
Preloading 0 native plugins for Editor in 0.00 ms.
Unloading 5921 Unused Serialized files (Serialized files now loaded: 0)
Unloading 51 unused Assets / (0.7 MB). Loaded Objects now: 6682.
Memory consumption went from 228.8 MB to 228.2 MB.
Total: 4.934200 ms (FindLiveObjects: 0.842300 ms CreateObjectMapping: 0.230900 ms MarkObjects: 3.423900 ms  DeleteObjects: 0.435700 ms)

Prepare: number of updated asset objects reloaded= 0
AssetImportParameters requested are different than current active one (requested -> active):
  custom:container-demuxer-ogg: 62fdf1f143b41e24485cea50d1cbac27 -> 
  custom:video-decoder-ogg-theora: a1e56fd34408186e4bbccfd4996cb3dc -> 
  custom:framework-win-MediaFoundation: 216162199b28c13a410421893ffa2e32 -> 
  custom:CustomObjectIndexerAttribute: a3ef5dd2817f97addfee359851a9dba5 -> 
  custom:container-demuxer-webm: 4f35f7cbe854078d1ac9338744f61a02 -> 
  custom:container-muxer-webm: aa71ff27fc2769a1b78a27578f13a17b -> 
  custom:video-decoder-webm-vp8: 9c59270c3fd7afecdb556c50c9e8de78 -> 
  custom:AudioImporter_EditorPlatform: d09bf68614088b80899f8185d706f6e7 -> 
  custom:video-encoder-webm-vp8: eb34c28f22e8b96e1ab97ce403110664 -> 
  custom:audio-decoder-ogg-vorbis: bf7c407c2cedff20999df2af8eb42d56 -> 
  custom:audio-encoder-webm-vorbis: bf7c407c2cedff20999df2af8eb42d56 -> 
========================================================================
Received Prepare
Begin MonoManager ReloadAssembly
Symbol file LoadedFromMemory doesn't match image E:\WORKSPACE\git\Tfg_Doom2punto5\Unity\TFG\Library\PackageCache\com.unity.visualscripting@1.8.0\Editor\VisualScripting.Core\Dependencies\YamlDotNet\Unity.VisualScripting.YamlDotNet.dll
Symbol file LoadedFromMemory doesn't match image E:\WORKSPACE\git\Tfg_Doom2punto5\Unity\TFG\Library\PackageCache\com.unity.visualscripting@1.8.0\Editor\VisualScripting.Core\Dependencies\DotNetZip\Unity.VisualScripting.IonicZip.dll
- Loaded All Assemblies, in  0.979 seconds
Refreshing native plugins compatible for Editor in 3.43 ms, found 4 plugins.
Native extension for WindowsStandalone target not found
[Package Manager] Server::EnsureServerProcessIsRunning -- launch failed, reason: Unity was launched with the -noUpm command-line argument
[Package Manager] UpmClient::Send -- Unable to send message (not connected to UPM process).
[Package Manager] Cannot connect to Unity Package Manager local server
Mono: successfully reloaded assembly
- Finished resetting the current domain, in  1.479 seconds
Domain Reload Profiling: 2451ms
	BeginReloadAssembly (186ms)
		ExecutionOrderSort (0ms)
		DisableScriptedObjects (15ms)
		BackupInstance (0ms)
		ReleaseScriptingObjects (0ms)
		CreateAndSetChildDomain (45ms)
	RebuildCommonClasses (35ms)
	RebuildNativeTypeToScriptingClass (13ms)
	initialDomainReloadingComplete (36ms)
	LoadAllAssembliesAndSetupDomain (701ms)
		LoadAssemblies (395ms)
		RebuildTransferFunctionScriptingTraits (0ms)
		AnalyzeDomain (375ms)
			TypeCache.Refresh (360ms)
				TypeCache.ScanAssembly (344ms)
			ScanForSourceGeneratedMonoScriptInfo (0ms)
			ResolveRequiredComponents (15ms)
	FinalizeReload (1480ms)
		ReleaseScriptCaches (0ms)
		RebuildScriptCaches (0ms)
		SetupLoadedEditorAssemblies (673ms)
			LogAssemblyErrors (0ms)
			InitializePlatformSupportModulesInManaged (8ms)
			SetLoadedEditorAssemblies (6ms)
			RefreshPlugins (0ms)
			BeforeProcessingInitializeOnLoad (130ms)
			ProcessInitializeOnLoadAttributes (422ms)
			ProcessInitializeOnLoadMethodAttributes (96ms)
			AfterProcessingInitializeOnLoad (10ms)
			EditorAssembliesLoaded (0ms)
		ExecutionOrderSort2 (0ms)
		AwakeInstancesAfterBackupRestoration (31ms)
Refreshing native plugins compatible for Editor in 3.94 ms, found 4 plugins.
Preloading 0 native plugins for Editor in 0.00 ms.
Unloading 5921 Unused Serialized files (Serialized files now loaded: 0)
Unloading 51 unused Assets / (0.7 MB). Loaded Objects now: 6687.
Memory consumption went from 228.8 MB to 228.2 MB.
Total: 5.814800 ms (FindLiveObjects: 1.043900 ms CreateObjectMapping: 0.318000 ms MarkObjects: 3.766600 ms  DeleteObjects: 0.684600 ms)

Prepare: number of updated asset objects reloaded= 0
AssetImportParameters requested are different than current active one (requested -> active):
  custom:container-demuxer-ogg: 62fdf1f143b41e24485cea50d1cbac27 -> 
  custom:video-decoder-ogg-theora: a1e56fd34408186e4bbccfd4996cb3dc -> 
  custom:framework-win-MediaFoundation: 216162199b28c13a410421893ffa2e32 -> 
  custom:CustomObjectIndexerAttribute: a3ef5dd2817f97addfee359851a9dba5 -> 
  custom:container-demuxer-webm: 4f35f7cbe854078d1ac9338744f61a02 -> 
  custom:container-muxer-webm: aa71ff27fc2769a1b78a27578f13a17b -> 
  custom:video-decoder-webm-vp8: 9c59270c3fd7afecdb556c50c9e8de78 -> 
  custom:AudioImporter_EditorPlatform: d09bf68614088b80899f8185d706f6e7 -> 
  custom:video-encoder-webm-vp8: eb34c28f22e8b96e1ab97ce403110664 -> 
  custom:audio-decoder-ogg-vorbis: bf7c407c2cedff20999df2af8eb42d56 -> 
  custom:audio-encoder-webm-vorbis: bf7c407c2cedff20999df2af8eb42d56 -> 
========================================================================
Received Import Request.
  Time since last request: 443.190859 seconds.
  path: Assets/Prefabs/NPCs/doom-eternal-mecha-zombie-toy-1/MechaZombie_Toy/Animations/zombie_tier3_toy_LOD0@Magic Spell Casting.fbx
  artifactKey: Guid(79bf388d9bee07d4fa60e548421efdd4) Importer(815301076,1909f56bfc062723c751e8b465ee728b)
Start importing Assets/Prefabs/NPCs/doom-eternal-mecha-zombie-toy-1/MechaZombie_Toy/Animations/zombie_tier3_toy_LOD0@Magic Spell Casting.fbx using Guid(79bf388d9bee07d4fa60e548421efdd4) Importer(815301076,1909f56bfc062723c751e8b465ee728b)  -> (artifact id: '0d9b7a55ff0b286a2c142c2cacee0ce5') in 0.019091 seconds
Number of updated asset objects reloaded before import = 0
Number of asset objects unloaded after import = 58
========================================================================
Received Prepare
Begin MonoManager ReloadAssembly
Symbol file LoadedFromMemory doesn't match image E:\WORKSPACE\git\Tfg_Doom2punto5\Unity\TFG\Library\PackageCache\com.unity.visualscripting@1.8.0\Editor\VisualScripting.Core\Dependencies\YamlDotNet\Unity.VisualScripting.YamlDotNet.dll
Symbol file LoadedFromMemory doesn't match image E:\WORKSPACE\git\Tfg_Doom2punto5\Unity\TFG\Library\PackageCache\com.unity.visualscripting@1.8.0\Editor\VisualScripting.Core\Dependencies\DotNetZip\Unity.VisualScripting.IonicZip.dll
- Loaded All Assemblies, in  0.966 seconds
Refreshing native plugins compatible for Editor in 3.21 ms, found 4 plugins.
Native extension for WindowsStandalone target not found
[Package Manager] Server::EnsureServerProcessIsRunning -- launch failed, reason: Unity was launched with the -noUpm command-line argument
[Package Manager] UpmClient::Send -- Unable to send message (not connected to UPM process).
[Package Manager] Cannot connect to Unity Package Manager local server
Mono: successfully reloaded assembly
- Finished resetting the current domain, in  1.447 seconds
Domain Reload Profiling: 2405ms
	BeginReloadAssembly (182ms)
		ExecutionOrderSort (0ms)
		DisableScriptedObjects (17ms)
		BackupInstance (0ms)
		ReleaseScriptingObjects (0ms)
		CreateAndSetChildDomain (47ms)
	RebuildCommonClasses (36ms)
	RebuildNativeTypeToScriptingClass (13ms)
	initialDomainReloadingComplete (38ms)
	LoadAllAssembliesAndSetupDomain (688ms)
		LoadAssemblies (391ms)
		RebuildTransferFunctionScriptingTraits (0ms)
		AnalyzeDomain (365ms)
			TypeCache.Refresh (350ms)
				TypeCache.ScanAssembly (336ms)
			ScanForSourceGeneratedMonoScriptInfo (0ms)
			ResolveRequiredComponents (15ms)
	FinalizeReload (1448ms)
		ReleaseScriptCaches (0ms)
		RebuildScriptCaches (0ms)
		SetupLoadedEditorAssemblies (663ms)
			LogAssemblyErrors (0ms)
			InitializePlatformSupportModulesInManaged (8ms)
			SetLoadedEditorAssemblies (7ms)
			RefreshPlugins (0ms)
			BeforeProcessingInitializeOnLoad (130ms)
			ProcessInitializeOnLoadAttributes (410ms)
			ProcessInitializeOnLoadMethodAttributes (96ms)
			AfterProcessingInitializeOnLoad (11ms)
			EditorAssembliesLoaded (0ms)
		ExecutionOrderSort2 (0ms)
		AwakeInstancesAfterBackupRestoration (28ms)
Refreshing native plugins compatible for Editor in 2.91 ms, found 4 plugins.
Preloading 0 native plugins for Editor in 0.00 ms.
Unloading 5921 Unused Serialized files (Serialized files now loaded: 0)
Unloading 51 unused Assets / (0.7 MB). Loaded Objects now: 6692.
Memory consumption went from 228.9 MB to 228.2 MB.
Total: 5.119700 ms (FindLiveObjects: 0.826700 ms CreateObjectMapping: 0.247800 ms MarkObjects: 3.569500 ms  DeleteObjects: 0.474700 ms)

Prepare: number of updated asset objects reloaded= 0
AssetImportParameters requested are different than current active one (requested -> active):
  custom:container-demuxer-ogg: 62fdf1f143b41e24485cea50d1cbac27 -> 
  custom:video-decoder-ogg-theora: a1e56fd34408186e4bbccfd4996cb3dc -> 
  custom:framework-win-MediaFoundation: 216162199b28c13a410421893ffa2e32 -> 
  custom:CustomObjectIndexerAttribute: a3ef5dd2817f97addfee359851a9dba5 -> 
  custom:container-demuxer-webm: 4f35f7cbe854078d1ac9338744f61a02 -> 
  custom:container-muxer-webm: aa71ff27fc2769a1b78a27578f13a17b -> 
  custom:video-decoder-webm-vp8: 9c59270c3fd7afecdb556c50c9e8de78 -> 
  custom:AudioImporter_EditorPlatform: d09bf68614088b80899f8185d706f6e7 -> 
  custom:video-encoder-webm-vp8: eb34c28f22e8b96e1ab97ce403110664 -> 
  custom:audio-decoder-ogg-vorbis: bf7c407c2cedff20999df2af8eb42d56 -> 
  custom:audio-encoder-webm-vorbis: bf7c407c2cedff20999df2af8eb42d56 -> 
========================================================================
Received Import Request.
  Time since last request: 34.703038 seconds.
  path: Assets/Prefabs/NPCs/doom-eternal-mecha-zombie-toy-1/MechaZombie_Toy/Animations/zombie_tier3_toy_LOD0@Magic Spell Casting.fbx
  artifactKey: Guid(79bf388d9bee07d4fa60e548421efdd4) Importer(815301076,1909f56bfc062723c751e8b465ee728b)
Start importing Assets/Prefabs/NPCs/doom-eternal-mecha-zombie-toy-1/MechaZombie_Toy/Animations/zombie_tier3_toy_LOD0@Magic Spell Casting.fbx using Guid(79bf388d9bee07d4fa60e548421efdd4) Importer(815301076,1909f56bfc062723c751e8b465ee728b)  -> (artifact id: 'd04210068c09b1ab8db0833b3e8f5c27') in 0.023598 seconds
Number of updated asset objects reloaded before import = 0
Number of asset objects unloaded after import = 58
========================================================================
Received Prepare
Begin MonoManager ReloadAssembly
Symbol file LoadedFromMemory doesn't match image E:\WORKSPACE\git\Tfg_Doom2punto5\Unity\TFG\Library\PackageCache\com.unity.visualscripting@1.8.0\Editor\VisualScripting.Core\Dependencies\YamlDotNet\Unity.VisualScripting.YamlDotNet.dll
Symbol file LoadedFromMemory doesn't match image E:\WORKSPACE\git\Tfg_Doom2punto5\Unity\TFG\Library\PackageCache\com.unity.visualscripting@1.8.0\Editor\VisualScripting.Core\Dependencies\DotNetZip\Unity.VisualScripting.IonicZip.dll
- Loaded All Assemblies, in  0.972 seconds
Refreshing native plugins compatible for Editor in 6.95 ms, found 4 plugins.
Native extension for WindowsStandalone target not found
[Package Manager] Server::EnsureServerProcessIsRunning -- launch failed, reason: Unity was launched with the -noUpm command-line argument
[Package Manager] UpmClient::Send -- Unable to send message (not connected to UPM process).
[Package Manager] Cannot connect to Unity Package Manager local server
Mono: successfully reloaded assembly
- Finished resetting the current domain, in  1.490 seconds
Domain Reload Profiling: 2456ms
	BeginReloadAssembly (177ms)
		ExecutionOrderSort (0ms)
		DisableScriptedObjects (15ms)
		BackupInstance (0ms)
		ReleaseScriptingObjects (0ms)
		CreateAndSetChildDomain (46ms)
	RebuildCommonClasses (36ms)
	RebuildNativeTypeToScriptingClass (14ms)
	initialDomainReloadingComplete (35ms)
	LoadAllAssembliesAndSetupDomain (704ms)
		LoadAssemblies (400ms)
		RebuildTransferFunctionScriptingTraits (0ms)
		AnalyzeDomain (373ms)
			TypeCache.Refresh (358ms)
				TypeCache.ScanAssembly (342ms)
			ScanForSourceGeneratedMonoScriptInfo (0ms)
			ResolveRequiredComponents (16ms)
	FinalizeReload (1490ms)
		ReleaseScriptCaches (0ms)
		RebuildScriptCaches (0ms)
		SetupLoadedEditorAssemblies (679ms)
			LogAssemblyErrors (0ms)
			InitializePlatformSupportModulesInManaged (8ms)
			SetLoadedEditorAssemblies (6ms)
			RefreshPlugins (0ms)
			BeforeProcessingInitializeOnLoad (127ms)
			ProcessInitializeOnLoadAttributes (431ms)
			ProcessInitializeOnLoadMethodAttributes (96ms)
			AfterProcessingInitializeOnLoad (11ms)
			EditorAssembliesLoaded (0ms)
		ExecutionOrderSort2 (0ms)
		AwakeInstancesAfterBackupRestoration (28ms)
Refreshing native plugins compatible for Editor in 5.20 ms, found 4 plugins.
Preloading 0 native plugins for Editor in 0.00 ms.
Unloading 5921 Unused Serialized files (Serialized files now loaded: 0)
Unloading 51 unused Assets / (0.7 MB). Loaded Objects now: 6697.
Memory consumption went from 228.9 MB to 228.2 MB.
Total: 5.922500 ms (FindLiveObjects: 0.893100 ms CreateObjectMapping: 0.411900 ms MarkObjects: 4.109500 ms  DeleteObjects: 0.506400 ms)

Prepare: number of updated asset objects reloaded= 0
AssetImportParameters requested are different than current active one (requested -> active):
  custom:container-demuxer-ogg: 62fdf1f143b41e24485cea50d1cbac27 -> 
  custom:video-decoder-ogg-theora: a1e56fd34408186e4bbccfd4996cb3dc -> 
  custom:framework-win-MediaFoundation: 216162199b28c13a410421893ffa2e32 -> 
  custom:CustomObjectIndexerAttribute: a3ef5dd2817f97addfee359851a9dba5 -> 
  custom:container-demuxer-webm: 4f35f7cbe854078d1ac9338744f61a02 -> 
  custom:container-muxer-webm: aa71ff27fc2769a1b78a27578f13a17b -> 
  custom:video-decoder-webm-vp8: 9c59270c3fd7afecdb556c50c9e8de78 -> 
  custom:AudioImporter_EditorPlatform: d09bf68614088b80899f8185d706f6e7 -> 
  custom:video-encoder-webm-vp8: eb34c28f22e8b96e1ab97ce403110664 -> 
  custom:audio-decoder-ogg-vorbis: bf7c407c2cedff20999df2af8eb42d56 -> 
  custom:audio-encoder-webm-vorbis: bf7c407c2cedff20999df2af8eb42d56 -> 
========================================================================
Received Prepare
Begin MonoManager ReloadAssembly
Symbol file LoadedFromMemory doesn't match image E:\WORKSPACE\git\Tfg_Doom2punto5\Unity\TFG\Library\PackageCache\com.unity.visualscripting@1.8.0\Editor\VisualScripting.Core\Dependencies\YamlDotNet\Unity.VisualScripting.YamlDotNet.dll
Symbol file LoadedFromMemory doesn't match image E:\WORKSPACE\git\Tfg_Doom2punto5\Unity\TFG\Library\PackageCache\com.unity.visualscripting@1.8.0\Editor\VisualScripting.Core\Dependencies\DotNetZip\Unity.VisualScripting.IonicZip.dll
- Loaded All Assemblies, in  0.944 seconds
Refreshing native plugins compatible for Editor in 3.78 ms, found 4 plugins.
Native extension for WindowsStandalone target not found
[Package Manager] Server::EnsureServerProcessIsRunning -- launch failed, reason: Unity was launched with the -noUpm command-line argument
[Package Manager] UpmClient::Send -- Unable to send message (not connected to UPM process).
[Package Manager] Cannot connect to Unity Package Manager local server
Mono: successfully reloaded assembly
- Finished resetting the current domain, in  1.442 seconds
Domain Reload Profiling: 2379ms
	BeginReloadAssembly (166ms)
		ExecutionOrderSort (0ms)
		DisableScriptedObjects (15ms)
		BackupInstance (0ms)
		ReleaseScriptingObjects (0ms)
		CreateAndSetChildDomain (42ms)
	RebuildCommonClasses (37ms)
	RebuildNativeTypeToScriptingClass (13ms)
	initialDomainReloadingComplete (35ms)
	LoadAllAssembliesAndSetupDomain (685ms)
		LoadAssemblies (384ms)
		RebuildTransferFunctionScriptingTraits (0ms)
		AnalyzeDomain (365ms)
			TypeCache.Refresh (349ms)
				TypeCache.ScanAssembly (335ms)
			ScanForSourceGeneratedMonoScriptInfo (0ms)
			ResolveRequiredComponents (16ms)
	FinalizeReload (1443ms)
		ReleaseScriptCaches (0ms)
		RebuildScriptCaches (0ms)
		SetupLoadedEditorAssemblies (648ms)
			LogAssemblyErrors (0ms)
			InitializePlatformSupportModulesInManaged (8ms)
			SetLoadedEditorAssemblies (7ms)
			RefreshPlugins (0ms)
			BeforeProcessingInitializeOnLoad (123ms)
			ProcessInitializeOnLoadAttributes (407ms)
			ProcessInitializeOnLoadMethodAttributes (93ms)
			AfterProcessingInitializeOnLoad (10ms)
			EditorAssembliesLoaded (0ms)
		ExecutionOrderSort2 (0ms)
		AwakeInstancesAfterBackupRestoration (29ms)
Refreshing native plugins compatible for Editor in 4.97 ms, found 4 plugins.
Preloading 0 native plugins for Editor in 0.00 ms.
Unloading 5921 Unused Serialized files (Serialized files now loaded: 0)
Unloading 51 unused Assets / (0.7 MB). Loaded Objects now: 6702.
Memory consumption went from 228.9 MB to 228.2 MB.
Total: 5.153500 ms (FindLiveObjects: 0.897100 ms CreateObjectMapping: 0.218300 ms MarkObjects: 3.522100 ms  DeleteObjects: 0.514800 ms)

Prepare: number of updated asset objects reloaded= 0
AssetImportParameters requested are different than current active one (requested -> active):
  custom:container-demuxer-ogg: 62fdf1f143b41e24485cea50d1cbac27 -> 
  custom:video-decoder-ogg-theora: a1e56fd34408186e4bbccfd4996cb3dc -> 
  custom:framework-win-MediaFoundation: 216162199b28c13a410421893ffa2e32 -> 
  custom:CustomObjectIndexerAttribute: a3ef5dd2817f97addfee359851a9dba5 -> 
  custom:container-demuxer-webm: 4f35f7cbe854078d1ac9338744f61a02 -> 
  custom:container-muxer-webm: aa71ff27fc2769a1b78a27578f13a17b -> 
  custom:video-decoder-webm-vp8: 9c59270c3fd7afecdb556c50c9e8de78 -> 
  custom:AudioImporter_EditorPlatform: d09bf68614088b80899f8185d706f6e7 -> 
  custom:video-encoder-webm-vp8: eb34c28f22e8b96e1ab97ce403110664 -> 
  custom:audio-decoder-ogg-vorbis: bf7c407c2cedff20999df2af8eb42d56 -> 
  custom:audio-encoder-webm-vorbis: bf7c407c2cedff20999df2af8eb42d56 -> 
========================================================================
Received Prepare
Begin MonoManager ReloadAssembly
Symbol file LoadedFromMemory doesn't match image E:\WORKSPACE\git\Tfg_Doom2punto5\Unity\TFG\Library\PackageCache\com.unity.visualscripting@1.8.0\Editor\VisualScripting.Core\Dependencies\YamlDotNet\Unity.VisualScripting.YamlDotNet.dll
Symbol file LoadedFromMemory doesn't match image E:\WORKSPACE\git\Tfg_Doom2punto5\Unity\TFG\Library\PackageCache\com.unity.visualscripting@1.8.0\Editor\VisualScripting.Core\Dependencies\DotNetZip\Unity.VisualScripting.IonicZip.dll
- Loaded All Assemblies, in  0.938 seconds
Refreshing native plugins compatible for Editor in 3.67 ms, found 4 plugins.
Native extension for WindowsStandalone target not found
[Package Manager] Server::EnsureServerProcessIsRunning -- launch failed, reason: Unity was launched with the -noUpm command-line argument
[Package Manager] UpmClient::Send -- Unable to send message (not connected to UPM process).
[Package Manager] Cannot connect to Unity Package Manager local server
Mono: successfully reloaded assembly
- Finished resetting the current domain, in  1.438 seconds
Domain Reload Profiling: 2372ms
	BeginReloadAssembly (175ms)
		ExecutionOrderSort (0ms)
		DisableScriptedObjects (14ms)
		BackupInstance (0ms)
		ReleaseScriptingObjects (0ms)
		CreateAndSetChildDomain (45ms)
	RebuildCommonClasses (36ms)
	RebuildNativeTypeToScriptingClass (13ms)
	initialDomainReloadingComplete (34ms)
	LoadAllAssembliesAndSetupDomain (675ms)
		LoadAssemblies (373ms)
		RebuildTransferFunctionScriptingTraits (0ms)
		AnalyzeDomain (366ms)
			TypeCache.Refresh (350ms)
				TypeCache.ScanAssembly (336ms)
			ScanForSourceGeneratedMonoScriptInfo (0ms)
			ResolveRequiredComponents (16ms)
	FinalizeReload (1439ms)
		ReleaseScriptCaches (0ms)
		RebuildScriptCaches (0ms)
		SetupLoadedEditorAssemblies (651ms)
			LogAssemblyErrors (0ms)
			InitializePlatformSupportModulesInManaged (7ms)
			SetLoadedEditorAssemblies (6ms)
			RefreshPlugins (0ms)
			BeforeProcessingInitializeOnLoad (124ms)
			ProcessInitializeOnLoadAttributes (414ms)
			ProcessInitializeOnLoadMethodAttributes (90ms)
			AfterProcessingInitializeOnLoad (9ms)
			EditorAssembliesLoaded (0ms)
		ExecutionOrderSort2 (0ms)
		AwakeInstancesAfterBackupRestoration (31ms)
Refreshing native plugins compatible for Editor in 3.39 ms, found 4 plugins.
Preloading 0 native plugins for Editor in 0.00 ms.
Unloading 5921 Unused Serialized files (Serialized files now loaded: 0)
Unloading 51 unused Assets / (0.7 MB). Loaded Objects now: 6707.
Memory consumption went from 228.9 MB to 228.2 MB.
Total: 4.310200 ms (FindLiveObjects: 0.787800 ms CreateObjectMapping: 0.221500 ms MarkObjects: 2.907100 ms  DeleteObjects: 0.392700 ms)

Prepare: number of updated asset objects reloaded= 0
AssetImportParameters requested are different than current active one (requested -> active):
  custom:container-demuxer-ogg: 62fdf1f143b41e24485cea50d1cbac27 -> 
  custom:video-decoder-ogg-theora: a1e56fd34408186e4bbccfd4996cb3dc -> 
  custom:framework-win-MediaFoundation: 216162199b28c13a410421893ffa2e32 -> 
  custom:CustomObjectIndexerAttribute: a3ef5dd2817f97addfee359851a9dba5 -> 
  custom:container-demuxer-webm: 4f35f7cbe854078d1ac9338744f61a02 -> 
  custom:container-muxer-webm: aa71ff27fc2769a1b78a27578f13a17b -> 
  custom:video-decoder-webm-vp8: 9c59270c3fd7afecdb556c50c9e8de78 -> 
  custom:AudioImporter_EditorPlatform: d09bf68614088b80899f8185d706f6e7 -> 
  custom:video-encoder-webm-vp8: eb34c28f22e8b96e1ab97ce403110664 -> 
  custom:audio-decoder-ogg-vorbis: bf7c407c2cedff20999df2af8eb42d56 -> 
  custom:audio-encoder-webm-vorbis: bf7c407c2cedff20999df2af8eb42d56 -> 
========================================================================
Received Prepare
Begin MonoManager ReloadAssembly
Symbol file LoadedFromMemory doesn't match image E:\WORKSPACE\git\Tfg_Doom2punto5\Unity\TFG\Library\PackageCache\com.unity.visualscripting@1.8.0\Editor\VisualScripting.Core\Dependencies\YamlDotNet\Unity.VisualScripting.YamlDotNet.dll
Symbol file LoadedFromMemory doesn't match image E:\WORKSPACE\git\Tfg_Doom2punto5\Unity\TFG\Library\PackageCache\com.unity.visualscripting@1.8.0\Editor\VisualScripting.Core\Dependencies\DotNetZip\Unity.VisualScripting.IonicZip.dll
- Loaded All Assemblies, in  0.981 seconds
Refreshing native plugins compatible for Editor in 5.39 ms, found 4 plugins.
Native extension for WindowsStandalone target not found
[Package Manager] Server::EnsureServerProcessIsRunning -- launch failed, reason: Unity was launched with the -noUpm command-line argument
[Package Manager] UpmClient::Send -- Unable to send message (not connected to UPM process).
[Package Manager] Cannot connect to Unity Package Manager local server
Mono: successfully reloaded assembly
- Finished resetting the current domain, in  1.450 seconds
Domain Reload Profiling: 2424ms
	BeginReloadAssembly (184ms)
		ExecutionOrderSort (0ms)
		DisableScriptedObjects (16ms)
		BackupInstance (0ms)
		ReleaseScriptingObjects (0ms)
		CreateAndSetChildDomain (42ms)
	RebuildCommonClasses (36ms)
	RebuildNativeTypeToScriptingClass (14ms)
	initialDomainReloadingComplete (37ms)
	LoadAllAssembliesAndSetupDomain (702ms)
		LoadAssemblies (393ms)
		RebuildTransferFunctionScriptingTraits (0ms)
		AnalyzeDomain (375ms)
			TypeCache.Refresh (360ms)
				TypeCache.ScanAssembly (342ms)
			ScanForSourceGeneratedMonoScriptInfo (0ms)
			ResolveRequiredComponents (15ms)
	FinalizeReload (1451ms)
		ReleaseScriptCaches (0ms)
		RebuildScriptCaches (0ms)
		SetupLoadedEditorAssemblies (645ms)
			LogAssemblyErrors (0ms)
			InitializePlatformSupportModulesInManaged (8ms)
			SetLoadedEditorAssemblies (6ms)
			RefreshPlugins (0ms)
			BeforeProcessingInitializeOnLoad (132ms)
			ProcessInitializeOnLoadAttributes (398ms)
			ProcessInitializeOnLoadMethodAttributes (93ms)
			AfterProcessingInitializeOnLoad (9ms)
			EditorAssembliesLoaded (0ms)
		ExecutionOrderSort2 (0ms)
		AwakeInstancesAfterBackupRestoration (27ms)
Refreshing native plugins compatible for Editor in 3.73 ms, found 4 plugins.
Preloading 0 native plugins for Editor in 0.00 ms.
Unloading 5921 Unused Serialized files (Serialized files now loaded: 0)
Unloading 51 unused Assets / (0.7 MB). Loaded Objects now: 6712.
Memory consumption went from 228.9 MB to 228.2 MB.
Total: 6.032500 ms (FindLiveObjects: 1.126700 ms CreateObjectMapping: 0.480300 ms MarkObjects: 3.783400 ms  DeleteObjects: 0.640700 ms)

Prepare: number of updated asset objects reloaded= 0
AssetImportParameters requested are different than current active one (requested -> active):
  custom:container-demuxer-ogg: 62fdf1f143b41e24485cea50d1cbac27 -> 
  custom:video-decoder-ogg-theora: a1e56fd34408186e4bbccfd4996cb3dc -> 
  custom:framework-win-MediaFoundation: 216162199b28c13a410421893ffa2e32 -> 
  custom:CustomObjectIndexerAttribute: a3ef5dd2817f97addfee359851a9dba5 -> 
  custom:container-demuxer-webm: 4f35f7cbe854078d1ac9338744f61a02 -> 
  custom:container-muxer-webm: aa71ff27fc2769a1b78a27578f13a17b -> 
  custom:video-decoder-webm-vp8: 9c59270c3fd7afecdb556c50c9e8de78 -> 
  custom:AudioImporter_EditorPlatform: d09bf68614088b80899f8185d706f6e7 -> 
  custom:video-encoder-webm-vp8: eb34c28f22e8b96e1ab97ce403110664 -> 
  custom:audio-decoder-ogg-vorbis: bf7c407c2cedff20999df2af8eb42d56 -> 
  custom:audio-encoder-webm-vorbis: bf7c407c2cedff20999df2af8eb42d56 -> 
========================================================================
Received Prepare
Begin MonoManager ReloadAssembly
Symbol file LoadedFromMemory doesn't match image E:\WORKSPACE\git\Tfg_Doom2punto5\Unity\TFG\Library\PackageCache\com.unity.visualscripting@1.8.0\Editor\VisualScripting.Core\Dependencies\YamlDotNet\Unity.VisualScripting.YamlDotNet.dll
Symbol file LoadedFromMemory doesn't match image E:\WORKSPACE\git\Tfg_Doom2punto5\Unity\TFG\Library\PackageCache\com.unity.visualscripting@1.8.0\Editor\VisualScripting.Core\Dependencies\DotNetZip\Unity.VisualScripting.IonicZip.dll
- Loaded All Assemblies, in  0.968 seconds
Refreshing native plugins compatible for Editor in 4.94 ms, found 4 plugins.
Native extension for WindowsStandalone target not found
[Package Manager] Server::EnsureServerProcessIsRunning -- launch failed, reason: Unity was launched with the -noUpm command-line argument
[Package Manager] UpmClient::Send -- Unable to send message (not connected to UPM process).
[Package Manager] Cannot connect to Unity Package Manager local server
Mono: successfully reloaded assembly
- Finished resetting the current domain, in  1.509 seconds
Domain Reload Profiling: 2473ms
	BeginReloadAssembly (179ms)
		ExecutionOrderSort (0ms)
		DisableScriptedObjects (15ms)
		BackupInstance (0ms)
		ReleaseScriptingObjects (0ms)
		CreateAndSetChildDomain (46ms)
	RebuildCommonClasses (37ms)
	RebuildNativeTypeToScriptingClass (13ms)
	initialDomainReloadingComplete (36ms)
	LoadAllAssembliesAndSetupDomain (699ms)
		LoadAssemblies (392ms)
		RebuildTransferFunctionScriptingTraits (0ms)
		AnalyzeDomain (371ms)
			TypeCache.Refresh (354ms)
				TypeCache.ScanAssembly (339ms)
			ScanForSourceGeneratedMonoScriptInfo (0ms)
			ResolveRequiredComponents (16ms)
	FinalizeReload (1510ms)
		ReleaseScriptCaches (0ms)
		RebuildScriptCaches (0ms)
		SetupLoadedEditorAssemblies (690ms)
			LogAssemblyErrors (0ms)
			InitializePlatformSupportModulesInManaged (8ms)
			SetLoadedEditorAssemblies (6ms)
			RefreshPlugins (0ms)
			BeforeProcessingInitializeOnLoad (135ms)
			ProcessInitializeOnLoadAttributes (426ms)
			ProcessInitializeOnLoadMethodAttributes (105ms)
			AfterProcessingInitializeOnLoad (10ms)
			EditorAssembliesLoaded (0ms)
		ExecutionOrderSort2 (0ms)
		AwakeInstancesAfterBackupRestoration (27ms)
Refreshing native plugins compatible for Editor in 4.70 ms, found 4 plugins.
Preloading 0 native plugins for Editor in 0.00 ms.
Unloading 5921 Unused Serialized files (Serialized files now loaded: 0)
Unloading 51 unused Assets / (0.7 MB). Loaded Objects now: 6717.
Memory consumption went from 228.9 MB to 228.2 MB.
Total: 4.757300 ms (FindLiveObjects: 0.915600 ms CreateObjectMapping: 0.298100 ms MarkObjects: 3.129700 ms  DeleteObjects: 0.412700 ms)

Prepare: number of updated asset objects reloaded= 0
AssetImportParameters requested are different than current active one (requested -> active):
  custom:container-demuxer-ogg: 62fdf1f143b41e24485cea50d1cbac27 -> 
  custom:video-decoder-ogg-theora: a1e56fd34408186e4bbccfd4996cb3dc -> 
  custom:framework-win-MediaFoundation: 216162199b28c13a410421893ffa2e32 -> 
  custom:CustomObjectIndexerAttribute: a3ef5dd2817f97addfee359851a9dba5 -> 
  custom:container-demuxer-webm: 4f35f7cbe854078d1ac9338744f61a02 -> 
  custom:container-muxer-webm: aa71ff27fc2769a1b78a27578f13a17b -> 
  custom:video-decoder-webm-vp8: 9c59270c3fd7afecdb556c50c9e8de78 -> 
  custom:AudioImporter_EditorPlatform: d09bf68614088b80899f8185d706f6e7 -> 
  custom:video-encoder-webm-vp8: eb34c28f22e8b96e1ab97ce403110664 -> 
  custom:audio-decoder-ogg-vorbis: bf7c407c2cedff20999df2af8eb42d56 -> 
  custom:audio-encoder-webm-vorbis: bf7c407c2cedff20999df2af8eb42d56 -> 
========================================================================
Received Import Request.
  Time since last request: 389.859264 seconds.
  path: Assets/Prefabs/NPCs/doom-eternal-mecha-zombie-toy-1/MechaZombie_Ready.prefab
  artifactKey: Guid(7b36ff7a8aaee9847a268ccad5ba3efa) Importer(815301076,1909f56bfc062723c751e8b465ee728b)
Start importing Assets/Prefabs/NPCs/doom-eternal-mecha-zombie-toy-1/MechaZombie_Ready.prefab using Guid(7b36ff7a8aaee9847a268ccad5ba3efa) Importer(815301076,1909f56bfc062723c751e8b465ee728b)  -> (artifact id: 'abc63ac0b484302de76c65e7de90f669') in 0.050886 seconds
Number of updated asset objects reloaded before import = 0
Number of asset objects unloaded after import = 179
========================================================================
Received Prepare
Begin MonoManager ReloadAssembly
Symbol file LoadedFromMemory doesn't match image E:\WORKSPACE\git\Tfg_Doom2punto5\Unity\TFG\Library\PackageCache\com.unity.visualscripting@1.8.0\Editor\VisualScripting.Core\Dependencies\YamlDotNet\Unity.VisualScripting.YamlDotNet.dll
Symbol file LoadedFromMemory doesn't match image E:\WORKSPACE\git\Tfg_Doom2punto5\Unity\TFG\Library\PackageCache\com.unity.visualscripting@1.8.0\Editor\VisualScripting.Core\Dependencies\DotNetZip\Unity.VisualScripting.IonicZip.dll
- Loaded All Assemblies, in  0.950 seconds
Refreshing native plugins compatible for Editor in 5.30 ms, found 4 plugins.
Native extension for WindowsStandalone target not found
[Package Manager] Server::EnsureServerProcessIsRunning -- launch failed, reason: Unity was launched with the -noUpm command-line argument
[Package Manager] UpmClient::Send -- Unable to send message (not connected to UPM process).
[Package Manager] Cannot connect to Unity Package Manager local server
Mono: successfully reloaded assembly
- Finished resetting the current domain, in  1.465 seconds
Domain Reload Profiling: 2410ms
	BeginReloadAssembly (176ms)
		ExecutionOrderSort (0ms)
		DisableScriptedObjects (14ms)
		BackupInstance (0ms)
		ReleaseScriptingObjects (0ms)
		CreateAndSetChildDomain (44ms)
	RebuildCommonClasses (37ms)
	RebuildNativeTypeToScriptingClass (14ms)
	initialDomainReloadingComplete (34ms)
	LoadAllAssembliesAndSetupDomain (684ms)
		LoadAssemblies (389ms)
		RebuildTransferFunctionScriptingTraits (0ms)
		AnalyzeDomain (365ms)
			TypeCache.Refresh (349ms)
				TypeCache.ScanAssembly (335ms)
			ScanForSourceGeneratedMonoScriptInfo (0ms)
			ResolveRequiredComponents (16ms)
	FinalizeReload (1466ms)
		ReleaseScriptCaches (0ms)
		RebuildScriptCaches (0ms)
		SetupLoadedEditorAssemblies (676ms)
			LogAssemblyErrors (0ms)
			InitializePlatformSupportModulesInManaged (8ms)
			SetLoadedEditorAssemblies (6ms)
			RefreshPlugins (0ms)
			BeforeProcessingInitializeOnLoad (130ms)
			ProcessInitializeOnLoadAttributes (425ms)
			ProcessInitializeOnLoadMethodAttributes (97ms)
			AfterProcessingInitializeOnLoad (10ms)
			EditorAssembliesLoaded (0ms)
		ExecutionOrderSort2 (0ms)
		AwakeInstancesAfterBackupRestoration (30ms)
Refreshing native plugins compatible for Editor in 4.35 ms, found 4 plugins.
Preloading 0 native plugins for Editor in 0.00 ms.
Unloading 5921 Unused Serialized files (Serialized files now loaded: 0)
Unloading 51 unused Assets / (0.7 MB). Loaded Objects now: 6722.
Memory consumption went from 228.9 MB to 228.2 MB.
Total: 5.334700 ms (FindLiveObjects: 0.984700 ms CreateObjectMapping: 0.237600 ms MarkObjects: 3.546500 ms  DeleteObjects: 0.564400 ms)

Prepare: number of updated asset objects reloaded= 0
AssetImportParameters requested are different than current active one (requested -> active):
  custom:container-demuxer-ogg: 62fdf1f143b41e24485cea50d1cbac27 -> 
  custom:video-decoder-ogg-theora: a1e56fd34408186e4bbccfd4996cb3dc -> 
  custom:framework-win-MediaFoundation: 216162199b28c13a410421893ffa2e32 -> 
  custom:CustomObjectIndexerAttribute: a3ef5dd2817f97addfee359851a9dba5 -> 
  custom:container-demuxer-webm: 4f35f7cbe854078d1ac9338744f61a02 -> 
  custom:container-muxer-webm: aa71ff27fc2769a1b78a27578f13a17b -> 
  custom:video-decoder-webm-vp8: 9c59270c3fd7afecdb556c50c9e8de78 -> 
  custom:AudioImporter_EditorPlatform: d09bf68614088b80899f8185d706f6e7 -> 
  custom:video-encoder-webm-vp8: eb34c28f22e8b96e1ab97ce403110664 -> 
  custom:audio-decoder-ogg-vorbis: bf7c407c2cedff20999df2af8eb42d56 -> 
  custom:audio-encoder-webm-vorbis: bf7c407c2cedff20999df2af8eb42d56 -> 
========================================================================
Received Import Request.
  Time since last request: 102.968139 seconds.
  path: Assets/Prefabs/NPCs/ProyectilesEnemigos/ProyectilEnergiaEnemigo.prefab
  artifactKey: Guid(fd20aade6418dda4ab888ff02cfc106c) Importer(815301076,1909f56bfc062723c751e8b465ee728b)
Start importing Assets/Prefabs/NPCs/ProyectilesEnemigos/ProyectilEnergiaEnemigo.prefab using Guid(fd20aade6418dda4ab888ff02cfc106c) Importer(815301076,1909f56bfc062723c751e8b465ee728b)  -> (artifact id: 'f643288e0360d5dad5653a841fa6a789') in 0.020250 seconds
Number of updated asset objects reloaded before import = 0
Number of asset objects unloaded after import = 40
========================================================================
Received Prepare
Begin MonoManager ReloadAssembly
Symbol file LoadedFromMemory doesn't match image E:\WORKSPACE\git\Tfg_Doom2punto5\Unity\TFG\Library\PackageCache\com.unity.visualscripting@1.8.0\Editor\VisualScripting.Core\Dependencies\YamlDotNet\Unity.VisualScripting.YamlDotNet.dll
Symbol file LoadedFromMemory doesn't match image E:\WORKSPACE\git\Tfg_Doom2punto5\Unity\TFG\Library\PackageCache\com.unity.visualscripting@1.8.0\Editor\VisualScripting.Core\Dependencies\DotNetZip\Unity.VisualScripting.IonicZip.dll
- Loaded All Assemblies, in  0.934 seconds
Refreshing native plugins compatible for Editor in 4.54 ms, found 4 plugins.
Native extension for WindowsStandalone target not found
[Package Manager] Server::EnsureServerProcessIsRunning -- launch failed, reason: Unity was launched with the -noUpm command-line argument
[Package Manager] UpmClient::Send -- Unable to send message (not connected to UPM process).
[Package Manager] Cannot connect to Unity Package Manager local server
Mono: successfully reloaded assembly
- Finished resetting the current domain, in  1.463 seconds
Domain Reload Profiling: 2393ms
	BeginReloadAssembly (172ms)
		ExecutionOrderSort (0ms)
		DisableScriptedObjects (14ms)
		BackupInstance (0ms)
		ReleaseScriptingObjects (0ms)
		CreateAndSetChildDomain (44ms)
	RebuildCommonClasses (37ms)
	RebuildNativeTypeToScriptingClass (13ms)
	initialDomainReloadingComplete (37ms)
	LoadAllAssembliesAndSetupDomain (670ms)
		LoadAssemblies (371ms)
		RebuildTransferFunctionScriptingTraits (0ms)
		AnalyzeDomain (370ms)
			TypeCache.Refresh (352ms)
				TypeCache.ScanAssembly (338ms)
			ScanForSourceGeneratedMonoScriptInfo (0ms)
			ResolveRequiredComponents (17ms)
	FinalizeReload (1464ms)
		ReleaseScriptCaches (0ms)
		RebuildScriptCaches (0ms)
		SetupLoadedEditorAssemblies (696ms)
			LogAssemblyErrors (0ms)
			InitializePlatformSupportModulesInManaged (8ms)
			SetLoadedEditorAssemblies (6ms)
			RefreshPlugins (0ms)
			BeforeProcessingInitializeOnLoad (138ms)
			ProcessInitializeOnLoadAttributes (436ms)
			ProcessInitializeOnLoadMethodAttributes (96ms)
			AfterProcessingInitializeOnLoad (10ms)
			EditorAssembliesLoaded (0ms)
		ExecutionOrderSort2 (0ms)
		AwakeInstancesAfterBackupRestoration (29ms)
Refreshing native plugins compatible for Editor in 4.81 ms, found 4 plugins.
Preloading 0 native plugins for Editor in 0.00 ms.
Unloading 5921 Unused Serialized files (Serialized files now loaded: 0)
Unloading 51 unused Assets / (0.7 MB). Loaded Objects now: 6727.
Memory consumption went from 228.9 MB to 228.2 MB.
Total: 4.427100 ms (FindLiveObjects: 0.816500 ms CreateObjectMapping: 0.217800 ms MarkObjects: 2.948300 ms  DeleteObjects: 0.442700 ms)

Prepare: number of updated asset objects reloaded= 0
AssetImportParameters requested are different than current active one (requested -> active):
  custom:container-demuxer-ogg: 62fdf1f143b41e24485cea50d1cbac27 -> 
  custom:video-decoder-ogg-theora: a1e56fd34408186e4bbccfd4996cb3dc -> 
  custom:framework-win-MediaFoundation: 216162199b28c13a410421893ffa2e32 -> 
  custom:CustomObjectIndexerAttribute: a3ef5dd2817f97addfee359851a9dba5 -> 
  custom:container-demuxer-webm: 4f35f7cbe854078d1ac9338744f61a02 -> 
  custom:container-muxer-webm: aa71ff27fc2769a1b78a27578f13a17b -> 
  custom:video-decoder-webm-vp8: 9c59270c3fd7afecdb556c50c9e8de78 -> 
  custom:AudioImporter_EditorPlatform: d09bf68614088b80899f8185d706f6e7 -> 
  custom:video-encoder-webm-vp8: eb34c28f22e8b96e1ab97ce403110664 -> 
  custom:audio-decoder-ogg-vorbis: bf7c407c2cedff20999df2af8eb42d56 -> 
  custom:audio-encoder-webm-vorbis: bf7c407c2cedff20999df2af8eb42d56 -> 
========================================================================
Received Import Request.
  Time since last request: 72.293927 seconds.
  path: Assets/Prefabs/FX/CartoonEffectsToChulos/Cartoon FX Remaster/CFXR Assets/Graphics/cfxr ember blur hdr ab.mat
  artifactKey: Guid(6cd2d08f4a4d93542aa0004bdac91566) Importer(815301076,1909f56bfc062723c751e8b465ee728b)
Start importing Assets/Prefabs/FX/CartoonEffectsToChulos/Cartoon FX Remaster/CFXR Assets/Graphics/cfxr ember blur hdr ab.mat using Guid(6cd2d08f4a4d93542aa0004bdac91566) Importer(815301076,1909f56bfc062723c751e8b465ee728b)  -> (artifact id: '681ce4cde39ea199097abd008ac1c846') in 0.039262 seconds
Number of updated asset objects reloaded before import = 0
Number of asset objects unloaded after import = 1
========================================================================
Received Import Request.
  Time since last request: 0.000023 seconds.
  path: Assets/Prefabs/FX/CartoonEffectsToChulos/Cartoon FX (legacy)/Materials/Electric/CFX_ElectricBolt_Add.mat
  artifactKey: Guid(9c36c09a0f6dd93458248f001ebce5ab) Importer(815301076,1909f56bfc062723c751e8b465ee728b)
Start importing Assets/Prefabs/FX/CartoonEffectsToChulos/Cartoon FX (legacy)/Materials/Electric/CFX_ElectricBolt_Add.mat using Guid(9c36c09a0f6dd93458248f001ebce5ab) Importer(815301076,1909f56bfc062723c751e8b465ee728b)  -> (artifact id: '9621de1cb43d702ff303f72404d01076') in 0.001317 seconds
Number of updated asset objects reloaded before import = 0
Number of asset objects unloaded after import = 1
Editor requested this worker to shutdown with reason: Scaling down because of idle timeout
TcpMessagingSession - receive error: operation aborted. errorcode: 995, details: La operacin de E/S se anul por una salida de subproceso o por una solicitud de aplicacin.
AssetImportWorker is now disconnected from the server
Process exiting
Exiting without the bug reporter. Application will terminate with return code 0