Using pre-set license
Built from '2022.3/staging' branch; Version is '2022.3.4f1 (35713cd46cd7) revision 3502396'; Using compiler version '192829333'; Build Type 'Release'
OS: 'Windows 10  (10.0.19045) 64bit Professional' Language: 'es' Physical Memory: 16197 MB
BatchMode: 1, IsHumanControllingUs: 0, StartBugReporterOnCrash: 0, Is64bit: 1, IsPro: 1

COMMAND LINE ARGUMENTS:
C:\Program Files\Unity 2022.3.4f1\Editor\Unity.exe
-adb2
-batchMode
-noUpm
-name
AssetImportWorker0
-projectPath
E:/WORKSPACE/git/Tfg_Doom2punto5/Unity/TFG
-logFile
Logs/AssetImportWorker0.log
-srvPort
63623
Successfully changed project path to: E:/WORKSPACE/git/Tfg_Doom2punto5/Unity/TFG
E:/WORKSPACE/git/Tfg_Doom2punto5/Unity/TFG
[UnityMemory] Configuration Parameters - Can be set up in boot.config
    "memorysetup-bucket-allocator-granularity=16"
    "memorysetup-bucket-allocator-bucket-count=8"
    "memorysetup-bucket-allocator-block-size=33554432"
    "memorysetup-bucket-allocator-block-count=8"
    "memorysetup-main-allocator-block-size=16777216"
    "memorysetup-thread-allocator-block-size=16777216"
    "memorysetup-gfx-main-allocator-block-size=16777216"
    "memorysetup-gfx-thread-allocator-block-size=16777216"
    "memorysetup-cache-allocator-block-size=4194304"
    "memorysetup-typetree-allocator-block-size=2097152"
    "memorysetup-profiler-bucket-allocator-granularity=16"
    "memorysetup-profiler-bucket-allocator-bucket-count=8"
    "memorysetup-profiler-bucket-allocator-block-size=33554432"
    "memorysetup-profiler-bucket-allocator-block-count=8"
    "memorysetup-profiler-allocator-block-size=16777216"
    "memorysetup-profiler-editor-allocator-block-size=1048576"
    "memorysetup-temp-allocator-size-main=16777216"
    "memorysetup-job-temp-allocator-block-size=2097152"
    "memorysetup-job-temp-allocator-block-size-background=1048576"
    "memorysetup-job-temp-allocator-reduction-small-platforms=262144"
    "memorysetup-allocator-temp-initial-block-size-main=262144"
    "memorysetup-allocator-temp-initial-block-size-worker=262144"
    "memorysetup-temp-allocator-size-background-worker=32768"
    "memorysetup-temp-allocator-size-job-worker=262144"
    "memorysetup-temp-allocator-size-preload-manager=33554432"
    "memorysetup-temp-allocator-size-nav-mesh-worker=65536"
    "memorysetup-temp-allocator-size-audio-worker=65536"
    "memorysetup-temp-allocator-size-cloud-worker=32768"
    "memorysetup-temp-allocator-size-gi-baking-worker=262144"
    "memorysetup-temp-allocator-size-gfx=262144"
Player connection [15744] Host "[IP] 192.168.1.137 [Port] 0 [Flags] 2 [Guid] 3524009355 [EditorId] 3524009355 [Version] 1048832 [Id] WindowsEditor(7,DESKTOP-8M6VI5E) [Debug] 1 [PackageName] WindowsEditor [ProjectName] Editor" joined multi-casting on [225.0.0.222:54997]...

Player connection [15744] Host "[IP] 192.168.1.137 [Port] 0 [Flags] 2 [Guid] 3524009355 [EditorId] 3524009355 [Version] 1048832 [Id] WindowsEditor(7,DESKTOP-8M6VI5E) [Debug] 1 [PackageName] WindowsEditor [ProjectName] Editor" joined alternative multi-casting on [225.0.0.222:34997]...

Refreshing native plugins compatible for Editor in 9.41 ms, found 4 plugins.
Preloading 0 native plugins for Editor in 0.00 ms.
Initialize engine version: 2022.3.4f1 (35713cd46cd7)
[Subsystems] Discovering subsystems at path C:/Program Files/Unity 2022.3.4f1/Editor/Data/Resources/UnitySubsystems
[Subsystems] Discovering subsystems at path E:/WORKSPACE/git/Tfg_Doom2punto5/Unity/TFG/Assets
GfxDevice: creating device client; threaded=0; jobified=0
Direct3D:
    Version:  Direct3D 11.0 [level 11.1]
    Renderer: NVIDIA GeForce RTX 3070 (ID=0x2488)
    Vendor:   NVIDIA
    VRAM:     8031 MB
    Driver:   31.0.15.3742
Initialize mono
Mono path[0] = 'C:/Program Files/Unity 2022.3.4f1/Editor/Data/Managed'
Mono path[1] = 'C:/Program Files/Unity 2022.3.4f1/Editor/Data/MonoBleedingEdge/lib/mono/unityjit-win32'
Mono config path = 'C:/Program Files/Unity 2022.3.4f1/Editor/Data/MonoBleedingEdge/etc'
Using monoOptions --debugger-agent=transport=dt_socket,embedding=1,server=y,suspend=n,address=127.0.0.1:56960
Begin MonoManager ReloadAssembly
Registering precompiled unity dll's ...
Register platform support module: C:/Program Files/Unity 2022.3.4f1/Editor/Data/PlaybackEngines/WindowsStandaloneSupport/UnityEditor.WindowsStandalone.Extensions.dll
Registered in 0.005793 seconds.
- Loaded All Assemblies, in  0.358 seconds
Native extension for WindowsStandalone target not found
Mono: successfully reloaded assembly
- Finished resetting the current domain, in  0.318 seconds
Domain Reload Profiling: 675ms
	BeginReloadAssembly (96ms)
		ExecutionOrderSort (0ms)
		DisableScriptedObjects (0ms)
		BackupInstance (0ms)
		ReleaseScriptingObjects (0ms)
		CreateAndSetChildDomain (1ms)
	RebuildCommonClasses (39ms)
	RebuildNativeTypeToScriptingClass (12ms)
	initialDomainReloadingComplete (63ms)
	LoadAllAssembliesAndSetupDomain (147ms)
		LoadAssemblies (93ms)
		RebuildTransferFunctionScriptingTraits (0ms)
		AnalyzeDomain (140ms)
			TypeCache.Refresh (139ms)
				TypeCache.ScanAssembly (127ms)
			ScanForSourceGeneratedMonoScriptInfo (0ms)
			ResolveRequiredComponents (1ms)
	FinalizeReload (318ms)
		ReleaseScriptCaches (0ms)
		RebuildScriptCaches (0ms)
		SetupLoadedEditorAssemblies (249ms)
			LogAssemblyErrors (0ms)
			InitializePlatformSupportModulesInManaged (10ms)
			SetLoadedEditorAssemblies (9ms)
			RefreshPlugins (0ms)
			BeforeProcessingInitializeOnLoad (2ms)
			ProcessInitializeOnLoadAttributes (165ms)
			ProcessInitializeOnLoadMethodAttributes (62ms)
			AfterProcessingInitializeOnLoad (0ms)
			EditorAssembliesLoaded (0ms)
		ExecutionOrderSort2 (0ms)
		AwakeInstancesAfterBackupRestoration (0ms)
========================================================================
Worker process is ready to serve import requests
Begin MonoManager ReloadAssembly
Symbol file LoadedFromMemory doesn't match image E:\WORKSPACE\git\Tfg_Doom2punto5\Unity\TFG\Library\PackageCache\com.unity.visualscripting@1.8.0\Editor\VisualScripting.Core\Dependencies\YamlDotNet\Unity.VisualScripting.YamlDotNet.dll
Symbol file LoadedFromMemory doesn't match image E:\WORKSPACE\git\Tfg_Doom2punto5\Unity\TFG\Library\PackageCache\com.unity.visualscripting@1.8.0\Editor\VisualScripting.Core\Dependencies\DotNetZip\Unity.VisualScripting.IonicZip.dll
- Loaded All Assemblies, in  1.015 seconds
Refreshing native plugins compatible for Editor in 7.86 ms, found 4 plugins.
Native extension for WindowsStandalone target not found
Package Manager log level set to [2]
[Package Manager] Server::EnsureServerProcessIsRunning -- launch failed, reason: Unity was launched with the -noUpm command-line argument
[Package Manager] UpmClient::Send -- Unable to send message (not connected to UPM process).
[Package Manager] Cannot connect to Unity Package Manager local server
Mono: successfully reloaded assembly
- Finished resetting the current domain, in  0.882 seconds
Domain Reload Profiling: 1892ms
	BeginReloadAssembly (146ms)
		ExecutionOrderSort (0ms)
		DisableScriptedObjects (7ms)
		BackupInstance (0ms)
		ReleaseScriptingObjects (0ms)
		CreateAndSetChildDomain (21ms)
	RebuildCommonClasses (35ms)
	RebuildNativeTypeToScriptingClass (12ms)
	initialDomainReloadingComplete (48ms)
	LoadAllAssembliesAndSetupDomain (768ms)
		LoadAssemblies (382ms)
		RebuildTransferFunctionScriptingTraits (0ms)
		AnalyzeDomain (447ms)
			TypeCache.Refresh (399ms)
				TypeCache.ScanAssembly (385ms)
			ScanForSourceGeneratedMonoScriptInfo (34ms)
			ResolveRequiredComponents (14ms)
	FinalizeReload (882ms)
		ReleaseScriptCaches (0ms)
		RebuildScriptCaches (0ms)
		SetupLoadedEditorAssemblies (680ms)
			LogAssemblyErrors (0ms)
			InitializePlatformSupportModulesInManaged (7ms)
			SetLoadedEditorAssemblies (6ms)
			RefreshPlugins (0ms)
			BeforeProcessingInitializeOnLoad (125ms)
			ProcessInitializeOnLoadAttributes (437ms)
			ProcessInitializeOnLoadMethodAttributes (97ms)
			AfterProcessingInitializeOnLoad (8ms)
			EditorAssembliesLoaded (0ms)
		ExecutionOrderSort2 (0ms)
		AwakeInstancesAfterBackupRestoration (8ms)
Launched and connected shader compiler UnityShaderCompiler.exe after 0.04 seconds
Refreshing native plugins compatible for Editor in 3.86 ms, found 4 plugins.
Preloading 0 native plugins for Editor in 0.00 ms.
Unloading 6355 Unused Serialized files (Serialized files now loaded: 0)
Unloading 87 unused Assets / (0.7 MB). Loaded Objects now: 6845.
Memory consumption went from 284.1 MB to 283.4 MB.
Total: 4.173100 ms (FindLiveObjects: 0.657200 ms CreateObjectMapping: 0.284000 ms MarkObjects: 2.838000 ms  DeleteObjects: 0.393000 ms)

AssetImportParameters requested are different than current active one (requested -> active):
  custom:container-demuxer-ogg: 62fdf1f143b41e24485cea50d1cbac27 -> 
  custom:video-decoder-ogg-theora: a1e56fd34408186e4bbccfd4996cb3dc -> 
  custom:framework-win-MediaFoundation: 216162199b28c13a410421893ffa2e32 -> 
  custom:container-demuxer-webm: 4f35f7cbe854078d1ac9338744f61a02 -> 
  custom:container-muxer-webm: aa71ff27fc2769a1b78a27578f13a17b -> 
  custom:video-decoder-webm-vp8: 9c59270c3fd7afecdb556c50c9e8de78 -> 
  custom:AudioImporter_EditorPlatform: d09bf68614088b80899f8185d706f6e7 -> 
  custom:video-encoder-webm-vp8: eb34c28f22e8b96e1ab97ce403110664 -> 
  custom:audio-decoder-ogg-vorbis: bf7c407c2cedff20999df2af8eb42d56 -> 
  custom:audio-encoder-webm-vorbis: bf7c407c2cedff20999df2af8eb42d56 -> 
========================================================================
Received Import Request.
  Time since last request: 43623.096534 seconds.
  path: Assets/Prefabs/MapObjects/PrefabsMap/PilarAlturaSalto.prefab
  artifactKey: Guid(38e3631ca3291434eb57b34845ebb034) Importer(815301076,1909f56bfc062723c751e8b465ee728b)
Start importing Assets/Prefabs/MapObjects/PrefabsMap/PilarAlturaSalto.prefab using Guid(38e3631ca3291434eb57b34845ebb034) Importer(815301076,1909f56bfc062723c751e8b465ee728b)  -> (artifact id: 'ddd33d281a11fffd262d20408d7ee295') in 0.020633 seconds
Number of updated asset objects reloaded before import = 0
Number of asset objects unloaded after import = 27
========================================================================
Received Import Request.
  Time since last request: 89.654614 seconds.
  path: Assets/Prefabs/MapObjects/PrefabsMap/CuboPersonaje.prefab
  artifactKey: Guid(3d5065d62b6087e4d87402b46450c29b) Importer(815301076,1909f56bfc062723c751e8b465ee728b)
Start importing Assets/Prefabs/MapObjects/PrefabsMap/CuboPersonaje.prefab using Guid(3d5065d62b6087e4d87402b46450c29b) Importer(815301076,1909f56bfc062723c751e8b465ee728b)  -> (artifact id: 'd919df0b8a546018afb097b152892881') in 0.002908 seconds
Number of updated asset objects reloaded before import = 0
Number of asset objects unloaded after import = 21
========================================================================
Received Import Request.
  Time since last request: 43.866027 seconds.
  path: Assets/Prefabs/MapObjects/PrefabsMap/CuboMitadPersonaje .prefab
  artifactKey: Guid(dc778af41c03bc642a262aeb2f44e0a4) Importer(815301076,1909f56bfc062723c751e8b465ee728b)
Start importing Assets/Prefabs/MapObjects/PrefabsMap/CuboMitadPersonaje .prefab using Guid(dc778af41c03bc642a262aeb2f44e0a4) Importer(815301076,1909f56bfc062723c751e8b465ee728b)  -> (artifact id: 'd46491a254d28a94fb3d06a3dbff8ce9') in 0.003812 seconds
Number of updated asset objects reloaded before import = 0
Number of asset objects unloaded after import = 15
========================================================================
Received Import Request.
  Time since last request: 15.593341 seconds.
  path: Assets/Prefabs/MapObjects/PrefabsMap/CombatPit.prefab
  artifactKey: Guid(38e856c2fbe83ec45a179300e1e9259c) Importer(815301076,1909f56bfc062723c751e8b465ee728b)
Start importing Assets/Prefabs/MapObjects/PrefabsMap/CombatPit.prefab using Guid(38e856c2fbe83ec45a179300e1e9259c) Importer(815301076,1909f56bfc062723c751e8b465ee728b)  -> (artifact id: '6a5239ae25dd68b5dcf24c7ae9c0ff94') in 0.013562 seconds
Number of updated asset objects reloaded before import = 0
Number of asset objects unloaded after import = 91
========================================================================
Received Import Request.
  Time since last request: 1.433397 seconds.
  path: Assets/Prefabs/MapObjects/PrefabsMap/AlturaUnSaltoStart.prefab
  artifactKey: Guid(6faccd64f57c71744b0cf04719d0bade) Importer(815301076,1909f56bfc062723c751e8b465ee728b)
Start importing Assets/Prefabs/MapObjects/PrefabsMap/AlturaUnSaltoStart.prefab using Guid(6faccd64f57c71744b0cf04719d0bade) Importer(815301076,1909f56bfc062723c751e8b465ee728b)  -> (artifact id: '090b808a20a90e6faecdd5a2f8233d67') in 0.004430 seconds
Number of updated asset objects reloaded before import = 0
Number of asset objects unloaded after import = 56
========================================================================
Received Import Request.
  Time since last request: 30.451187 seconds.
  path: Assets/Prefabs/MapObjects/BuildingBlockForMap/Prefabs
  artifactKey: Guid(4a84862e0897711418cd6b474a1f5f8b) Importer(815301076,1909f56bfc062723c751e8b465ee728b)
Start importing Assets/Prefabs/MapObjects/BuildingBlockForMap/Prefabs using Guid(4a84862e0897711418cd6b474a1f5f8b) Importer(815301076,1909f56bfc062723c751e8b465ee728b)  -> (artifact id: 'fd42a2916c30f3400d267fde7cb6fd96') in 0.000608 seconds
Number of updated asset objects reloaded before import = 0
Number of asset objects unloaded after import = 0
========================================================================
Received Import Request.
  Time since last request: 0.786282 seconds.
  path: Assets/Prefabs/MapObjects/BuildingBlockForMap/Prefabs/Rocks
  artifactKey: Guid(267e0b584f2f7d74a975872f07fb9d19) Importer(815301076,1909f56bfc062723c751e8b465ee728b)
Start importing Assets/Prefabs/MapObjects/BuildingBlockForMap/Prefabs/Rocks using Guid(267e0b584f2f7d74a975872f07fb9d19) Importer(815301076,1909f56bfc062723c751e8b465ee728b)  -> (artifact id: '385a420290a0a9896dbb190ba3904946') in 0.001079 seconds
Number of updated asset objects reloaded before import = 0
Number of asset objects unloaded after import = 0
========================================================================
Received Import Request.
  Time since last request: 1.819492 seconds.
  path: Assets/Prefabs/MapObjects/BuildingBlockForMap/Prefabs/Rocks/Rock2.prefab
  artifactKey: Guid(06884b7674b3d4c48b95cb0223555a7c) Importer(815301076,1909f56bfc062723c751e8b465ee728b)
Start importing Assets/Prefabs/MapObjects/BuildingBlockForMap/Prefabs/Rocks/Rock2.prefab using Guid(06884b7674b3d4c48b95cb0223555a7c) Importer(815301076,1909f56bfc062723c751e8b465ee728b)  -> (artifact id: 'da873240978a10750afed5181fd58dc5') in 0.002273 seconds
Number of updated asset objects reloaded before import = 0
Number of asset objects unloaded after import = 7
========================================================================
Received Import Request.
  Time since last request: 0.765937 seconds.
  path: Assets/Prefabs/MapObjects/BuildingBlockForMap/Prefabs/Rocks/Rock1.prefab
  artifactKey: Guid(f1a4be191a894754580914b702d9e7d2) Importer(815301076,1909f56bfc062723c751e8b465ee728b)
Start importing Assets/Prefabs/MapObjects/BuildingBlockForMap/Prefabs/Rocks/Rock1.prefab using Guid(f1a4be191a894754580914b702d9e7d2) Importer(815301076,1909f56bfc062723c751e8b465ee728b)  -> (artifact id: 'cf92842c1241f4d3463ea1b26d0c8e88') in 0.002751 seconds
Number of updated asset objects reloaded before import = 0
Number of asset objects unloaded after import = 7
========================================================================
Received Import Request.
  Time since last request: 4.001416 seconds.
  path: Assets/Prefabs/MapObjects/BuildingBlockForMap/Prefabs/Rocks/Rock24.prefab
  artifactKey: Guid(f03a2ed24b5aecb4782b03461c7d9b7a) Importer(815301076,1909f56bfc062723c751e8b465ee728b)
Start importing Assets/Prefabs/MapObjects/BuildingBlockForMap/Prefabs/Rocks/Rock24.prefab using Guid(f03a2ed24b5aecb4782b03461c7d9b7a) Importer(815301076,1909f56bfc062723c751e8b465ee728b)  -> (artifact id: '7852c28114f576110522c938d83cbe95') in 0.004458 seconds
Number of updated asset objects reloaded before import = 0
Number of asset objects unloaded after import = 53
========================================================================
Received Import Request.
  Time since last request: 0.790958 seconds.
  path: Assets/Prefabs/MapObjects/BuildingBlockForMap/Prefabs/Rocks/Rock23.prefab
  artifactKey: Guid(1f04e282bc2503e4e8f539cd895d8446) Importer(815301076,1909f56bfc062723c751e8b465ee728b)
Start importing Assets/Prefabs/MapObjects/BuildingBlockForMap/Prefabs/Rocks/Rock23.prefab using Guid(1f04e282bc2503e4e8f539cd895d8446) Importer(815301076,1909f56bfc062723c751e8b465ee728b)  -> (artifact id: '507a2db832ec37a28f38bcb9cc52ed97') in 0.015188 seconds
Number of updated asset objects reloaded before import = 0
Number of asset objects unloaded after import = 1188
========================================================================
Received Import Request.
  Time since last request: 0.746897 seconds.
  path: Assets/Prefabs/MapObjects/BuildingBlockForMap/Prefabs/Rocks/Rock22.prefab
  artifactKey: Guid(db105ab41f41207448712b36e0446b22) Importer(815301076,1909f56bfc062723c751e8b465ee728b)
Start importing Assets/Prefabs/MapObjects/BuildingBlockForMap/Prefabs/Rocks/Rock22.prefab using Guid(db105ab41f41207448712b36e0446b22) Importer(815301076,1909f56bfc062723c751e8b465ee728b)  -> (artifact id: '5c877dcf9697e2b36647f07abc54e441') in 0.002143 seconds
Number of updated asset objects reloaded before import = 0
Number of asset objects unloaded after import = 41
========================================================================
Received Import Request.
  Time since last request: 0.986118 seconds.
  path: Assets/Prefabs/MapObjects/BuildingBlockForMap/Prefabs/Rocks/Rock21.prefab
  artifactKey: Guid(4cefc52389bf7a644976843efc6699f5) Importer(815301076,1909f56bfc062723c751e8b465ee728b)
Start importing Assets/Prefabs/MapObjects/BuildingBlockForMap/Prefabs/Rocks/Rock21.prefab using Guid(4cefc52389bf7a644976843efc6699f5) Importer(815301076,1909f56bfc062723c751e8b465ee728b)  -> (artifact id: '804f9f53174794acf75705842cdd0cd5') in 0.002289 seconds
Number of updated asset objects reloaded before import = 0
Number of asset objects unloaded after import = 40
========================================================================
Received Import Request.
  Time since last request: 0.485645 seconds.
  path: Assets/Prefabs/MapObjects/BuildingBlockForMap/Prefabs/Rocks/Rock20.prefab
  artifactKey: Guid(fcdc03964b5a226489edc7a8410dba17) Importer(815301076,1909f56bfc062723c751e8b465ee728b)
Start importing Assets/Prefabs/MapObjects/BuildingBlockForMap/Prefabs/Rocks/Rock20.prefab using Guid(fcdc03964b5a226489edc7a8410dba17) Importer(815301076,1909f56bfc062723c751e8b465ee728b)  -> (artifact id: '6b037ded00a455c7682fddb88641ae0a') in 0.003310 seconds
Number of updated asset objects reloaded before import = 0
Number of asset objects unloaded after import = 35
========================================================================
Received Import Request.
  Time since last request: 0.603468 seconds.
  path: Assets/Prefabs/MapObjects/BuildingBlockForMap/Prefabs/Rocks/Rock19.prefab
  artifactKey: Guid(b968755a8a32773429f35b51f673a9eb) Importer(815301076,1909f56bfc062723c751e8b465ee728b)
Start importing Assets/Prefabs/MapObjects/BuildingBlockForMap/Prefabs/Rocks/Rock19.prefab using Guid(b968755a8a32773429f35b51f673a9eb) Importer(815301076,1909f56bfc062723c751e8b465ee728b)  -> (artifact id: 'c0ab76333723251d534b1ebcc9b4ccf7') in 0.001851 seconds
Number of updated asset objects reloaded before import = 0
Number of asset objects unloaded after import = 31
========================================================================
Received Import Request.
  Time since last request: 0.977815 seconds.
  path: Assets/Prefabs/MapObjects/BuildingBlockForMap/Prefabs/Rocks/Rock18.prefab
  artifactKey: Guid(0ed0cce2e500c824ab987f58fef9c111) Importer(815301076,1909f56bfc062723c751e8b465ee728b)
Start importing Assets/Prefabs/MapObjects/BuildingBlockForMap/Prefabs/Rocks/Rock18.prefab using Guid(0ed0cce2e500c824ab987f58fef9c111) Importer(815301076,1909f56bfc062723c751e8b465ee728b)  -> (artifact id: '468659fd4e8911cc0badee257e3bfc7a') in 0.002861 seconds
Number of updated asset objects reloaded before import = 0
Number of asset objects unloaded after import = 42
========================================================================
Received Import Request.
  Time since last request: 0.994228 seconds.
  path: Assets/Prefabs/MapObjects/BuildingBlockForMap/Prefabs/Rocks/Rock17.prefab
  artifactKey: Guid(c41c308d43f5bd44db5126fcc9bb934a) Importer(815301076,1909f56bfc062723c751e8b465ee728b)
Start importing Assets/Prefabs/MapObjects/BuildingBlockForMap/Prefabs/Rocks/Rock17.prefab using Guid(c41c308d43f5bd44db5126fcc9bb934a) Importer(815301076,1909f56bfc062723c751e8b465ee728b)  -> (artifact id: 'c2d5864f61143ffb80d3119c7de08d3e') in 0.002756 seconds
Number of updated asset objects reloaded before import = 0
Number of asset objects unloaded after import = 36
========================================================================
Received Import Request.
  Time since last request: 0.739580 seconds.
  path: Assets/Prefabs/MapObjects/BuildingBlockForMap/Prefabs/Rocks/Rock16.prefab
  artifactKey: Guid(817d2e22341fb6b4c8202273b52fa9d4) Importer(815301076,1909f56bfc062723c751e8b465ee728b)
Start importing Assets/Prefabs/MapObjects/BuildingBlockForMap/Prefabs/Rocks/Rock16.prefab using Guid(817d2e22341fb6b4c8202273b52fa9d4) Importer(815301076,1909f56bfc062723c751e8b465ee728b)  -> (artifact id: '62cc751e394b4daca86b525208d81de0') in 0.002828 seconds
Number of updated asset objects reloaded before import = 0
Number of asset objects unloaded after import = 40
========================================================================
Received Import Request.
  Time since last request: 0.815053 seconds.
  path: Assets/Prefabs/MapObjects/BuildingBlockForMap/Prefabs/Rocks/Rock15.prefab
  artifactKey: Guid(86ccec78c74343444b946216d5c7ff32) Importer(815301076,1909f56bfc062723c751e8b465ee728b)
Start importing Assets/Prefabs/MapObjects/BuildingBlockForMap/Prefabs/Rocks/Rock15.prefab using Guid(86ccec78c74343444b946216d5c7ff32) Importer(815301076,1909f56bfc062723c751e8b465ee728b)  -> (artifact id: '5c90c14d7e297169fb8cfc8c5dd749de') in 0.001982 seconds
Number of updated asset objects reloaded before import = 0
Number of asset objects unloaded after import = 7
========================================================================
Received Import Request.
  Time since last request: 3.096407 seconds.
  path: Assets/Prefabs/MapObjects/BuildingBlockForMap/Prefabs/Rocks/Rock13.prefab
  artifactKey: Guid(e1f3ec347c52d5b448a0e8542db337ce) Importer(815301076,1909f56bfc062723c751e8b465ee728b)
Start importing Assets/Prefabs/MapObjects/BuildingBlockForMap/Prefabs/Rocks/Rock13.prefab using Guid(e1f3ec347c52d5b448a0e8542db337ce) Importer(815301076,1909f56bfc062723c751e8b465ee728b)  -> (artifact id: '7515ec08ca665f0a36a92f9e645e99cd') in 0.002455 seconds
Number of updated asset objects reloaded before import = 0
Number of asset objects unloaded after import = 7
========================================================================
Received Import Request.
  Time since last request: 0.549714 seconds.
  path: Assets/Prefabs/MapObjects/BuildingBlockForMap/Prefabs/Rocks/Rock14.prefab
  artifactKey: Guid(392344fa9ece33743b7fd38924c8fdfc) Importer(815301076,1909f56bfc062723c751e8b465ee728b)
Start importing Assets/Prefabs/MapObjects/BuildingBlockForMap/Prefabs/Rocks/Rock14.prefab using Guid(392344fa9ece33743b7fd38924c8fdfc) Importer(815301076,1909f56bfc062723c751e8b465ee728b)  -> (artifact id: 'c56d106d789f8b1f02bf8503777ce835') in 0.003061 seconds
Number of updated asset objects reloaded before import = 0
Number of asset objects unloaded after import = 7
========================================================================
Received Import Request.
  Time since last request: 15.326846 seconds.
  path: Assets/Prefabs/MapObjects/BuildingBlockForMap/Prefabs/Rocks/Rock12.prefab
  artifactKey: Guid(5fe14860b48f0e14e824e269af4d7bff) Importer(815301076,1909f56bfc062723c751e8b465ee728b)
Start importing Assets/Prefabs/MapObjects/BuildingBlockForMap/Prefabs/Rocks/Rock12.prefab using Guid(5fe14860b48f0e14e824e269af4d7bff) Importer(815301076,1909f56bfc062723c751e8b465ee728b)  -> (artifact id: 'e95da5e46db621e8b8a23b6b2ab97792') in 0.002624 seconds
Number of updated asset objects reloaded before import = 0
Number of asset objects unloaded after import = 7
========================================================================
Received Import Request.
  Time since last request: 1.562234 seconds.
  path: Assets/Prefabs/MapObjects/BuildingBlockForMap/Prefabs/Rocks/Rock11.prefab
  artifactKey: Guid(16bc9ededb99d5d4fa6d4cd9cf2fa0c0) Importer(815301076,1909f56bfc062723c751e8b465ee728b)
Start importing Assets/Prefabs/MapObjects/BuildingBlockForMap/Prefabs/Rocks/Rock11.prefab using Guid(16bc9ededb99d5d4fa6d4cd9cf2fa0c0) Importer(815301076,1909f56bfc062723c751e8b465ee728b)  -> (artifact id: '60c1f7775f21e3e74ad166cc2a83dbfc') in 0.002133 seconds
Number of updated asset objects reloaded before import = 0
Number of asset objects unloaded after import = 7
========================================================================
Received Import Request.
  Time since last request: 0.435876 seconds.
  path: Assets/Prefabs/MapObjects/BuildingBlockForMap/Prefabs/Rocks/Rock9.prefab
  artifactKey: Guid(6a78ac8c3b0b8884286faae960e03997) Importer(815301076,1909f56bfc062723c751e8b465ee728b)
Start importing Assets/Prefabs/MapObjects/BuildingBlockForMap/Prefabs/Rocks/Rock9.prefab using Guid(6a78ac8c3b0b8884286faae960e03997) Importer(815301076,1909f56bfc062723c751e8b465ee728b)  -> (artifact id: '17a51b56c593a4b01ea57dbf8c151b8c') in 0.002212 seconds
Number of updated asset objects reloaded before import = 0
Number of asset objects unloaded after import = 7
========================================================================
Received Import Request.
  Time since last request: 0.436184 seconds.
  path: Assets/Prefabs/MapObjects/BuildingBlockForMap/Prefabs/Rocks/Rock8.prefab
  artifactKey: Guid(64c48b00412fd67499d0c857e401123e) Importer(815301076,1909f56bfc062723c751e8b465ee728b)
Start importing Assets/Prefabs/MapObjects/BuildingBlockForMap/Prefabs/Rocks/Rock8.prefab using Guid(64c48b00412fd67499d0c857e401123e) Importer(815301076,1909f56bfc062723c751e8b465ee728b)  -> (artifact id: '75a097927c2913549d0221e9cb8830de') in 0.001700 seconds
Number of updated asset objects reloaded before import = 0
Number of asset objects unloaded after import = 7
========================================================================
Received Import Request.
  Time since last request: 0.769167 seconds.
  path: Assets/Prefabs/MapObjects/BuildingBlockForMap/Prefabs/Rocks/Rock7.prefab
  artifactKey: Guid(9158f7d06b20e594e9911a53acfb99f8) Importer(815301076,1909f56bfc062723c751e8b465ee728b)
Start importing Assets/Prefabs/MapObjects/BuildingBlockForMap/Prefabs/Rocks/Rock7.prefab using Guid(9158f7d06b20e594e9911a53acfb99f8) Importer(815301076,1909f56bfc062723c751e8b465ee728b)  -> (artifact id: '16adce873f6cf7956096a1705ec73daf') in 0.001639 seconds
Number of updated asset objects reloaded before import = 0
Number of asset objects unloaded after import = 7
========================================================================
Received Import Request.
  Time since last request: 0.421471 seconds.
  path: Assets/Prefabs/MapObjects/BuildingBlockForMap/Prefabs/Rocks/Rock4.prefab
  artifactKey: Guid(d001e98356cc1ba4483dce23df2f8f4f) Importer(815301076,1909f56bfc062723c751e8b465ee728b)
Start importing Assets/Prefabs/MapObjects/BuildingBlockForMap/Prefabs/Rocks/Rock4.prefab using Guid(d001e98356cc1ba4483dce23df2f8f4f) Importer(815301076,1909f56bfc062723c751e8b465ee728b)  -> (artifact id: '3724048dd710b3c13332080fc7e4125c') in 0.003136 seconds
Number of updated asset objects reloaded before import = 0
Number of asset objects unloaded after import = 7
========================================================================
Received Import Request.
  Time since last request: 1.872574 seconds.
  path: Assets/Prefabs/MapObjects/BuildingBlockForMap/Prefabs/Rocks/Rock3.prefab
  artifactKey: Guid(70ba0fd051fc16c4f9db6b04aaa33eec) Importer(815301076,1909f56bfc062723c751e8b465ee728b)
Start importing Assets/Prefabs/MapObjects/BuildingBlockForMap/Prefabs/Rocks/Rock3.prefab using Guid(70ba0fd051fc16c4f9db6b04aaa33eec) Importer(815301076,1909f56bfc062723c751e8b465ee728b)  -> (artifact id: '62fd636d53179e98286550625e95bade') in 0.001898 seconds
Number of updated asset objects reloaded before import = 0
Number of asset objects unloaded after import = 7
========================================================================
Received Import Request.
  Time since last request: 0.469750 seconds.
  path: Assets/Prefabs/MapObjects/BuildingBlockForMap/Prefabs/Rocks/Rock5.prefab
  artifactKey: Guid(c72dac3d37e3bdf4fa4ae2ef359b401f) Importer(815301076,1909f56bfc062723c751e8b465ee728b)
Start importing Assets/Prefabs/MapObjects/BuildingBlockForMap/Prefabs/Rocks/Rock5.prefab using Guid(c72dac3d37e3bdf4fa4ae2ef359b401f) Importer(815301076,1909f56bfc062723c751e8b465ee728b)  -> (artifact id: '7717967559a81e8fead8f47916f04987') in 0.002746 seconds
Number of updated asset objects reloaded before import = 0
Number of asset objects unloaded after import = 7
========================================================================
Received Import Request.
  Time since last request: 0.687273 seconds.
  path: Assets/Prefabs/MapObjects/BuildingBlockForMap/Prefabs/Rocks/CrystalRock.prefab
  artifactKey: Guid(5aa52538e46e8f149adcd87f6fb65952) Importer(815301076,1909f56bfc062723c751e8b465ee728b)
Start importing Assets/Prefabs/MapObjects/BuildingBlockForMap/Prefabs/Rocks/CrystalRock.prefab using Guid(5aa52538e46e8f149adcd87f6fb65952) Importer(815301076,1909f56bfc062723c751e8b465ee728b)  -> (artifact id: '9c540e704259d3fbb5f9dafb82484f83') in 0.003196 seconds
Number of updated asset objects reloaded before import = 0
Number of asset objects unloaded after import = 106
========================================================================
Received Import Request.
  Time since last request: 0.656158 seconds.
  path: Assets/Prefabs/MapObjects/BuildingBlockForMap/Prefabs/Rocks/CrystalRock2.prefab
  artifactKey: Guid(1bb15f6a2c68b99499c09738a9baf742) Importer(815301076,1909f56bfc062723c751e8b465ee728b)
Start importing Assets/Prefabs/MapObjects/BuildingBlockForMap/Prefabs/Rocks/CrystalRock2.prefab using Guid(1bb15f6a2c68b99499c09738a9baf742) Importer(815301076,1909f56bfc062723c751e8b465ee728b)  -> (artifact id: 'f8d80db812df2e874d78918e714eafab') in 0.003887 seconds
Number of updated asset objects reloaded before import = 0
Number of asset objects unloaded after import = 98
========================================================================
Received Prepare
Begin MonoManager ReloadAssembly
Symbol file LoadedFromMemory doesn't match image E:\WORKSPACE\git\Tfg_Doom2punto5\Unity\TFG\Library\PackageCache\com.unity.visualscripting@1.8.0\Editor\VisualScripting.Core\Dependencies\YamlDotNet\Unity.VisualScripting.YamlDotNet.dll
Symbol file LoadedFromMemory doesn't match image E:\WORKSPACE\git\Tfg_Doom2punto5\Unity\TFG\Library\PackageCache\com.unity.visualscripting@1.8.0\Editor\VisualScripting.Core\Dependencies\DotNetZip\Unity.VisualScripting.IonicZip.dll
- Loaded All Assemblies, in  0.928 seconds
Refreshing native plugins compatible for Editor in 5.96 ms, found 4 plugins.
Native extension for WindowsStandalone target not found
[Package Manager] Server::EnsureServerProcessIsRunning -- launch failed, reason: Unity was launched with the -noUpm command-line argument
[Package Manager] UpmClient::Send -- Unable to send message (not connected to UPM process).
[Package Manager] Cannot connect to Unity Package Manager local server
Mono: successfully reloaded assembly
- Finished resetting the current domain, in  1.338 seconds
Domain Reload Profiling: 2259ms
	BeginReloadAssembly (174ms)
		ExecutionOrderSort (0ms)
		DisableScriptedObjects (14ms)
		BackupInstance (0ms)
		ReleaseScriptingObjects (0ms)
		CreateAndSetChildDomain (49ms)
	RebuildCommonClasses (36ms)
	RebuildNativeTypeToScriptingClass (13ms)
	initialDomainReloadingComplete (36ms)
	LoadAllAssembliesAndSetupDomain (661ms)
		LoadAssemblies (360ms)
		RebuildTransferFunctionScriptingTraits (0ms)
		AnalyzeDomain (366ms)
			TypeCache.Refresh (351ms)
				TypeCache.ScanAssembly (335ms)
			ScanForSourceGeneratedMonoScriptInfo (0ms)
			ResolveRequiredComponents (15ms)
	FinalizeReload (1339ms)
		ReleaseScriptCaches (0ms)
		RebuildScriptCaches (0ms)
		SetupLoadedEditorAssemblies (588ms)
			LogAssemblyErrors (0ms)
			InitializePlatformSupportModulesInManaged (6ms)
			SetLoadedEditorAssemblies (6ms)
			RefreshPlugins (0ms)
			BeforeProcessingInitializeOnLoad (117ms)
			ProcessInitializeOnLoadAttributes (368ms)
			ProcessInitializeOnLoadMethodAttributes (82ms)
			AfterProcessingInitializeOnLoad (8ms)
			EditorAssembliesLoaded (0ms)
		ExecutionOrderSort2 (0ms)
		AwakeInstancesAfterBackupRestoration (24ms)
Refreshing native plugins compatible for Editor in 4.43 ms, found 4 plugins.
Preloading 0 native plugins for Editor in 0.00 ms.
Unloading 6101 Unused Serialized files (Serialized files now loaded: 0)
Unloading 51 unused Assets / (0.7 MB). Loaded Objects now: 6853.
Memory consumption went from 232.0 MB to 231.3 MB.
Total: 4.950600 ms (FindLiveObjects: 1.024000 ms CreateObjectMapping: 0.253500 ms MarkObjects: 3.267100 ms  DeleteObjects: 0.404900 ms)

Prepare: number of updated asset objects reloaded= 0
AssetImportParameters requested are different than current active one (requested -> active):
  custom:container-demuxer-ogg: 62fdf1f143b41e24485cea50d1cbac27 -> 
  custom:video-decoder-ogg-theora: a1e56fd34408186e4bbccfd4996cb3dc -> 
  custom:framework-win-MediaFoundation: 216162199b28c13a410421893ffa2e32 -> 
  custom:CustomObjectIndexerAttribute: a3ef5dd2817f97addfee359851a9dba5 -> 
  custom:container-demuxer-webm: 4f35f7cbe854078d1ac9338744f61a02 -> 
  custom:container-muxer-webm: aa71ff27fc2769a1b78a27578f13a17b -> 
  custom:video-decoder-webm-vp8: 9c59270c3fd7afecdb556c50c9e8de78 -> 
  custom:AudioImporter_EditorPlatform: d09bf68614088b80899f8185d706f6e7 -> 
  custom:video-encoder-webm-vp8: eb34c28f22e8b96e1ab97ce403110664 -> 
  custom:audio-decoder-ogg-vorbis: bf7c407c2cedff20999df2af8eb42d56 -> 
  custom:audio-encoder-webm-vorbis: bf7c407c2cedff20999df2af8eb42d56 -> 
========================================================================
Received Prepare
Begin MonoManager ReloadAssembly
Symbol file LoadedFromMemory doesn't match image E:\WORKSPACE\git\Tfg_Doom2punto5\Unity\TFG\Library\PackageCache\com.unity.visualscripting@1.8.0\Editor\VisualScripting.Core\Dependencies\YamlDotNet\Unity.VisualScripting.YamlDotNet.dll
Symbol file LoadedFromMemory doesn't match image E:\WORKSPACE\git\Tfg_Doom2punto5\Unity\TFG\Library\PackageCache\com.unity.visualscripting@1.8.0\Editor\VisualScripting.Core\Dependencies\DotNetZip\Unity.VisualScripting.IonicZip.dll
- Loaded All Assemblies, in  0.947 seconds
Refreshing native plugins compatible for Editor in 12.92 ms, found 4 plugins.
Native extension for WindowsStandalone target not found
[Package Manager] Server::EnsureServerProcessIsRunning -- launch failed, reason: Unity was launched with the -noUpm command-line argument
[Package Manager] UpmClient::Send -- Unable to send message (not connected to UPM process).
[Package Manager] Cannot connect to Unity Package Manager local server
Mono: successfully reloaded assembly
- Finished resetting the current domain, in  1.524 seconds
Domain Reload Profiling: 2464ms
	BeginReloadAssembly (175ms)
		ExecutionOrderSort (0ms)
		DisableScriptedObjects (13ms)
		BackupInstance (0ms)
		ReleaseScriptingObjects (0ms)
		CreateAndSetChildDomain (46ms)
	RebuildCommonClasses (33ms)
	RebuildNativeTypeToScriptingClass (13ms)
	initialDomainReloadingComplete (35ms)
	LoadAllAssembliesAndSetupDomain (684ms)
		LoadAssemblies (379ms)
		RebuildTransferFunctionScriptingTraits (0ms)
		AnalyzeDomain (373ms)
			TypeCache.Refresh (358ms)
				TypeCache.ScanAssembly (342ms)
			ScanForSourceGeneratedMonoScriptInfo (0ms)
			ResolveRequiredComponents (15ms)
	FinalizeReload (1524ms)
		ReleaseScriptCaches (0ms)
		RebuildScriptCaches (0ms)
		SetupLoadedEditorAssemblies (681ms)
			LogAssemblyErrors (0ms)
			InitializePlatformSupportModulesInManaged (7ms)
			SetLoadedEditorAssemblies (6ms)
			RefreshPlugins (0ms)
			BeforeProcessingInitializeOnLoad (136ms)
			ProcessInitializeOnLoadAttributes (421ms)
			ProcessInitializeOnLoadMethodAttributes (100ms)
			AfterProcessingInitializeOnLoad (11ms)
			EditorAssembliesLoaded (0ms)
		ExecutionOrderSort2 (0ms)
		AwakeInstancesAfterBackupRestoration (29ms)
Refreshing native plugins compatible for Editor in 4.67 ms, found 4 plugins.
Preloading 0 native plugins for Editor in 0.00 ms.
Unloading 6101 Unused Serialized files (Serialized files now loaded: 0)
Unloading 51 unused Assets / (0.7 MB). Loaded Objects now: 6858.
Memory consumption went from 232.0 MB to 231.3 MB.
Total: 6.411300 ms (FindLiveObjects: 1.040600 ms CreateObjectMapping: 0.370900 ms MarkObjects: 4.356400 ms  DeleteObjects: 0.641600 ms)

Prepare: number of updated asset objects reloaded= 0
AssetImportParameters requested are different than current active one (requested -> active):
  custom:container-demuxer-ogg: 62fdf1f143b41e24485cea50d1cbac27 -> 
  custom:video-decoder-ogg-theora: a1e56fd34408186e4bbccfd4996cb3dc -> 
  custom:framework-win-MediaFoundation: 216162199b28c13a410421893ffa2e32 -> 
  custom:CustomObjectIndexerAttribute: a3ef5dd2817f97addfee359851a9dba5 -> 
  custom:container-demuxer-webm: 4f35f7cbe854078d1ac9338744f61a02 -> 
  custom:container-muxer-webm: aa71ff27fc2769a1b78a27578f13a17b -> 
  custom:video-decoder-webm-vp8: 9c59270c3fd7afecdb556c50c9e8de78 -> 
  custom:AudioImporter_EditorPlatform: d09bf68614088b80899f8185d706f6e7 -> 
  custom:video-encoder-webm-vp8: eb34c28f22e8b96e1ab97ce403110664 -> 
  custom:audio-decoder-ogg-vorbis: bf7c407c2cedff20999df2af8eb42d56 -> 
  custom:audio-encoder-webm-vorbis: bf7c407c2cedff20999df2af8eb42d56 -> 
========================================================================
Received Prepare
Begin MonoManager ReloadAssembly
Symbol file LoadedFromMemory doesn't match image E:\WORKSPACE\git\Tfg_Doom2punto5\Unity\TFG\Library\PackageCache\com.unity.visualscripting@1.8.0\Editor\VisualScripting.Core\Dependencies\YamlDotNet\Unity.VisualScripting.YamlDotNet.dll
Symbol file LoadedFromMemory doesn't match image E:\WORKSPACE\git\Tfg_Doom2punto5\Unity\TFG\Library\PackageCache\com.unity.visualscripting@1.8.0\Editor\VisualScripting.Core\Dependencies\DotNetZip\Unity.VisualScripting.IonicZip.dll
- Loaded All Assemblies, in  0.959 seconds
Refreshing native plugins compatible for Editor in 4.11 ms, found 4 plugins.
Native extension for WindowsStandalone target not found
[Package Manager] Server::EnsureServerProcessIsRunning -- launch failed, reason: Unity was launched with the -noUpm command-line argument
[Package Manager] UpmClient::Send -- Unable to send message (not connected to UPM process).
[Package Manager] Cannot connect to Unity Package Manager local server
Mono: successfully reloaded assembly
- Finished resetting the current domain, in  1.597 seconds
Domain Reload Profiling: 2549ms
	BeginReloadAssembly (175ms)
		ExecutionOrderSort (0ms)
		DisableScriptedObjects (14ms)
		BackupInstance (0ms)
		ReleaseScriptingObjects (0ms)
		CreateAndSetChildDomain (48ms)
	RebuildCommonClasses (37ms)
	RebuildNativeTypeToScriptingClass (13ms)
	initialDomainReloadingComplete (36ms)
	LoadAllAssembliesAndSetupDomain (691ms)
		LoadAssemblies (381ms)
		RebuildTransferFunctionScriptingTraits (0ms)
		AnalyzeDomain (373ms)
			TypeCache.Refresh (358ms)
				TypeCache.ScanAssembly (343ms)
			ScanForSourceGeneratedMonoScriptInfo (0ms)
			ResolveRequiredComponents (15ms)
	FinalizeReload (1598ms)
		ReleaseScriptCaches (0ms)
		RebuildScriptCaches (0ms)
		SetupLoadedEditorAssemblies (696ms)
			LogAssemblyErrors (0ms)
			InitializePlatformSupportModulesInManaged (7ms)
			SetLoadedEditorAssemblies (7ms)
			RefreshPlugins (0ms)
			BeforeProcessingInitializeOnLoad (135ms)
			ProcessInitializeOnLoadAttributes (437ms)
			ProcessInitializeOnLoadMethodAttributes (98ms)
			AfterProcessingInitializeOnLoad (11ms)
			EditorAssembliesLoaded (0ms)
		ExecutionOrderSort2 (0ms)
		AwakeInstancesAfterBackupRestoration (29ms)
Refreshing native plugins compatible for Editor in 5.52 ms, found 4 plugins.
Preloading 0 native plugins for Editor in 0.00 ms.
Unloading 6101 Unused Serialized files (Serialized files now loaded: 0)
Unloading 51 unused Assets / (0.7 MB). Loaded Objects now: 6863.
Memory consumption went from 232.0 MB to 231.4 MB.
Total: 6.043900 ms (FindLiveObjects: 1.087100 ms CreateObjectMapping: 0.344600 ms MarkObjects: 4.140400 ms  DeleteObjects: 0.469900 ms)

Prepare: number of updated asset objects reloaded= 0
AssetImportParameters requested are different than current active one (requested -> active):
  custom:container-demuxer-ogg: 62fdf1f143b41e24485cea50d1cbac27 -> 
  custom:video-decoder-ogg-theora: a1e56fd34408186e4bbccfd4996cb3dc -> 
  custom:framework-win-MediaFoundation: 216162199b28c13a410421893ffa2e32 -> 
  custom:CustomObjectIndexerAttribute: a3ef5dd2817f97addfee359851a9dba5 -> 
  custom:container-demuxer-webm: 4f35f7cbe854078d1ac9338744f61a02 -> 
  custom:container-muxer-webm: aa71ff27fc2769a1b78a27578f13a17b -> 
  custom:video-decoder-webm-vp8: 9c59270c3fd7afecdb556c50c9e8de78 -> 
  custom:AudioImporter_EditorPlatform: d09bf68614088b80899f8185d706f6e7 -> 
  custom:video-encoder-webm-vp8: eb34c28f22e8b96e1ab97ce403110664 -> 
  custom:audio-decoder-ogg-vorbis: bf7c407c2cedff20999df2af8eb42d56 -> 
  custom:audio-encoder-webm-vorbis: bf7c407c2cedff20999df2af8eb42d56 -> 
========================================================================
Received Import Request.
  Time since last request: 1495.756895 seconds.
  path: Assets/Prefabs/MapObjects/BuildingBlockForMap/Prefabs/Props/Crystal.prefab
  artifactKey: Guid(b271963942b459b47868096eac0bf8f1) Importer(815301076,1909f56bfc062723c751e8b465ee728b)
Start importing Assets/Prefabs/MapObjects/BuildingBlockForMap/Prefabs/Props/Crystal.prefab using Guid(b271963942b459b47868096eac0bf8f1) Importer(815301076,1909f56bfc062723c751e8b465ee728b)  -> (artifact id: '7f2bfdbace03c54704217e041ad8c0bc') in 0.016443 seconds
Number of updated asset objects reloaded before import = 0
Number of asset objects unloaded after import = 7
========================================================================
Received Import Request.
  Time since last request: 2.521087 seconds.
  path: Assets/Prefabs/MapObjects/BuildingBlockForMap/Prefabs/Props/Decal1.prefab
  artifactKey: Guid(7504b975d2cb2a74896d242c20a8ff51) Importer(815301076,1909f56bfc062723c751e8b465ee728b)
Start importing Assets/Prefabs/MapObjects/BuildingBlockForMap/Prefabs/Props/Decal1.prefab using Guid(7504b975d2cb2a74896d242c20a8ff51) Importer(815301076,1909f56bfc062723c751e8b465ee728b)  -> (artifact id: 'c830ef3aede8e532a1e33bd07e08daea') in 0.001971 seconds
Number of updated asset objects reloaded before import = 0
Number of asset objects unloaded after import = 7
========================================================================
Received Import Request.
  Time since last request: 0.688772 seconds.
  path: Assets/Prefabs/MapObjects/BuildingBlockForMap/Prefabs/Props/Decal2.prefab
  artifactKey: Guid(81afa6605408b9c4d930ba6a3d3cf5a2) Importer(815301076,1909f56bfc062723c751e8b465ee728b)
Start importing Assets/Prefabs/MapObjects/BuildingBlockForMap/Prefabs/Props/Decal2.prefab using Guid(81afa6605408b9c4d930ba6a3d3cf5a2) Importer(815301076,1909f56bfc062723c751e8b465ee728b)  -> (artifact id: 'd00bfdf0ea9bdee5be47d59ce564d4d3') in 0.001803 seconds
Number of updated asset objects reloaded before import = 0
Number of asset objects unloaded after import = 7
========================================================================
Received Import Request.
  Time since last request: 0.452313 seconds.
  path: Assets/Prefabs/MapObjects/BuildingBlockForMap/Prefabs/Props/Decal4.prefab
  artifactKey: Guid(f38f4dd3e2f22fe42812f540f3dd2ee6) Importer(815301076,1909f56bfc062723c751e8b465ee728b)
Start importing Assets/Prefabs/MapObjects/BuildingBlockForMap/Prefabs/Props/Decal4.prefab using Guid(f38f4dd3e2f22fe42812f540f3dd2ee6) Importer(815301076,1909f56bfc062723c751e8b465ee728b)  -> (artifact id: '898cf2971ccade9cabac5e4106e78550') in 0.002149 seconds
Number of updated asset objects reloaded before import = 0
Number of asset objects unloaded after import = 7
========================================================================
Received Import Request.
  Time since last request: 0.992981 seconds.
  path: Assets/Prefabs/MapObjects/BuildingBlockForMap/Prefabs/Props/Chest.prefab
  artifactKey: Guid(5e1a6fbeca8f47d479bc6fe0ec5b9ccc) Importer(815301076,1909f56bfc062723c751e8b465ee728b)
Start importing Assets/Prefabs/MapObjects/BuildingBlockForMap/Prefabs/Props/Chest.prefab using Guid(5e1a6fbeca8f47d479bc6fe0ec5b9ccc) Importer(815301076,1909f56bfc062723c751e8b465ee728b)  -> (artifact id: 'd4b47fd7bda0cab5b089845555b095a5') in 0.002302 seconds
Number of updated asset objects reloaded before import = 0
Number of asset objects unloaded after import = 19
========================================================================
Received Import Request.
  Time since last request: 0.434083 seconds.
  path: Assets/Prefabs/MapObjects/BuildingBlockForMap/Prefabs/Props/Candle_Fire.prefab
  artifactKey: Guid(603ed700e9fe04040b37a773fd8a2d0b) Importer(815301076,1909f56bfc062723c751e8b465ee728b)
Start importing Assets/Prefabs/MapObjects/BuildingBlockForMap/Prefabs/Props/Candle_Fire.prefab using Guid(603ed700e9fe04040b37a773fd8a2d0b) Importer(815301076,1909f56bfc062723c751e8b465ee728b)  -> (artifact id: 'a6327a89e338d02ba14bd8bf8b1b2209') in 0.004906 seconds
Number of updated asset objects reloaded before import = 0
Number of asset objects unloaded after import = 15
========================================================================
Received Import Request.
  Time since last request: 0.462024 seconds.
  path: Assets/Prefabs/MapObjects/BuildingBlockForMap/Prefabs/Props/Candle.prefab
  artifactKey: Guid(cd9ca4d3076a531409c7ca05d9007a43) Importer(815301076,1909f56bfc062723c751e8b465ee728b)
Start importing Assets/Prefabs/MapObjects/BuildingBlockForMap/Prefabs/Props/Candle.prefab using Guid(cd9ca4d3076a531409c7ca05d9007a43) Importer(815301076,1909f56bfc062723c751e8b465ee728b)  -> (artifact id: '82c0c02938b17403726750465f51fc56') in 0.001487 seconds
Number of updated asset objects reloaded before import = 0
Number of asset objects unloaded after import = 7
========================================================================
Received Import Request.
  Time since last request: 0.500935 seconds.
  path: Assets/Prefabs/MapObjects/BuildingBlockForMap/Prefabs/Props/Blood.prefab
  artifactKey: Guid(2e4c01a808ff6eb4092d95b29bf406ff) Importer(815301076,1909f56bfc062723c751e8b465ee728b)
Start importing Assets/Prefabs/MapObjects/BuildingBlockForMap/Prefabs/Props/Blood.prefab using Guid(2e4c01a808ff6eb4092d95b29bf406ff) Importer(815301076,1909f56bfc062723c751e8b465ee728b)  -> (artifact id: '22071f993bea3113ed13174d5757ba9c') in 0.001468 seconds
Number of updated asset objects reloaded before import = 0
Number of asset objects unloaded after import = 7
========================================================================
Received Import Request.
  Time since last request: 0.741702 seconds.
  path: Assets/Prefabs/MapObjects/BuildingBlockForMap/Prefabs/Props/Bucket.prefab
  artifactKey: Guid(b34feb63e7da5df4ea81f05cb177c07e) Importer(815301076,1909f56bfc062723c751e8b465ee728b)
Start importing Assets/Prefabs/MapObjects/BuildingBlockForMap/Prefabs/Props/Bucket.prefab using Guid(b34feb63e7da5df4ea81f05cb177c07e) Importer(815301076,1909f56bfc062723c751e8b465ee728b)  -> (artifact id: '446c9e4e7006d1ade1f7f6b94ccfd3a2') in 0.001685 seconds
Number of updated asset objects reloaded before import = 0
Number of asset objects unloaded after import = 7
========================================================================
Received Import Request.
  Time since last request: 1.858396 seconds.
  path: Assets/Prefabs/MapObjects/BuildingBlockForMap/Prefabs/Props/Plant5.prefab
  artifactKey: Guid(5d74e8a2eca955548ab0b8d1978e47d8) Importer(815301076,1909f56bfc062723c751e8b465ee728b)
Start importing Assets/Prefabs/MapObjects/BuildingBlockForMap/Prefabs/Props/Plant5.prefab using Guid(5d74e8a2eca955548ab0b8d1978e47d8) Importer(815301076,1909f56bfc062723c751e8b465ee728b)  -> (artifact id: '3c2021b5c6d3006e7785d86b932df479') in 0.002836 seconds
Number of updated asset objects reloaded before import = 0
Number of asset objects unloaded after import = 7
========================================================================
Received Import Request.
  Time since last request: 0.531261 seconds.
  path: Assets/Prefabs/MapObjects/BuildingBlockForMap/Prefabs/Props/Plant6.prefab
  artifactKey: Guid(49010dd417e0a5c48afe2ada024b3552) Importer(815301076,1909f56bfc062723c751e8b465ee728b)
Start importing Assets/Prefabs/MapObjects/BuildingBlockForMap/Prefabs/Props/Plant6.prefab using Guid(49010dd417e0a5c48afe2ada024b3552) Importer(815301076,1909f56bfc062723c751e8b465ee728b)  -> (artifact id: '2303703b0772c57e6c4f23ade5e97a9f') in 0.002708 seconds
Number of updated asset objects reloaded before import = 0
Number of asset objects unloaded after import = 7
========================================================================
Received Import Request.
  Time since last request: 0.464250 seconds.
  path: Assets/Prefabs/MapObjects/BuildingBlockForMap/Prefabs/Props/Plant8.prefab
  artifactKey: Guid(3820a42f24e62b34dbc253c7defe61a3) Importer(815301076,1909f56bfc062723c751e8b465ee728b)
Start importing Assets/Prefabs/MapObjects/BuildingBlockForMap/Prefabs/Props/Plant8.prefab using Guid(3820a42f24e62b34dbc253c7defe61a3) Importer(815301076,1909f56bfc062723c751e8b465ee728b)  -> (artifact id: '7cf7eeccf2b7bde85240a526eb5bfee8') in 0.002415 seconds
Number of updated asset objects reloaded before import = 0
Number of asset objects unloaded after import = 7
========================================================================
Received Import Request.
  Time since last request: 0.767929 seconds.
  path: Assets/Prefabs/MapObjects/BuildingBlockForMap/Prefabs/Props/Plant9.prefab
  artifactKey: Guid(a6447daaf91ebba4eaddd7157c46af69) Importer(815301076,1909f56bfc062723c751e8b465ee728b)
Start importing Assets/Prefabs/MapObjects/BuildingBlockForMap/Prefabs/Props/Plant9.prefab using Guid(a6447daaf91ebba4eaddd7157c46af69) Importer(815301076,1909f56bfc062723c751e8b465ee728b)  -> (artifact id: '8b43fa3ad79c9e2e06d2afb5fffeb0cd') in 0.002579 seconds
Number of updated asset objects reloaded before import = 0
Number of asset objects unloaded after import = 7
========================================================================
Received Import Request.
  Time since last request: 2.085812 seconds.
  path: Assets/Prefabs/MapObjects/BuildingBlockForMap/Prefabs/Props/Pot1.prefab
  artifactKey: Guid(6d13e90777ad67d449ece350da9c5997) Importer(815301076,1909f56bfc062723c751e8b465ee728b)
Start importing Assets/Prefabs/MapObjects/BuildingBlockForMap/Prefabs/Props/Pot1.prefab using Guid(6d13e90777ad67d449ece350da9c5997) Importer(815301076,1909f56bfc062723c751e8b465ee728b)  -> (artifact id: 'cb4cf48864779a5b65980a8a1f31752f') in 0.001620 seconds
Number of updated asset objects reloaded before import = 0
Number of asset objects unloaded after import = 7
========================================================================
Received Import Request.
  Time since last request: 0.839866 seconds.
  path: Assets/Prefabs/MapObjects/BuildingBlockForMap/Prefabs/Props/Web.prefab
  artifactKey: Guid(ff8365c6d388723458d36a14d5dbe3b4) Importer(815301076,1909f56bfc062723c751e8b465ee728b)
Start importing Assets/Prefabs/MapObjects/BuildingBlockForMap/Prefabs/Props/Web.prefab using Guid(ff8365c6d388723458d36a14d5dbe3b4) Importer(815301076,1909f56bfc062723c751e8b465ee728b)  -> (artifact id: 'edbd7832852dc6cafadc6867e6de71d6') in 0.001602 seconds
Number of updated asset objects reloaded before import = 0
Number of asset objects unloaded after import = 7
========================================================================
Received Import Request.
  Time since last request: 3.549052 seconds.
  path: Assets/Prefabs/MapObjects/BuildingBlockForMap/Prefabs/Props/Pot2.prefab
  artifactKey: Guid(d4ce3f28183a44548b4f2c513ae85543) Importer(815301076,1909f56bfc062723c751e8b465ee728b)
Start importing Assets/Prefabs/MapObjects/BuildingBlockForMap/Prefabs/Props/Pot2.prefab using Guid(d4ce3f28183a44548b4f2c513ae85543) Importer(815301076,1909f56bfc062723c751e8b465ee728b)  -> (artifact id: 'f1dd5605354adeb06b1f29ad841849c0') in 0.002625 seconds
Number of updated asset objects reloaded before import = 0
Number of asset objects unloaded after import = 7
========================================================================
Received Import Request.
  Time since last request: 0.850159 seconds.
  path: Assets/Prefabs/MapObjects/BuildingBlockForMap/Prefabs/Props/Plant1.prefab
  artifactKey: Guid(dadb38ae0ee9be84285c01dac303d33e) Importer(815301076,1909f56bfc062723c751e8b465ee728b)
Start importing Assets/Prefabs/MapObjects/BuildingBlockForMap/Prefabs/Props/Plant1.prefab using Guid(dadb38ae0ee9be84285c01dac303d33e) Importer(815301076,1909f56bfc062723c751e8b465ee728b)  -> (artifact id: '6eb2cac2f212d4a41adbb3584942a51a') in 0.001616 seconds
Number of updated asset objects reloaded before import = 0
Number of asset objects unloaded after import = 7
========================================================================
Received Import Request.
  Time since last request: 0.449278 seconds.
  path: Assets/Prefabs/MapObjects/BuildingBlockForMap/Prefabs/Props/Open Chest.prefab
  artifactKey: Guid(36f9a809073a4bb4b996d405630b6a87) Importer(815301076,1909f56bfc062723c751e8b465ee728b)
Start importing Assets/Prefabs/MapObjects/BuildingBlockForMap/Prefabs/Props/Open Chest.prefab using Guid(36f9a809073a4bb4b996d405630b6a87) Importer(815301076,1909f56bfc062723c751e8b465ee728b)  -> (artifact id: '828b2b33e5a686ef253d588f68addfd7') in 0.002578 seconds
Number of updated asset objects reloaded before import = 0
Number of asset objects unloaded after import = 19
========================================================================
Received Import Request.
  Time since last request: 0.507347 seconds.
  path: Assets/Prefabs/MapObjects/BuildingBlockForMap/Prefabs/Props/Decal16.prefab
  artifactKey: Guid(5518920a4df2ffd4aa77332d5e6bbcac) Importer(815301076,1909f56bfc062723c751e8b465ee728b)
Start importing Assets/Prefabs/MapObjects/BuildingBlockForMap/Prefabs/Props/Decal16.prefab using Guid(5518920a4df2ffd4aa77332d5e6bbcac) Importer(815301076,1909f56bfc062723c751e8b465ee728b)  -> (artifact id: 'b5cdc33ede2f6b519d9600b9f0d21ec2') in 0.001711 seconds
Number of updated asset objects reloaded before import = 0
Number of asset objects unloaded after import = 7
========================================================================
Received Import Request.
  Time since last request: 0.451780 seconds.
  path: Assets/Prefabs/MapObjects/BuildingBlockForMap/Prefabs/Props/Decal14.prefab
  artifactKey: Guid(71cf714cd51eb8647a3ee5fa8c7a4dfe) Importer(815301076,1909f56bfc062723c751e8b465ee728b)
Start importing Assets/Prefabs/MapObjects/BuildingBlockForMap/Prefabs/Props/Decal14.prefab using Guid(71cf714cd51eb8647a3ee5fa8c7a4dfe) Importer(815301076,1909f56bfc062723c751e8b465ee728b)  -> (artifact id: '9a903efc1c51f5429ad4c69a2e48d635') in 0.001931 seconds
Number of updated asset objects reloaded before import = 0
Number of asset objects unloaded after import = 7
========================================================================
Received Import Request.
  Time since last request: 0.437007 seconds.
  path: Assets/Prefabs/MapObjects/BuildingBlockForMap/Prefabs/Props/Decal12.prefab
  artifactKey: Guid(0b7c9827b6b0ccd4ab7960965f8621d7) Importer(815301076,1909f56bfc062723c751e8b465ee728b)
Start importing Assets/Prefabs/MapObjects/BuildingBlockForMap/Prefabs/Props/Decal12.prefab using Guid(0b7c9827b6b0ccd4ab7960965f8621d7) Importer(815301076,1909f56bfc062723c751e8b465ee728b)  -> (artifact id: 'ba6a3bb017b6cd422240b13ac8e1c68d') in 0.001852 seconds
Number of updated asset objects reloaded before import = 0
Number of asset objects unloaded after import = 7
========================================================================
Received Import Request.
  Time since last request: 0.486744 seconds.
  path: Assets/Prefabs/MapObjects/BuildingBlockForMap/Prefabs/Props/Decal10.prefab
  artifactKey: Guid(ca875419c65b9ea4eaa5cb4a1c485aeb) Importer(815301076,1909f56bfc062723c751e8b465ee728b)
Start importing Assets/Prefabs/MapObjects/BuildingBlockForMap/Prefabs/Props/Decal10.prefab using Guid(ca875419c65b9ea4eaa5cb4a1c485aeb) Importer(815301076,1909f56bfc062723c751e8b465ee728b)  -> (artifact id: '37e9c510ebe3809a9f7c21c56bc09d05') in 0.001528 seconds
Number of updated asset objects reloaded before import = 0
Number of asset objects unloaded after import = 7
========================================================================
Received Import Request.
  Time since last request: 15.888589 seconds.
  path: Assets/Prefabs/MapObjects/BuildingBlockForMap/Prefabs/Fx/Shine.prefab
  artifactKey: Guid(1a6afcddc694b4a488370e17547b9f61) Importer(815301076,1909f56bfc062723c751e8b465ee728b)
Start importing Assets/Prefabs/MapObjects/BuildingBlockForMap/Prefabs/Fx/Shine.prefab using Guid(1a6afcddc694b4a488370e17547b9f61) Importer(815301076,1909f56bfc062723c751e8b465ee728b)  -> (artifact id: '26445370ad7411e4ffca0d07d0a12679') in 0.001677 seconds
Number of updated asset objects reloaded before import = 0
Number of asset objects unloaded after import = 9
========================================================================
Received Import Request.
  Time since last request: 3.232486 seconds.
  path: Assets/Prefabs/MapObjects/BuildingBlockForMap/FX/Wave 2.mat
  artifactKey: Guid(9e1865214b11c5243b6099d58626b0f9) Importer(815301076,1909f56bfc062723c751e8b465ee728b)
Start importing Assets/Prefabs/MapObjects/BuildingBlockForMap/FX/Wave 2.mat using Guid(9e1865214b11c5243b6099d58626b0f9) Importer(815301076,1909f56bfc062723c751e8b465ee728b)  -> (artifact id: '930685bef996425f88d265e5c90ea015') in 0.001304 seconds
Number of updated asset objects reloaded before import = 0
Number of asset objects unloaded after import = 1
========================================================================
Received Import Request.
  Time since last request: 3.708928 seconds.
  path: Assets/Prefabs/MapObjects/BuildingBlockForMap/Prefabs/Fx/Shine.prefab
  artifactKey: Guid(1a6afcddc694b4a488370e17547b9f61) Importer(815301076,1909f56bfc062723c751e8b465ee728b)
Start importing Assets/Prefabs/MapObjects/BuildingBlockForMap/Prefabs/Fx/Shine.prefab using Guid(1a6afcddc694b4a488370e17547b9f61) Importer(815301076,1909f56bfc062723c751e8b465ee728b)  -> (artifact id: '9b724051f5145b2b7f7064f24c76e480') in 0.001793 seconds
Number of updated asset objects reloaded before import = 0
Number of asset objects unloaded after import = 9
========================================================================
Received Prepare
Begin MonoManager ReloadAssembly
Symbol file LoadedFromMemory doesn't match image E:\WORKSPACE\git\Tfg_Doom2punto5\Unity\TFG\Library\PackageCache\com.unity.visualscripting@1.8.0\Editor\VisualScripting.Core\Dependencies\YamlDotNet\Unity.VisualScripting.YamlDotNet.dll
Symbol file LoadedFromMemory doesn't match image E:\WORKSPACE\git\Tfg_Doom2punto5\Unity\TFG\Library\PackageCache\com.unity.visualscripting@1.8.0\Editor\VisualScripting.Core\Dependencies\DotNetZip\Unity.VisualScripting.IonicZip.dll
- Loaded All Assemblies, in  0.921 seconds
Refreshing native plugins compatible for Editor in 6.31 ms, found 4 plugins.
Native extension for WindowsStandalone target not found
[Package Manager] Server::EnsureServerProcessIsRunning -- launch failed, reason: Unity was launched with the -noUpm command-line argument
[Package Manager] UpmClient::Send -- Unable to send message (not connected to UPM process).
[Package Manager] Cannot connect to Unity Package Manager local server
Mono: successfully reloaded assembly
- Finished resetting the current domain, in  1.615 seconds
Domain Reload Profiling: 2531ms
	BeginReloadAssembly (173ms)
		ExecutionOrderSort (0ms)
		DisableScriptedObjects (15ms)
		BackupInstance (0ms)
		ReleaseScriptingObjects (0ms)
		CreateAndSetChildDomain (48ms)
	RebuildCommonClasses (35ms)
	RebuildNativeTypeToScriptingClass (13ms)
	initialDomainReloadingComplete (32ms)
	LoadAllAssembliesAndSetupDomain (662ms)
		LoadAssemblies (364ms)
		RebuildTransferFunctionScriptingTraits (0ms)
		AnalyzeDomain (365ms)
			TypeCache.Refresh (350ms)
				TypeCache.ScanAssembly (336ms)
			ScanForSourceGeneratedMonoScriptInfo (0ms)
			ResolveRequiredComponents (15ms)
	FinalizeReload (1615ms)
		ReleaseScriptCaches (0ms)
		RebuildScriptCaches (0ms)
		SetupLoadedEditorAssemblies (721ms)
			LogAssemblyErrors (0ms)
			InitializePlatformSupportModulesInManaged (8ms)
			SetLoadedEditorAssemblies (7ms)
			RefreshPlugins (0ms)
			BeforeProcessingInitializeOnLoad (150ms)
			ProcessInitializeOnLoadAttributes (447ms)
			ProcessInitializeOnLoadMethodAttributes (100ms)
			AfterProcessingInitializeOnLoad (10ms)
			EditorAssembliesLoaded (0ms)
		ExecutionOrderSort2 (0ms)
		AwakeInstancesAfterBackupRestoration (30ms)
Refreshing native plugins compatible for Editor in 4.63 ms, found 4 plugins.
Preloading 0 native plugins for Editor in 0.00 ms.
Unloading 6101 Unused Serialized files (Serialized files now loaded: 0)
Unloading 51 unused Assets / (0.7 MB). Loaded Objects now: 6868.
Memory consumption went from 232.0 MB to 231.4 MB.
Total: 4.818900 ms (FindLiveObjects: 0.961100 ms CreateObjectMapping: 0.288800 ms MarkObjects: 3.161200 ms  DeleteObjects: 0.406600 ms)

Prepare: number of updated asset objects reloaded= 0
AssetImportParameters requested are different than current active one (requested -> active):
  custom:container-demuxer-ogg: 62fdf1f143b41e24485cea50d1cbac27 -> 
  custom:video-decoder-ogg-theora: a1e56fd34408186e4bbccfd4996cb3dc -> 
  custom:framework-win-MediaFoundation: 216162199b28c13a410421893ffa2e32 -> 
  custom:CustomObjectIndexerAttribute: a3ef5dd2817f97addfee359851a9dba5 -> 
  custom:container-demuxer-webm: 4f35f7cbe854078d1ac9338744f61a02 -> 
  custom:container-muxer-webm: aa71ff27fc2769a1b78a27578f13a17b -> 
  custom:video-decoder-webm-vp8: 9c59270c3fd7afecdb556c50c9e8de78 -> 
  custom:AudioImporter_EditorPlatform: d09bf68614088b80899f8185d706f6e7 -> 
  custom:video-encoder-webm-vp8: eb34c28f22e8b96e1ab97ce403110664 -> 
  custom:audio-decoder-ogg-vorbis: bf7c407c2cedff20999df2af8eb42d56 -> 
  custom:audio-encoder-webm-vorbis: bf7c407c2cedff20999df2af8eb42d56 -> 
========================================================================
Received Import Request.
  Time since last request: 48.470621 seconds.
  path: Assets/Prefabs/MapObjects/BuildingBlockForMap/Prefabs/Fx/Water.prefab
  artifactKey: Guid(7f65e64dba4dfeb4da9cb203af9c5717) Importer(815301076,1909f56bfc062723c751e8b465ee728b)
Start importing Assets/Prefabs/MapObjects/BuildingBlockForMap/Prefabs/Fx/Water.prefab using Guid(7f65e64dba4dfeb4da9cb203af9c5717) Importer(815301076,1909f56bfc062723c751e8b465ee728b)  -> (artifact id: 'bf7448a48b670eade0cd3a8383c4947a') in 0.030509 seconds
Number of updated asset objects reloaded before import = 0
Number of asset objects unloaded after import = 11
========================================================================
Received Import Request.
  Time since last request: 143.065118 seconds.
  path: Assets/Prefabs/MapObjects/BuildingBlockForMap/Textures/Shine.png
  artifactKey: Guid(61ee14afba2f7ca4fb5456fe29649b1c) Importer(815301076,1909f56bfc062723c751e8b465ee728b)
Start importing Assets/Prefabs/MapObjects/BuildingBlockForMap/Textures/Shine.png using Guid(61ee14afba2f7ca4fb5456fe29649b1c) Importer(815301076,1909f56bfc062723c751e8b465ee728b)  -> (artifact id: 'dc3773f5883ebe0d3500ddde2ca2c98b') in 0.001869 seconds
Number of updated asset objects reloaded before import = 0
Number of asset objects unloaded after import = 1
========================================================================
Received Prepare
Begin MonoManager ReloadAssembly
Symbol file LoadedFromMemory doesn't match image E:\WORKSPACE\git\Tfg_Doom2punto5\Unity\TFG\Library\PackageCache\com.unity.visualscripting@1.8.0\Editor\VisualScripting.Core\Dependencies\YamlDotNet\Unity.VisualScripting.YamlDotNet.dll
Symbol file LoadedFromMemory doesn't match image E:\WORKSPACE\git\Tfg_Doom2punto5\Unity\TFG\Library\PackageCache\com.unity.visualscripting@1.8.0\Editor\VisualScripting.Core\Dependencies\DotNetZip\Unity.VisualScripting.IonicZip.dll
- Loaded All Assemblies, in  0.941 seconds
Refreshing native plugins compatible for Editor in 11.64 ms, found 4 plugins.
Native extension for WindowsStandalone target not found
[Package Manager] Server::EnsureServerProcessIsRunning -- launch failed, reason: Unity was launched with the -noUpm command-line argument
[Package Manager] UpmClient::Send -- Unable to send message (not connected to UPM process).
[Package Manager] Cannot connect to Unity Package Manager local server
Mono: successfully reloaded assembly
- Finished resetting the current domain, in  1.549 seconds
Domain Reload Profiling: 2483ms
	BeginReloadAssembly (173ms)
		ExecutionOrderSort (0ms)
		DisableScriptedObjects (14ms)
		BackupInstance (0ms)
		ReleaseScriptingObjects (0ms)
		CreateAndSetChildDomain (46ms)
	RebuildCommonClasses (35ms)
	RebuildNativeTypeToScriptingClass (13ms)
	initialDomainReloadingComplete (35ms)
	LoadAllAssembliesAndSetupDomain (678ms)
		LoadAssemblies (377ms)
		RebuildTransferFunctionScriptingTraits (0ms)
		AnalyzeDomain (366ms)
			TypeCache.Refresh (351ms)
				TypeCache.ScanAssembly (337ms)
			ScanForSourceGeneratedMonoScriptInfo (0ms)
			ResolveRequiredComponents (15ms)
	FinalizeReload (1549ms)
		ReleaseScriptCaches (0ms)
		RebuildScriptCaches (0ms)
		SetupLoadedEditorAssemblies (692ms)
			LogAssemblyErrors (0ms)
			InitializePlatformSupportModulesInManaged (7ms)
			SetLoadedEditorAssemblies (6ms)
			RefreshPlugins (0ms)
			BeforeProcessingInitializeOnLoad (148ms)
			ProcessInitializeOnLoadAttributes (426ms)
			ProcessInitializeOnLoadMethodAttributes (95ms)
			AfterProcessingInitializeOnLoad (9ms)
			EditorAssembliesLoaded (0ms)
		ExecutionOrderSort2 (0ms)
		AwakeInstancesAfterBackupRestoration (27ms)
Refreshing native plugins compatible for Editor in 4.54 ms, found 4 plugins.
Preloading 0 native plugins for Editor in 0.00 ms.
Unloading 6101 Unused Serialized files (Serialized files now loaded: 0)
Unloading 51 unused Assets / (0.7 MB). Loaded Objects now: 6873.
Memory consumption went from 232.1 MB to 231.4 MB.
Total: 5.136500 ms (FindLiveObjects: 0.813500 ms CreateObjectMapping: 0.313800 ms MarkObjects: 3.360700 ms  DeleteObjects: 0.647100 ms)

Prepare: number of updated asset objects reloaded= 0
AssetImportParameters requested are different than current active one (requested -> active):
  custom:container-demuxer-ogg: 62fdf1f143b41e24485cea50d1cbac27 -> 
  custom:video-decoder-ogg-theora: a1e56fd34408186e4bbccfd4996cb3dc -> 
  custom:framework-win-MediaFoundation: 216162199b28c13a410421893ffa2e32 -> 
  custom:CustomObjectIndexerAttribute: a3ef5dd2817f97addfee359851a9dba5 -> 
  custom:container-demuxer-webm: 4f35f7cbe854078d1ac9338744f61a02 -> 
  custom:container-muxer-webm: aa71ff27fc2769a1b78a27578f13a17b -> 
  custom:video-decoder-webm-vp8: 9c59270c3fd7afecdb556c50c9e8de78 -> 
  custom:AudioImporter_EditorPlatform: d09bf68614088b80899f8185d706f6e7 -> 
  custom:video-encoder-webm-vp8: eb34c28f22e8b96e1ab97ce403110664 -> 
  custom:audio-decoder-ogg-vorbis: bf7c407c2cedff20999df2af8eb42d56 -> 
  custom:audio-encoder-webm-vorbis: bf7c407c2cedff20999df2af8eb42d56 -> 
========================================================================
Received Import Request.
  Time since last request: 51.418359 seconds.
  path: Assets/Prefabs/MapObjects/BuildingBlockForMap/FX/Wave 2.mat
  artifactKey: Guid(9e1865214b11c5243b6099d58626b0f9) Importer(815301076,1909f56bfc062723c751e8b465ee728b)
Start importing Assets/Prefabs/MapObjects/BuildingBlockForMap/FX/Wave 2.mat using Guid(9e1865214b11c5243b6099d58626b0f9) Importer(815301076,1909f56bfc062723c751e8b465ee728b)  -> (artifact id: '9c219b4c79221c9f6b6fe87430a7dd68') in 0.019826 seconds
Number of updated asset objects reloaded before import = 0
Number of asset objects unloaded after import = 1
========================================================================
Received Prepare
Begin MonoManager ReloadAssembly
Symbol file LoadedFromMemory doesn't match image E:\WORKSPACE\git\Tfg_Doom2punto5\Unity\TFG\Library\PackageCache\com.unity.visualscripting@1.8.0\Editor\VisualScripting.Core\Dependencies\YamlDotNet\Unity.VisualScripting.YamlDotNet.dll
Symbol file LoadedFromMemory doesn't match image E:\WORKSPACE\git\Tfg_Doom2punto5\Unity\TFG\Library\PackageCache\com.unity.visualscripting@1.8.0\Editor\VisualScripting.Core\Dependencies\DotNetZip\Unity.VisualScripting.IonicZip.dll
- Loaded All Assemblies, in  0.914 seconds
Refreshing native plugins compatible for Editor in 6.98 ms, found 4 plugins.
Native extension for WindowsStandalone target not found
[Package Manager] Server::EnsureServerProcessIsRunning -- launch failed, reason: Unity was launched with the -noUpm command-line argument
[Package Manager] UpmClient::Send -- Unable to send message (not connected to UPM process).
[Package Manager] Cannot connect to Unity Package Manager local server
Mono: successfully reloaded assembly
- Finished resetting the current domain, in  1.674 seconds
Domain Reload Profiling: 2584ms
	BeginReloadAssembly (170ms)
		ExecutionOrderSort (0ms)
		DisableScriptedObjects (14ms)
		BackupInstance (0ms)
		ReleaseScriptingObjects (0ms)
		CreateAndSetChildDomain (43ms)
	RebuildCommonClasses (35ms)
	RebuildNativeTypeToScriptingClass (13ms)
	initialDomainReloadingComplete (35ms)
	LoadAllAssembliesAndSetupDomain (657ms)
		LoadAssemblies (359ms)
		RebuildTransferFunctionScriptingTraits (0ms)
		AnalyzeDomain (365ms)
			TypeCache.Refresh (349ms)
				TypeCache.ScanAssembly (335ms)
			ScanForSourceGeneratedMonoScriptInfo (0ms)
			ResolveRequiredComponents (16ms)
	FinalizeReload (1674ms)
		ReleaseScriptCaches (0ms)
		RebuildScriptCaches (0ms)
		SetupLoadedEditorAssemblies (788ms)
			LogAssemblyErrors (0ms)
			InitializePlatformSupportModulesInManaged (8ms)
			SetLoadedEditorAssemblies (7ms)
			RefreshPlugins (0ms)
			BeforeProcessingInitializeOnLoad (148ms)
			ProcessInitializeOnLoadAttributes (494ms)
			ProcessInitializeOnLoadMethodAttributes (120ms)
			AfterProcessingInitializeOnLoad (11ms)
			EditorAssembliesLoaded (0ms)
		ExecutionOrderSort2 (0ms)
		AwakeInstancesAfterBackupRestoration (35ms)
Refreshing native plugins compatible for Editor in 6.02 ms, found 4 plugins.
Preloading 0 native plugins for Editor in 0.00 ms.
Unloading 6101 Unused Serialized files (Serialized files now loaded: 0)
Unloading 51 unused Assets / (0.7 MB). Loaded Objects now: 6878.
Memory consumption went from 232.1 MB to 231.4 MB.
Total: 5.148400 ms (FindLiveObjects: 0.885300 ms CreateObjectMapping: 0.274800 ms MarkObjects: 3.517200 ms  DeleteObjects: 0.469600 ms)

Prepare: number of updated asset objects reloaded= 0
AssetImportParameters requested are different than current active one (requested -> active):
  custom:container-demuxer-ogg: 62fdf1f143b41e24485cea50d1cbac27 -> 
  custom:video-decoder-ogg-theora: a1e56fd34408186e4bbccfd4996cb3dc -> 
  custom:framework-win-MediaFoundation: 216162199b28c13a410421893ffa2e32 -> 
  custom:CustomObjectIndexerAttribute: a3ef5dd2817f97addfee359851a9dba5 -> 
  custom:container-demuxer-webm: 4f35f7cbe854078d1ac9338744f61a02 -> 
  custom:container-muxer-webm: aa71ff27fc2769a1b78a27578f13a17b -> 
  custom:video-decoder-webm-vp8: 9c59270c3fd7afecdb556c50c9e8de78 -> 
  custom:AudioImporter_EditorPlatform: d09bf68614088b80899f8185d706f6e7 -> 
  custom:video-encoder-webm-vp8: eb34c28f22e8b96e1ab97ce403110664 -> 
  custom:audio-decoder-ogg-vorbis: bf7c407c2cedff20999df2af8eb42d56 -> 
  custom:audio-encoder-webm-vorbis: bf7c407c2cedff20999df2af8eb42d56 -> 
========================================================================
Received Prepare
Refreshing native plugins compatible for Editor in 3.46 ms, found 4 plugins.
Preloading 0 native plugins for Editor in 0.00 ms.
Unloading 5 Unused Serialized files (Serialized files now loaded: 0)
Unloading 5 unused Assets / (0.6 MB). Loaded Objects now: 6878.
Memory consumption went from 139.0 MB to 138.3 MB.
Total: 4.458900 ms (FindLiveObjects: 0.775700 ms CreateObjectMapping: 0.229000 ms MarkObjects: 3.064800 ms  DeleteObjects: 0.388100 ms)

Prepare: number of updated asset objects reloaded= 0
AssetImportParameters requested are different than current active one (requested -> active):
  custom:container-demuxer-ogg: 62fdf1f143b41e24485cea50d1cbac27 -> 
  custom:video-decoder-ogg-theora: a1e56fd34408186e4bbccfd4996cb3dc -> 
  custom:framework-win-MediaFoundation: 216162199b28c13a410421893ffa2e32 -> 
  custom:CustomObjectIndexerAttribute: a3ef5dd2817f97addfee359851a9dba5 -> 
  custom:container-demuxer-webm: 4f35f7cbe854078d1ac9338744f61a02 -> 
  custom:container-muxer-webm: aa71ff27fc2769a1b78a27578f13a17b -> 
  custom:video-decoder-webm-vp8: 9c59270c3fd7afecdb556c50c9e8de78 -> 
  custom:AudioImporter_EditorPlatform: d09bf68614088b80899f8185d706f6e7 -> 
  custom:video-encoder-webm-vp8: eb34c28f22e8b96e1ab97ce403110664 -> 
  custom:audio-decoder-ogg-vorbis: bf7c407c2cedff20999df2af8eb42d56 -> 
  custom:audio-encoder-webm-vorbis: bf7c407c2cedff20999df2af8eb42d56 -> 
========================================================================
Received Prepare
Refreshing native plugins compatible for Editor in 4.77 ms, found 4 plugins.
Preloading 0 native plugins for Editor in 0.00 ms.
Unloading 5 Unused Serialized files (Serialized files now loaded: 0)
Unloading 5 unused Assets / (0.6 MB). Loaded Objects now: 6878.
Memory consumption went from 137.5 MB to 136.9 MB.
Total: 5.180900 ms (FindLiveObjects: 1.074200 ms CreateObjectMapping: 0.330500 ms MarkObjects: 3.356800 ms  DeleteObjects: 0.417700 ms)

Prepare: number of updated asset objects reloaded= 0
AssetImportParameters requested are different than current active one (requested -> active):
  custom:container-demuxer-ogg: 62fdf1f143b41e24485cea50d1cbac27 -> 
  custom:video-decoder-ogg-theora: a1e56fd34408186e4bbccfd4996cb3dc -> 
  custom:framework-win-MediaFoundation: 216162199b28c13a410421893ffa2e32 -> 
  custom:CustomObjectIndexerAttribute: a3ef5dd2817f97addfee359851a9dba5 -> 
  custom:container-demuxer-webm: 4f35f7cbe854078d1ac9338744f61a02 -> 
  custom:container-muxer-webm: aa71ff27fc2769a1b78a27578f13a17b -> 
  custom:video-decoder-webm-vp8: 9c59270c3fd7afecdb556c50c9e8de78 -> 
  custom:AudioImporter_EditorPlatform: d09bf68614088b80899f8185d706f6e7 -> 
  custom:video-encoder-webm-vp8: eb34c28f22e8b96e1ab97ce403110664 -> 
  custom:audio-decoder-ogg-vorbis: bf7c407c2cedff20999df2af8eb42d56 -> 
  custom:audio-encoder-webm-vorbis: bf7c407c2cedff20999df2af8eb42d56 -> 
