Using pre-set license
Built from '2022.3/staging' branch; Version is '2022.3.4f1 (35713cd46cd7) revision 3502396'; Using compiler version '192829333'; Build Type 'Release'
OS: 'Windows 10  (10.0.19045) 64bit Professional' Language: 'es' Physical Memory: 16197 MB
BatchMode: 1, IsHumanControllingUs: 0, StartBugReporterOnCrash: 0, Is64bit: 1, IsPro: 1

COMMAND LINE ARGUMENTS:
C:\Program Files\Unity 2022.3.4f1\Editor\Unity.exe
-adb2
-batchMode
-noUpm
-name
AssetImportWorker2
-projectPath
E:/WORKSPACE/git/Tfg_Doom2punto5/Unity/TFG
-logFile
Logs/AssetImportWorker2.log
-srvPort
57389
Successfully changed project path to: E:/WORKSPACE/git/Tfg_Doom2punto5/Unity/TFG
E:/WORKSPACE/git/Tfg_Doom2punto5/Unity/TFG
[UnityMemory] Configuration Parameters - Can be set up in boot.config
    "memorysetup-bucket-allocator-granularity=16"
    "memorysetup-bucket-allocator-bucket-count=8"
    "memorysetup-bucket-allocator-block-size=33554432"
    "memorysetup-bucket-allocator-block-count=8"
    "memorysetup-main-allocator-block-size=16777216"
    "memorysetup-thread-allocator-block-size=16777216"
    "memorysetup-gfx-main-allocator-block-size=16777216"
    "memorysetup-gfx-thread-allocator-block-size=16777216"
    "memorysetup-cache-allocator-block-size=4194304"
    "memorysetup-typetree-allocator-block-size=2097152"
    "memorysetup-profiler-bucket-allocator-granularity=16"
    "memorysetup-profiler-bucket-allocator-bucket-count=8"
    "memorysetup-profiler-bucket-allocator-block-size=33554432"
    "memorysetup-profiler-bucket-allocator-block-count=8"
    "memorysetup-profiler-allocator-block-size=16777216"
    "memorysetup-profiler-editor-allocator-block-size=1048576"
    "memorysetup-temp-allocator-size-main=16777216"
    "memorysetup-job-temp-allocator-block-size=2097152"
    "memorysetup-job-temp-allocator-block-size-background=1048576"
    "memorysetup-job-temp-allocator-reduction-small-platforms=262144"
    "memorysetup-allocator-temp-initial-block-size-main=262144"
    "memorysetup-allocator-temp-initial-block-size-worker=262144"
    "memorysetup-temp-allocator-size-background-worker=32768"
    "memorysetup-temp-allocator-size-job-worker=262144"
    "memorysetup-temp-allocator-size-preload-manager=33554432"
    "memorysetup-temp-allocator-size-nav-mesh-worker=65536"
    "memorysetup-temp-allocator-size-audio-worker=65536"
    "memorysetup-temp-allocator-size-cloud-worker=32768"
    "memorysetup-temp-allocator-size-gi-baking-worker=262144"
    "memorysetup-temp-allocator-size-gfx=262144"
Player connection [20380] Host "[IP] 192.168.1.137 [Port] 0 [Flags] 2 [Guid] 1363712827 [EditorId] 1363712827 [Version] 1048832 [Id] WindowsEditor(7,DESKTOP-8M6VI5E) [Debug] 1 [PackageName] WindowsEditor [ProjectName] Editor" joined multi-casting on [225.0.0.222:54997]...

Player connection [20380] Host "[IP] 192.168.1.137 [Port] 0 [Flags] 2 [Guid] 1363712827 [EditorId] 1363712827 [Version] 1048832 [Id] WindowsEditor(7,DESKTOP-8M6VI5E) [Debug] 1 [PackageName] WindowsEditor [ProjectName] Editor" joined alternative multi-casting on [225.0.0.222:34997]...

Refreshing native plugins compatible for Editor in 10.33 ms, found 4 plugins.
Preloading 0 native plugins for Editor in 0.00 ms.
Initialize engine version: 2022.3.4f1 (35713cd46cd7)
[Subsystems] Discovering subsystems at path C:/Program Files/Unity 2022.3.4f1/Editor/Data/Resources/UnitySubsystems
[Subsystems] Discovering subsystems at path E:/WORKSPACE/git/Tfg_Doom2punto5/Unity/TFG/Assets
GfxDevice: creating device client; threaded=0; jobified=0
Direct3D:
    Version:  Direct3D 11.0 [level 11.1]
    Renderer: NVIDIA GeForce RTX 3070 (ID=0x2488)
    Vendor:   NVIDIA
    VRAM:     8031 MB
    Driver:   31.0.15.3742
Initialize mono
Mono path[0] = 'C:/Program Files/Unity 2022.3.4f1/Editor/Data/Managed'
Mono path[1] = 'C:/Program Files/Unity 2022.3.4f1/Editor/Data/MonoBleedingEdge/lib/mono/unityjit-win32'
Mono config path = 'C:/Program Files/Unity 2022.3.4f1/Editor/Data/MonoBleedingEdge/etc'
Using monoOptions --debugger-agent=transport=dt_socket,embedding=1,server=y,suspend=n,address=127.0.0.1:56052
Begin MonoManager ReloadAssembly
Registering precompiled unity dll's ...
Register platform support module: C:/Program Files/Unity 2022.3.4f1/Editor/Data/PlaybackEngines/WindowsStandaloneSupport/UnityEditor.WindowsStandalone.Extensions.dll
Registered in 0.006164 seconds.
- Loaded All Assemblies, in  0.362 seconds
Native extension for WindowsStandalone target not found
Mono: successfully reloaded assembly
- Finished resetting the current domain, in  0.314 seconds
Domain Reload Profiling: 674ms
	BeginReloadAssembly (100ms)
		ExecutionOrderSort (0ms)
		DisableScriptedObjects (0ms)
		BackupInstance (0ms)
		ReleaseScriptingObjects (0ms)
		CreateAndSetChildDomain (1ms)
	RebuildCommonClasses (38ms)
	RebuildNativeTypeToScriptingClass (12ms)
	initialDomainReloadingComplete (63ms)
	LoadAllAssembliesAndSetupDomain (148ms)
		LoadAssemblies (98ms)
		RebuildTransferFunctionScriptingTraits (0ms)
		AnalyzeDomain (142ms)
			TypeCache.Refresh (141ms)
				TypeCache.ScanAssembly (128ms)
			ScanForSourceGeneratedMonoScriptInfo (0ms)
			ResolveRequiredComponents (1ms)
	FinalizeReload (314ms)
		ReleaseScriptCaches (0ms)
		RebuildScriptCaches (0ms)
		SetupLoadedEditorAssemblies (239ms)
			LogAssemblyErrors (0ms)
			InitializePlatformSupportModulesInManaged (10ms)
			SetLoadedEditorAssemblies (9ms)
			RefreshPlugins (0ms)
			BeforeProcessingInitializeOnLoad (3ms)
			ProcessInitializeOnLoadAttributes (162ms)
			ProcessInitializeOnLoadMethodAttributes (56ms)
			AfterProcessingInitializeOnLoad (0ms)
			EditorAssembliesLoaded (0ms)
		ExecutionOrderSort2 (0ms)
		AwakeInstancesAfterBackupRestoration (0ms)
========================================================================
Worker process is ready to serve import requests
Begin MonoManager ReloadAssembly
Symbol file LoadedFromMemory doesn't match image E:\WORKSPACE\git\Tfg_Doom2punto5\Unity\TFG\Library\PackageCache\com.unity.visualscripting@1.8.0\Editor\VisualScripting.Core\Dependencies\YamlDotNet\Unity.VisualScripting.YamlDotNet.dll
Symbol file LoadedFromMemory doesn't match image E:\WORKSPACE\git\Tfg_Doom2punto5\Unity\TFG\Library\PackageCache\com.unity.visualscripting@1.8.0\Editor\VisualScripting.Core\Dependencies\DotNetZip\Unity.VisualScripting.IonicZip.dll
- Loaded All Assemblies, in  0.992 seconds
Refreshing native plugins compatible for Editor in 6.32 ms, found 4 plugins.
Native extension for WindowsStandalone target not found
Package Manager log level set to [2]
[Package Manager] Server::EnsureServerProcessIsRunning -- launch failed, reason: Unity was launched with the -noUpm command-line argument
[Package Manager] UpmClient::Send -- Unable to send message (not connected to UPM process).
[Package Manager] Cannot connect to Unity Package Manager local server
Mono: successfully reloaded assembly
- Finished resetting the current domain, in  0.907 seconds
Domain Reload Profiling: 1894ms
	BeginReloadAssembly (142ms)
		ExecutionOrderSort (0ms)
		DisableScriptedObjects (6ms)
		BackupInstance (0ms)
		ReleaseScriptingObjects (0ms)
		CreateAndSetChildDomain (21ms)
	RebuildCommonClasses (35ms)
	RebuildNativeTypeToScriptingClass (12ms)
	initialDomainReloadingComplete (48ms)
	LoadAllAssembliesAndSetupDomain (749ms)
		LoadAssemblies (375ms)
		RebuildTransferFunctionScriptingTraits (0ms)
		AnalyzeDomain (441ms)
			TypeCache.Refresh (389ms)
				TypeCache.ScanAssembly (372ms)
			ScanForSourceGeneratedMonoScriptInfo (37ms)
			ResolveRequiredComponents (15ms)
	FinalizeReload (908ms)
		ReleaseScriptCaches (0ms)
		RebuildScriptCaches (0ms)
		SetupLoadedEditorAssemblies (693ms)
			LogAssemblyErrors (0ms)
			InitializePlatformSupportModulesInManaged (7ms)
			SetLoadedEditorAssemblies (5ms)
			RefreshPlugins (0ms)
			BeforeProcessingInitializeOnLoad (103ms)
			ProcessInitializeOnLoadAttributes (468ms)
			ProcessInitializeOnLoadMethodAttributes (101ms)
			AfterProcessingInitializeOnLoad (8ms)
			EditorAssembliesLoaded (0ms)
		ExecutionOrderSort2 (0ms)
		AwakeInstancesAfterBackupRestoration (8ms)
Launched and connected shader compiler UnityShaderCompiler.exe after 0.05 seconds
Refreshing native plugins compatible for Editor in 4.15 ms, found 4 plugins.
Preloading 0 native plugins for Editor in 0.00 ms.
Unloading 6174 Unused Serialized files (Serialized files now loaded: 0)
Unloading 87 unused Assets / (0.7 MB). Loaded Objects now: 6664.
Memory consumption went from 280.5 MB to 279.9 MB.
Total: 4.482200 ms (FindLiveObjects: 0.806300 ms CreateObjectMapping: 0.217400 ms MarkObjects: 3.073900 ms  DeleteObjects: 0.383400 ms)

AssetImportParameters requested are different than current active one (requested -> active):
  custom:container-demuxer-ogg: 62fdf1f143b41e24485cea50d1cbac27 -> 
  custom:video-decoder-ogg-theora: a1e56fd34408186e4bbccfd4996cb3dc -> 
  custom:framework-win-MediaFoundation: 216162199b28c13a410421893ffa2e32 -> 
  custom:CustomObjectIndexerAttribute: a3ef5dd2817f97addfee359851a9dba5 -> 
  custom:container-demuxer-webm: 4f35f7cbe854078d1ac9338744f61a02 -> 
  custom:container-muxer-webm: aa71ff27fc2769a1b78a27578f13a17b -> 
  custom:video-decoder-webm-vp8: 9c59270c3fd7afecdb556c50c9e8de78 -> 
  custom:AudioImporter_EditorPlatform: d09bf68614088b80899f8185d706f6e7 -> 
  custom:video-encoder-webm-vp8: eb34c28f22e8b96e1ab97ce403110664 -> 
  custom:audio-decoder-ogg-vorbis: bf7c407c2cedff20999df2af8eb42d56 -> 
  custom:audio-encoder-webm-vorbis: bf7c407c2cedff20999df2af8eb42d56 -> 
========================================================================
Received Import Request.
  Time since last request: 593823.772437 seconds.
  path: Assets/Prefabs/NPCs/doom-eternal-prowler-toy/source/prowler_toy_LOD0/prowler_toy_LOD0.obj
  artifactKey: Guid(2119c96eec86d344199e064440966b13) Importer(815301076,1909f56bfc062723c751e8b465ee728b)
Start importing Assets/Prefabs/NPCs/doom-eternal-prowler-toy/source/prowler_toy_LOD0/prowler_toy_LOD0.obj using Guid(2119c96eec86d344199e064440966b13) Importer(815301076,1909f56bfc062723c751e8b465ee728b)  -> (artifact id: '2cef93293f4c752740a33b5ce49d8e71') in 0.019232 seconds
Number of updated asset objects reloaded before import = 0
Number of asset objects unloaded after import = 9
========================================================================
Received Import Request.
  Time since last request: 24.026354 seconds.
  path: Assets/Prefabs/NPCs/doom-eternal-prowler-toy/Prowler_Toy/Animations/prowler_toy_LOD0.fbx
  artifactKey: Guid(7c3fd99a87e5a58408392f12d2cd404d) Importer(815301076,1909f56bfc062723c751e8b465ee728b)
Start importing Assets/Prefabs/NPCs/doom-eternal-prowler-toy/Prowler_Toy/Animations/prowler_toy_LOD0.fbx using Guid(7c3fd99a87e5a58408392f12d2cd404d) Importer(815301076,1909f56bfc062723c751e8b465ee728b)  -> (artifact id: '2a55acac5e4c45f85045c6de0c675e9e') in 0.006250 seconds
Number of updated asset objects reloaded before import = 0
Number of asset objects unloaded after import = 58
========================================================================
Received Import Request.
  Time since last request: 229.827631 seconds.
  path: Assets/Prefabs/NPCs/doom-eternal-prowler-toy/Prowler_Toy/Animations/sword and shield attack (2).fbx
  artifactKey: Guid(591ed9b66a5be1345b12a8576eda5d21) Importer(815301076,1909f56bfc062723c751e8b465ee728b)
Start importing Assets/Prefabs/NPCs/doom-eternal-prowler-toy/Prowler_Toy/Animations/sword and shield attack (2).fbx using Guid(591ed9b66a5be1345b12a8576eda5d21) Importer(815301076,1909f56bfc062723c751e8b465ee728b)  -> (artifact id: '1d2c7512138b399e79984c52f6d954b4') in 0.002391 seconds
Number of updated asset objects reloaded before import = 0
Number of asset objects unloaded after import = 54
========================================================================
Received Import Request.
  Time since last request: 12.097972 seconds.
  path: Assets/Prefabs/NPCs/doom-eternal-prowler-toy/Prowler_Toy/Animations/ProwlerAnimator.controller
  artifactKey: Guid(ed0a87e15f666964b93e8070c477cc0c) Importer(815301076,1909f56bfc062723c751e8b465ee728b)
Start importing Assets/Prefabs/NPCs/doom-eternal-prowler-toy/Prowler_Toy/Animations/ProwlerAnimator.controller using Guid(ed0a87e15f666964b93e8070c477cc0c) Importer(815301076,1909f56bfc062723c751e8b465ee728b)  -> (artifact id: 'b273758e72c0fb9c29e7b60e7bdf16de') in 0.001959 seconds
Number of updated asset objects reloaded before import = 0
Number of asset objects unloaded after import = 1
========================================================================
Received Import Request.
  Time since last request: 15.256833 seconds.
  path: Assets/Prefabs/NPCs/doom-eternal-baron-of-hell/BaronOfHell_Toy/baron_toy_LOD0.fbx
  artifactKey: Guid(ed116f1df3320704e8282101887c48f4) Importer(815301076,1909f56bfc062723c751e8b465ee728b)
Start importing Assets/Prefabs/NPCs/doom-eternal-baron-of-hell/BaronOfHell_Toy/baron_toy_LOD0.fbx using Guid(ed116f1df3320704e8282101887c48f4) Importer(815301076,1909f56bfc062723c751e8b465ee728b)  -> (artifact id: '905b3788466f5a43fc4895becda37249') in 0.007387 seconds
Number of updated asset objects reloaded before import = 0
Number of asset objects unloaded after import = 60
========================================================================
Received Import Request.
  Time since last request: 0.000056 seconds.
  path: Assets/Prefabs/MapObjects/BuildingBlockForMap/Models/Prop14.fbx
  artifactKey: Guid(28f72a33498956f49bceed5d9f1feb92) Importer(815301076,1909f56bfc062723c751e8b465ee728b)
Start importing Assets/Prefabs/MapObjects/BuildingBlockForMap/Models/Prop14.fbx using Guid(28f72a33498956f49bceed5d9f1feb92) Importer(815301076,1909f56bfc062723c751e8b465ee728b)  -> (artifact id: '7dd283c35cca30c3f2a92a53e0329faf') in 0.002537 seconds
Number of updated asset objects reloaded before import = 0
Number of asset objects unloaded after import = 9
========================================================================
Received Import Request.
  Time since last request: 0.000015 seconds.
  path: Assets/Prefabs/MapObjects/BuildingBlockForMap/Models/Ground.FBX
  artifactKey: Guid(b7fc97355a3ce144ba50d6ec5071b6a8) Importer(815301076,1909f56bfc062723c751e8b465ee728b)
Start importing Assets/Prefabs/MapObjects/BuildingBlockForMap/Models/Ground.FBX using Guid(b7fc97355a3ce144ba50d6ec5071b6a8) Importer(815301076,1909f56bfc062723c751e8b465ee728b)  -> (artifact id: '73829dd374f8e248496a25eb1f8ef79d') in 0.002884 seconds
Number of updated asset objects reloaded before import = 0
Number of asset objects unloaded after import = 9
========================================================================
Received Import Request.
  Time since last request: 0.000022 seconds.
  path: Assets/Prefabs/NPCs/doom-eternal-imp-toy/Animations/Imp_Skelmesh@Standing Idle.fbx
  artifactKey: Guid(0293977837103ff46beab6cd0b96f473) Importer(815301076,1909f56bfc062723c751e8b465ee728b)
Start importing Assets/Prefabs/NPCs/doom-eternal-imp-toy/Animations/Imp_Skelmesh@Standing Idle.fbx using Guid(0293977837103ff46beab6cd0b96f473) Importer(815301076,1909f56bfc062723c751e8b465ee728b)  -> (artifact id: '03154863b335f699f529166dcc246f5a') in 0.007046 seconds
Number of updated asset objects reloaded before import = 0
Number of asset objects unloaded after import = 65
========================================================================
Received Import Request.
  Time since last request: 0.000018 seconds.
  path: Assets/Prefabs/MapObjects/BuildingBlockForMap/Models/Prop08.fbx
  artifactKey: Guid(e4baa7d1b402f5544ad7d51cf70e4d37) Importer(815301076,1909f56bfc062723c751e8b465ee728b)
Start importing Assets/Prefabs/MapObjects/BuildingBlockForMap/Models/Prop08.fbx using Guid(e4baa7d1b402f5544ad7d51cf70e4d37) Importer(815301076,1909f56bfc062723c751e8b465ee728b)  -> (artifact id: '693850ee5e1f259649c0ad672d026635') in 0.002156 seconds
Number of updated asset objects reloaded before import = 0
Number of asset objects unloaded after import = 8
========================================================================
Received Import Request.
  Time since last request: 0.000019 seconds.
  path: Assets/Prefabs/MapObjects/BuildingBlockForMap/Models/Prop29.fbx
  artifactKey: Guid(72e429a54e7bbc949ba710ff9c85201c) Importer(815301076,1909f56bfc062723c751e8b465ee728b)
Start importing Assets/Prefabs/MapObjects/BuildingBlockForMap/Models/Prop29.fbx using Guid(72e429a54e7bbc949ba710ff9c85201c) Importer(815301076,1909f56bfc062723c751e8b465ee728b)  -> (artifact id: '85ef94d4ece356788f9fdecc34576613') in 0.002094 seconds
Number of updated asset objects reloaded before import = 0
Number of asset objects unloaded after import = 9
========================================================================
Received Import Request.
  Time since last request: 0.000011 seconds.
  path: Assets/Prefabs/MapObjects/BuildingBlockForMap/Models/Prop00.fbx
  artifactKey: Guid(0c1460f661b5dde4ca04cd529cc5b09f) Importer(815301076,1909f56bfc062723c751e8b465ee728b)
Start importing Assets/Prefabs/MapObjects/BuildingBlockForMap/Models/Prop00.fbx using Guid(0c1460f661b5dde4ca04cd529cc5b09f) Importer(815301076,1909f56bfc062723c751e8b465ee728b)  -> (artifact id: '732648f6a9fdb30bf712e90df53cd678') in 0.002381 seconds
Number of updated asset objects reloaded before import = 0
Number of asset objects unloaded after import = 9
========================================================================
Received Import Request.
  Time since last request: 0.000023 seconds.
  path: Assets/Prefabs/NPCs/hellknight-toy/HellKnight_Toy/hellknight_toy_LOD0.fbx
  artifactKey: Guid(841d66fa93cc3c049aa3ae339d20027a) Importer(815301076,1909f56bfc062723c751e8b465ee728b)
Start importing Assets/Prefabs/NPCs/hellknight-toy/HellKnight_Toy/hellknight_toy_LOD0.fbx using Guid(841d66fa93cc3c049aa3ae339d20027a) Importer(815301076,1909f56bfc062723c751e8b465ee728b)  -> (artifact id: 'cc53ab5c753d0de3d010f580c90f451f') in 0.003649 seconds
Number of updated asset objects reloaded before import = 0
Number of asset objects unloaded after import = 60
========================================================================
Received Import Request.
  Time since last request: 0.000013 seconds.
  path: Assets/Prefabs/MapObjects/BuildingBlockForMap/Models/Prop24.fbx
  artifactKey: Guid(694f2bf225ddcb84ba4b80d44231484f) Importer(815301076,1909f56bfc062723c751e8b465ee728b)
Start importing Assets/Prefabs/MapObjects/BuildingBlockForMap/Models/Prop24.fbx using Guid(694f2bf225ddcb84ba4b80d44231484f) Importer(815301076,1909f56bfc062723c751e8b465ee728b)  -> (artifact id: '72765cdd31465858321969a453d1f887') in 0.001970 seconds
Number of updated asset objects reloaded before import = 0
Number of asset objects unloaded after import = 9
========================================================================
Received Import Request.
  Time since last request: 0.000053 seconds.
  path: Assets/Prefabs/MapObjects/BuildingBlockForMap/Models/Prop19.fbx
  artifactKey: Guid(ad6b054252cf16d448a5820f48b9e330) Importer(815301076,1909f56bfc062723c751e8b465ee728b)
Start importing Assets/Prefabs/MapObjects/BuildingBlockForMap/Models/Prop19.fbx using Guid(ad6b054252cf16d448a5820f48b9e330) Importer(815301076,1909f56bfc062723c751e8b465ee728b)  -> (artifact id: 'd115dc9d0b41fb346ccfd322ee290541') in 0.002329 seconds
Number of updated asset objects reloaded before import = 0
Number of asset objects unloaded after import = 9
========================================================================
Received Import Request.
  Time since last request: 0.000019 seconds.
  path: Assets/Prefabs/MapObjects/BuildingBlockForMap/Models/Prop03.fbx
  artifactKey: Guid(daa3dc7dda22df34fb8724db5d9d28d6) Importer(815301076,1909f56bfc062723c751e8b465ee728b)
Start importing Assets/Prefabs/MapObjects/BuildingBlockForMap/Models/Prop03.fbx using Guid(daa3dc7dda22df34fb8724db5d9d28d6) Importer(815301076,1909f56bfc062723c751e8b465ee728b)  -> (artifact id: '227b4e03ecb0e7808a6bcb815a0330f8') in 0.002265 seconds
Number of updated asset objects reloaded before import = 0
Number of asset objects unloaded after import = 9
========================================================================
Received Import Request.
  Time since last request: 0.000011 seconds.
  path: Assets/Prefabs/MapObjects/BuildingBlockForMap/Models/Rock02.fbx
  artifactKey: Guid(57c8a24bf0ddaf94882cddf3f4864297) Importer(815301076,1909f56bfc062723c751e8b465ee728b)
Start importing Assets/Prefabs/MapObjects/BuildingBlockForMap/Models/Rock02.fbx using Guid(57c8a24bf0ddaf94882cddf3f4864297) Importer(815301076,1909f56bfc062723c751e8b465ee728b)  -> (artifact id: '2fdd22131915569c28235ff2f244d45f') in 0.001463 seconds
Number of updated asset objects reloaded before import = 0
Number of asset objects unloaded after import = 8
========================================================================
Received Import Request.
  Time since last request: 0.000023 seconds.
  path: Assets/Prefabs/NPCs/doom-eternal-imp-toy/Animations/Imp_Skelmesh@Standing React Small From Left.fbx
  artifactKey: Guid(ac3c930d5d8e4044e8165d6649275679) Importer(815301076,1909f56bfc062723c751e8b465ee728b)
Start importing Assets/Prefabs/NPCs/doom-eternal-imp-toy/Animations/Imp_Skelmesh@Standing React Small From Left.fbx using Guid(ac3c930d5d8e4044e8165d6649275679) Importer(815301076,1909f56bfc062723c751e8b465ee728b)  -> (artifact id: '4b6ffc2d08c9ba9fc6dccb4d7869518e') in 0.003217 seconds
Number of updated asset objects reloaded before import = 0
Number of asset objects unloaded after import = 65
========================================================================
Received Import Request.
  Time since last request: 0.000010 seconds.
  path: Assets/Prefabs/MapObjects/BuildingBlockForMap/Models/Rock01.fbx
  artifactKey: Guid(7f1ed261f1dc06746ad82d583bd5c736) Importer(815301076,1909f56bfc062723c751e8b465ee728b)
Start importing Assets/Prefabs/MapObjects/BuildingBlockForMap/Models/Rock01.fbx using Guid(7f1ed261f1dc06746ad82d583bd5c736) Importer(815301076,1909f56bfc062723c751e8b465ee728b)  -> (artifact id: '3905b42465312ab2b5601782d5f33e17') in 0.001391 seconds
Number of updated asset objects reloaded before import = 0
Number of asset objects unloaded after import = 8
========================================================================
Received Import Request.
  Time since last request: 0.000015 seconds.
  path: Assets/Prefabs/NPCs/doom-eternal-imp-toy/Animations/Imp_Skelmesh@Standing React Death Right.fbx
  artifactKey: Guid(5016cb02ada13294bacdf440810251e5) Importer(815301076,1909f56bfc062723c751e8b465ee728b)
Start importing Assets/Prefabs/NPCs/doom-eternal-imp-toy/Animations/Imp_Skelmesh@Standing React Death Right.fbx using Guid(5016cb02ada13294bacdf440810251e5) Importer(815301076,1909f56bfc062723c751e8b465ee728b)  -> (artifact id: 'edd5fdb711513af96a863b2f959b0c74') in 0.003936 seconds
Number of updated asset objects reloaded before import = 0
Number of asset objects unloaded after import = 65
========================================================================
Received Import Request.
  Time since last request: 0.000012 seconds.
  path: Assets/Prefabs/NPCs/doom-eternal-imp-toy/Animations/Imp_Skelmesh@Standing React Death Forward.fbx
  artifactKey: Guid(6be811fdb0bf9f742bd0662ccbf8c1d2) Importer(815301076,1909f56bfc062723c751e8b465ee728b)
Start importing Assets/Prefabs/NPCs/doom-eternal-imp-toy/Animations/Imp_Skelmesh@Standing React Death Forward.fbx using Guid(6be811fdb0bf9f742bd0662ccbf8c1d2) Importer(815301076,1909f56bfc062723c751e8b465ee728b)  -> (artifact id: 'be41f4438773361c7d1356b3e9d0362a') in 0.003836 seconds
Number of updated asset objects reloaded before import = 0
Number of asset objects unloaded after import = 65
========================================================================
Received Import Request.
  Time since last request: 0.000017 seconds.
  path: Assets/Prefabs/MapObjects/BuildingBlockForMap/Models/Prop32.fbx
  artifactKey: Guid(78dd7a2de1b81e54a839f1b134a52bf8) Importer(815301076,1909f56bfc062723c751e8b465ee728b)
Start importing Assets/Prefabs/MapObjects/BuildingBlockForMap/Models/Prop32.fbx using Guid(78dd7a2de1b81e54a839f1b134a52bf8) Importer(815301076,1909f56bfc062723c751e8b465ee728b)  -> (artifact id: '087a00f6ddfd9e5b2507f6f559b947cb') in 0.002399 seconds
Number of updated asset objects reloaded before import = 0
Number of asset objects unloaded after import = 9
========================================================================
Received Import Request.
  Time since last request: 0.000015 seconds.
  path: Assets/ElCoco/OToon- URP Toon Shading/Demo(Can't be delete)/Plugins/Robot Kyle/Model/Idle Rig.fbx
  artifactKey: Guid(64eaf7b3fb3edff4fbdae1d82d79e869) Importer(815301076,1909f56bfc062723c751e8b465ee728b)
Start importing Assets/ElCoco/OToon- URP Toon Shading/Demo(Can't be delete)/Plugins/Robot Kyle/Model/Idle Rig.fbx using Guid(64eaf7b3fb3edff4fbdae1d82d79e869) Importer(815301076,1909f56bfc062723c751e8b465ee728b)  -> (artifact id: '539afe62f60f9f32eefec785ff9c0d10') in 0.003356 seconds
Number of updated asset objects reloaded before import = 0
Number of asset objects unloaded after import = 104
========================================================================
Received Import Request.
  Time since last request: 0.000014 seconds.
  path: Assets/Prefabs/MapObjects/BuildingBlockForMap/Models/Prop23.fbx
  artifactKey: Guid(4aa611d6dd3420b4689c1604774fad83) Importer(815301076,1909f56bfc062723c751e8b465ee728b)
Start importing Assets/Prefabs/MapObjects/BuildingBlockForMap/Models/Prop23.fbx using Guid(4aa611d6dd3420b4689c1604774fad83) Importer(815301076,1909f56bfc062723c751e8b465ee728b)  -> (artifact id: '4b96c415450306d4fd6b7a3c33ab81a2') in 0.002097 seconds
Number of updated asset objects reloaded before import = 0
Number of asset objects unloaded after import = 9
========================================================================
Received Import Request.
  Time since last request: 0.000017 seconds.
  path: Assets/Prefabs/MapObjects/BuildingBlockForMap/Models/Prop16.fbx
  artifactKey: Guid(8520def4b9ed36a4696e89949d2984d8) Importer(815301076,1909f56bfc062723c751e8b465ee728b)
Start importing Assets/Prefabs/MapObjects/BuildingBlockForMap/Models/Prop16.fbx using Guid(8520def4b9ed36a4696e89949d2984d8) Importer(815301076,1909f56bfc062723c751e8b465ee728b)  -> (artifact id: '0f5a17afb66496f87cf0b93c505740a6') in 0.001468 seconds
Number of updated asset objects reloaded before import = 0
Number of asset objects unloaded after import = 9
========================================================================
Received Import Request.
  Time since last request: 0.000015 seconds.
  path: Assets/Prefabs/NPCs/doom-eternal-icon-of-sin-toy/IconOfSin_Toy/iconofsin_toy_LOD0.fbx
  artifactKey: Guid(6f73f0500ad82074489437072bbb6d86) Importer(815301076,1909f56bfc062723c751e8b465ee728b)
Start importing Assets/Prefabs/NPCs/doom-eternal-icon-of-sin-toy/IconOfSin_Toy/iconofsin_toy_LOD0.fbx using Guid(6f73f0500ad82074489437072bbb6d86) Importer(815301076,1909f56bfc062723c751e8b465ee728b)  -> (artifact id: '0e93f95b404a9a034dbf5c8072eb7e6e') in 0.002975 seconds
Number of updated asset objects reloaded before import = 0
Number of asset objects unloaded after import = 60
========================================================================
Received Import Request.
  Time since last request: 0.000016 seconds.
  path: Assets/Prefabs/Player/Objetos/Weapons/Resources/Zz_Recursos Armas/BalaEscopeta/Meshes/Bullet5.FBX
  artifactKey: Guid(3ea76e574d0118b4aab293180faf9ef1) Importer(815301076,1909f56bfc062723c751e8b465ee728b)
Start importing Assets/Prefabs/Player/Objetos/Weapons/Resources/Zz_Recursos Armas/BalaEscopeta/Meshes/Bullet5.FBX using Guid(3ea76e574d0118b4aab293180faf9ef1) Importer(815301076,1909f56bfc062723c751e8b465ee728b)  -> (artifact id: '428c0c5f1e6d260f9aab0a17b9a666f3') in 0.002084 seconds
Number of updated asset objects reloaded before import = 0
Number of asset objects unloaded after import = 11
========================================================================
Received Import Request.
  Time since last request: 0.000017 seconds.
  path: Assets/Prefabs/MapObjects/BuildingBlockForMap/Models/Prop31.fbx
  artifactKey: Guid(53046945f30d3af4091aa9788143ce63) Importer(815301076,1909f56bfc062723c751e8b465ee728b)
Start importing Assets/Prefabs/MapObjects/BuildingBlockForMap/Models/Prop31.fbx using Guid(53046945f30d3af4091aa9788143ce63) Importer(815301076,1909f56bfc062723c751e8b465ee728b)  -> (artifact id: '0ffd08780ee68460715790521d4f7bb2') in 0.001939 seconds
Number of updated asset objects reloaded before import = 0
Number of asset objects unloaded after import = 9
========================================================================
Received Import Request.
  Time since last request: 0.000017 seconds.
  path: Assets/ElCoco/OToon- URP Toon Shading/Demo(Can't be delete)/Plugins/Robot Kyle/Model/Robot Kyle.fbx
  artifactKey: Guid(320b1c2af77554f99a1658df4a6d3d5c) Importer(815301076,1909f56bfc062723c751e8b465ee728b)
Start importing Assets/ElCoco/OToon- URP Toon Shading/Demo(Can't be delete)/Plugins/Robot Kyle/Model/Robot Kyle.fbx using Guid(320b1c2af77554f99a1658df4a6d3d5c) Importer(815301076,1909f56bfc062723c751e8b465ee728b)  -> (artifact id: 'e63f9ec639c4d8772c8fab102af4ba8a') in 0.002703 seconds
Number of updated asset objects reloaded before import = 0
Number of asset objects unloaded after import = 107
========================================================================
Received Import Request.
  Time since last request: 0.000018 seconds.
  path: Assets/Prefabs/MapObjects/BuildingBlockForMap/Models/Prop01.fbx
  artifactKey: Guid(2373b92dd387ce44ab313f8cd8265aee) Importer(815301076,1909f56bfc062723c751e8b465ee728b)
Start importing Assets/Prefabs/MapObjects/BuildingBlockForMap/Models/Prop01.fbx using Guid(2373b92dd387ce44ab313f8cd8265aee) Importer(815301076,1909f56bfc062723c751e8b465ee728b)  -> (artifact id: 'a6d122f8749cbf185fe46ab7ea984c9a') in 0.001753 seconds
Number of updated asset objects reloaded before import = 0
Number of asset objects unloaded after import = 9
========================================================================
Received Import Request.
  Time since last request: 0.000026 seconds.
  path: Assets/Prefabs/MapObjects/BuildingBlockForMap/Models/Prop30.fbx
  artifactKey: Guid(c10d861755ba9dd4a86f343a812687d5) Importer(815301076,1909f56bfc062723c751e8b465ee728b)
Start importing Assets/Prefabs/MapObjects/BuildingBlockForMap/Models/Prop30.fbx using Guid(c10d861755ba9dd4a86f343a812687d5) Importer(815301076,1909f56bfc062723c751e8b465ee728b)  -> (artifact id: 'e173883b5feb3afad8d97a47dea10e55') in 0.002198 seconds
Number of updated asset objects reloaded before import = 0
Number of asset objects unloaded after import = 9
========================================================================
Received Import Request.
  Time since last request: 0.000012 seconds.
  path: Assets/Prefabs/MapObjects/BuildingBlockForMap/Models/Prop07.fbx
  artifactKey: Guid(f62cd6b85bcc0b947a40d29e06f654cf) Importer(815301076,1909f56bfc062723c751e8b465ee728b)
Start importing Assets/Prefabs/MapObjects/BuildingBlockForMap/Models/Prop07.fbx using Guid(f62cd6b85bcc0b947a40d29e06f654cf) Importer(815301076,1909f56bfc062723c751e8b465ee728b)  -> (artifact id: '2bf73e6e27b6782f3da08efdcafd98a1') in 0.002276 seconds
Number of updated asset objects reloaded before import = 0
Number of asset objects unloaded after import = 8
========================================================================
Received Import Request.
  Time since last request: 0.000023 seconds.
  path: Assets/Prefabs/MapObjects/BuildingBlockForMap/Models/Prop17.fbx
  artifactKey: Guid(b7f562e53d3f3d447b06b37409dd4b5d) Importer(815301076,1909f56bfc062723c751e8b465ee728b)
Start importing Assets/Prefabs/MapObjects/BuildingBlockForMap/Models/Prop17.fbx using Guid(b7f562e53d3f3d447b06b37409dd4b5d) Importer(815301076,1909f56bfc062723c751e8b465ee728b)  -> (artifact id: '79995bd19f33e0d74178fa6d2f97c2ac') in 0.002207 seconds
Number of updated asset objects reloaded before import = 0
Number of asset objects unloaded after import = 9
========================================================================
Received Import Request.
  Time since last request: 0.000013 seconds.
  path: Assets/ElCoco/OToon- URP Toon Shading/Demo(Can't be delete)/Models/Female Standing Pose.fbx
  artifactKey: Guid(269d73b18153bf44c9dbe67c6c9691dc) Importer(815301076,1909f56bfc062723c751e8b465ee728b)
Start importing Assets/ElCoco/OToon- URP Toon Shading/Demo(Can't be delete)/Models/Female Standing Pose.fbx using Guid(269d73b18153bf44c9dbe67c6c9691dc) Importer(815301076,1909f56bfc062723c751e8b465ee728b)  -> (artifact id: 'e934eb92f754694be50e13dc213fca23') in 0.003600 seconds
Number of updated asset objects reloaded before import = 0
Number of asset objects unloaded after import = 136
========================================================================
Received Import Request.
  Time since last request: 0.000010 seconds.
  path: Assets/Prefabs/MapObjects/BuildingBlockForMap/Models/Ground2.FBX
  artifactKey: Guid(dfb3e8448b019694b972a5d0f88ff791) Importer(815301076,1909f56bfc062723c751e8b465ee728b)
Start importing Assets/Prefabs/MapObjects/BuildingBlockForMap/Models/Ground2.FBX using Guid(dfb3e8448b019694b972a5d0f88ff791) Importer(815301076,1909f56bfc062723c751e8b465ee728b)  -> (artifact id: '0be4e34155452ffac2d0d67302b51e94') in 0.001747 seconds
Number of updated asset objects reloaded before import = 0
Number of asset objects unloaded after import = 8
========================================================================
Received Import Request.
  Time since last request: 0.000015 seconds.
  path: Assets/Prefabs/NPCs/doom-eternal-imp-toy/Animations/Imp_Skelmesh@Standing 1H Magic Attack 01.fbx
  artifactKey: Guid(a7f54b208cc1b63408ad046ccd9365b9) Importer(815301076,1909f56bfc062723c751e8b465ee728b)
Start importing Assets/Prefabs/NPCs/doom-eternal-imp-toy/Animations/Imp_Skelmesh@Standing 1H Magic Attack 01.fbx using Guid(a7f54b208cc1b63408ad046ccd9365b9) Importer(815301076,1909f56bfc062723c751e8b465ee728b)  -> (artifact id: 'bdb8a6afc58852b28974b3c0fcc2685a') in 0.003880 seconds
Number of updated asset objects reloaded before import = 0
Number of asset objects unloaded after import = 65
Editor requested this worker to shutdown with reason: Scaling down because of idle timeout
TcpMessagingSession - receive error: operation aborted. errorcode: 995, details: La operación de E/S se anuló por una salida de subproceso o por una solicitud de aplicación.
AssetImportWorker is now disconnected from the server
Process exiting
Exiting without the bug reporter. Application will terminate with return code 0